<?xml version="1.0" encoding="UTF-8"?>
<!-- Generated by org.testng.reporters.JUnitXMLReporter -->
<testsuite hostname="DESKTOP-NQRRDTM" ignored="1" name="Web Tests" tests="4" failures="0" timestamp="27 Tem 2020 07:38:48 GMT" time="293.052" errors="0">
  <testcase name="TC_047_Surus_Bitirme_Basarili" time="58.3" classname="tests.Surus"/>
  <testcase name="TC_049_Versiyon_Kontrol" time="24.866" classname="tests.Menu"/>
  <testcase name="TC_050_Profil_Duzenleme" time="30.867" classname="tests.Menu"/>
  <testcase name="TC_051_Arkadasini_Davet_Et" time="34.206" classname="tests.Menu"/>
  <testcase name="@BeforeSuite beforeSuite" time="0.0" classname="utilities.TestBase">
    <ignored/>
  </testcase> <!-- @BeforeSuite beforeSuite -->
</testsuite> <!-- Web Tests -->
