<?xml version="1.0" encoding="UTF-8"?>
<testng-results skipped="0" failed="0" ignored="1" total="5" passed="4">
  <reporter-output>
  </reporter-output>
  <suite name="Web Suite" duration-ms="293052" started-at="2020-07-27T07:33:55Z" finished-at="2020-07-27T07:38:48Z">
    <groups>
    </groups>
    <test name="Web Tests" duration-ms="293052" started-at="2020-07-27T07:33:55Z" finished-at="2020-07-27T07:38:48Z">
      <class name="tests.Surus">
        <test-method status="PASS" signature="beforeSuite()[pri:0, instance:tests.Surus@27d5a580]" name="beforeSuite" is-config="true" duration-ms="9" started-at="2020-07-27T07:33:55Z" finished-at="2020-07-27T07:33:55Z">
          <reporter-output>
          </reporter-output>
        </test-method> <!-- beforeSuite -->
        <test-method status="PASS" signature="setUp(java.lang.reflect.Method)[pri:0, instance:tests.Surus@27d5a580]" name="setUp" is-config="true" duration-ms="36230" started-at="2020-07-27T07:33:55Z" finished-at="2020-07-27T07:34:31Z">
          <params>
            <param index="0">
              <value>
                <![CDATA[public void tests.Surus.TC_047_Surus_Bitirme_Basarili()]]>
              </value>
            </param>
          </params>
          <reporter-output>
          </reporter-output>
        </test-method> <!-- setUp -->
        <test-method status="PASS" signature="TC_047_Surus_Bitirme_Basarili()[pri:47, instance:tests.Surus@27d5a580]" name="TC_047_Surus_Bitirme_Basarili" duration-ms="58300" started-at="2020-07-27T07:34:31Z" finished-at="2020-07-27T07:35:29Z">
          <reporter-output>
          </reporter-output>
        </test-method> <!-- TC_047_Surus_Bitirme_Basarili -->
        <test-method status="PASS" signature="tearDown(org.testng.ITestResult)[pri:0, instance:tests.Surus@27d5a580]" name="tearDown" is-config="true" duration-ms="317" started-at="2020-07-27T07:35:29Z" finished-at="2020-07-27T07:35:30Z">
          <params>
            <param index="0">
              <value>
                <![CDATA[[TestResult name=TC_047_Surus_Bitirme_Basarili status=SUCCESS method=Surus.TC_047_Surus_Bitirme_Basarili()[pri:47, instance:tests.Surus@27d5a580] output={null}]]]>
              </value>
            </param>
          </params>
          <reporter-output>
          </reporter-output>
        </test-method> <!-- tearDown -->
      </class> <!-- tests.Surus -->
      <class name="tests.Menu">
        <test-method status="PASS" signature="setUp(java.lang.reflect.Method)[pri:0, instance:tests.Menu@198d6542]" name="setUp" is-config="true" duration-ms="36147" started-at="2020-07-27T07:35:30Z" finished-at="2020-07-27T07:36:06Z">
          <params>
            <param index="0">
              <value>
                <![CDATA[public void tests.Menu.TC_049_Versiyon_Kontrol()]]>
              </value>
            </param>
          </params>
          <reporter-output>
          </reporter-output>
        </test-method> <!-- setUp -->
        <test-method status="PASS" signature="TC_049_Versiyon_Kontrol()[pri:49, instance:tests.Menu@198d6542]" name="TC_049_Versiyon_Kontrol" duration-ms="24866" started-at="2020-07-27T07:36:06Z" finished-at="2020-07-27T07:36:31Z">
          <reporter-output>
          </reporter-output>
        </test-method> <!-- TC_049_Versiyon_Kontrol -->
        <test-method status="PASS" signature="tearDown(org.testng.ITestResult)[pri:0, instance:tests.Menu@198d6542]" name="tearDown" is-config="true" duration-ms="318" started-at="2020-07-27T07:36:31Z" finished-at="2020-07-27T07:36:31Z">
          <params>
            <param index="0">
              <value>
                <![CDATA[[TestResult name=TC_049_Versiyon_Kontrol status=SUCCESS method=Menu.TC_049_Versiyon_Kontrol()[pri:49, instance:tests.Menu@198d6542] output={null}]]]>
              </value>
            </param>
          </params>
          <reporter-output>
          </reporter-output>
        </test-method> <!-- tearDown -->
        <test-method status="PASS" signature="setUp(java.lang.reflect.Method)[pri:0, instance:tests.Menu@198d6542]" name="setUp" is-config="true" duration-ms="35457" started-at="2020-07-27T07:36:31Z" finished-at="2020-07-27T07:37:06Z">
          <params>
            <param index="0">
              <value>
                <![CDATA[public void tests.Menu.TC_050_Profil_Duzenleme()]]>
              </value>
            </param>
          </params>
          <reporter-output>
          </reporter-output>
        </test-method> <!-- setUp -->
        <test-method status="PASS" signature="TC_050_Profil_Duzenleme()[pri:50, instance:tests.Menu@198d6542]" name="TC_050_Profil_Duzenleme" duration-ms="30867" started-at="2020-07-27T07:37:06Z" finished-at="2020-07-27T07:37:37Z">
          <reporter-output>
          </reporter-output>
        </test-method> <!-- TC_050_Profil_Duzenleme -->
        <test-method status="PASS" signature="tearDown(org.testng.ITestResult)[pri:0, instance:tests.Menu@198d6542]" name="tearDown" is-config="true" duration-ms="342" started-at="2020-07-27T07:37:37Z" finished-at="2020-07-27T07:37:38Z">
          <params>
            <param index="0">
              <value>
                <![CDATA[[TestResult name=TC_050_Profil_Duzenleme status=SUCCESS method=Menu.TC_050_Profil_Duzenleme()[pri:50, instance:tests.Menu@198d6542] output={null}]]]>
              </value>
            </param>
          </params>
          <reporter-output>
          </reporter-output>
        </test-method> <!-- tearDown -->
        <test-method status="PASS" signature="setUp(java.lang.reflect.Method)[pri:0, instance:tests.Menu@198d6542]" name="setUp" is-config="true" duration-ms="35708" started-at="2020-07-27T07:37:38Z" finished-at="2020-07-27T07:38:13Z">
          <params>
            <param index="0">
              <value>
                <![CDATA[public void tests.Menu.TC_051_Arkadasini_Davet_Et()]]>
              </value>
            </param>
          </params>
          <reporter-output>
          </reporter-output>
        </test-method> <!-- setUp -->
        <test-method status="PASS" signature="TC_051_Arkadasini_Davet_Et()[pri:51, instance:tests.Menu@198d6542]" name="TC_051_Arkadasini_Davet_Et" duration-ms="34206" started-at="2020-07-27T07:38:13Z" finished-at="2020-07-27T07:38:47Z">
          <reporter-output>
          </reporter-output>
        </test-method> <!-- TC_051_Arkadasini_Davet_Et -->
        <test-method status="PASS" signature="tearDown(org.testng.ITestResult)[pri:0, instance:tests.Menu@198d6542]" name="tearDown" is-config="true" duration-ms="272" started-at="2020-07-27T07:38:48Z" finished-at="2020-07-27T07:38:48Z">
          <params>
            <param index="0">
              <value>
                <![CDATA[[TestResult name=TC_051_Arkadasini_Davet_Et status=SUCCESS method=Menu.TC_051_Arkadasini_Davet_Et()[pri:51, instance:tests.Menu@198d6542] output={null}]]]>
              </value>
            </param>
          </params>
          <reporter-output>
          </reporter-output>
        </test-method> <!-- tearDown -->
      </class> <!-- tests.Menu -->
    </test> <!-- Web Tests -->
  </suite> <!-- Web Suite -->
</testng-results>
