<?xml version="1.0" encoding="UTF-8"?>
<testng-results skipped="12" failed="12" ignored="10" total="95" passed="61">
  <reporter-output>
  </reporter-output>
  <suite name="Web Suite" duration-ms="3715725" started-at="2020-11-09T08:27:08Z" finished-at="2020-11-09T09:29:04Z">
    <groups>
    </groups>
    <test name="Web Tests" duration-ms="3715725" started-at="2020-11-09T08:27:08Z" finished-at="2020-11-09T09:29:04Z">
      <class name="tests.android.ride.Menu">
        <test-method status="PASS" signature="beforeClass()[pri:0, instance:tests.android.ride.Menu@2d3379b4]" name="beforeClass" is-config="true" duration-ms="645" started-at="2020-11-09T09:02:26Z" finished-at="2020-11-09T09:02:26Z">
          <reporter-output>
          </reporter-output>
        </test-method> <!-- beforeClass -->
        <test-method status="PASS" signature="setUp(java.lang.reflect.Method)[pri:0, instance:tests.android.ride.Menu@2d3379b4]" name="setUp" is-config="true" duration-ms="8301" started-at="2020-11-09T09:02:26Z" finished-at="2020-11-09T09:02:35Z">
          <params>
            <param index="0">
              <value>
                <![CDATA[public void tests.android.ride.Menu.TC_069_Versiyon_Kontrol()]]>
              </value>
            </param>
          </params>
          <reporter-output>
          </reporter-output>
        </test-method> <!-- setUp -->
        <test-method status="FAIL" signature="TC_069_Versiyon_Kontrol()[pri:69, instance:tests.android.ride.Menu@2d3379b4]" name="TC_069_Versiyon_Kontrol" duration-ms="26022" started-at="2020-11-09T09:02:35Z" finished-at="2020-11-09T09:03:01Z">
          <exception class="java.lang.AssertionError">
            <message>
              <![CDATA[expected [Martı v1.5.8-dev] but found [Martı v1.5.9-dev]]]>
            </message>
            <full-stacktrace>
              <![CDATA[java.lang.AssertionError: expected [Martı v1.5.8-dev] but found [Martı v1.5.9-dev]
at org.testng.Assert.fail(Assert.java:96)
at org.testng.Assert.failNotEquals(Assert.java:776)
at org.testng.Assert.assertEqualsImpl(Assert.java:137)
at org.testng.Assert.assertEquals(Assert.java:118)
at org.testng.Assert.assertEquals(Assert.java:453)
at org.testng.Assert.assertEquals(Assert.java:463)
at utilities.PageBaseAndroid.assertEquals(PageBaseAndroid.java:300)
at pages.android.ride.pageMenu.Versiyon_Kontrol(pageMenu.java:87)
at tests.android.ride.Menu.TC_069_Versiyon_Kontrol(Menu.java:50)
at sun.reflect.NativeMethodAccessorImpl.invoke0(Native Method)
at sun.reflect.NativeMethodAccessorImpl.invoke(Unknown Source)
at sun.reflect.DelegatingMethodAccessorImpl.invoke(Unknown Source)
at java.lang.reflect.Method.invoke(Unknown Source)
at org.testng.internal.MethodInvocationHelper.invokeMethod(MethodInvocationHelper.java:124)
at org.testng.internal.Invoker.invokeMethod(Invoker.java:583)
at org.testng.internal.Invoker.invokeTestMethod(Invoker.java:719)
at org.testng.internal.Invoker.invokeTestMethods(Invoker.java:989)
at org.testng.internal.TestMethodWorker.invokeTestMethods(TestMethodWorker.java:125)
at org.testng.internal.TestMethodWorker.run(TestMethodWorker.java:109)
at java.util.concurrent.ThreadPoolExecutor.runWorker(Unknown Source)
at java.util.concurrent.ThreadPoolExecutor$Worker.run(Unknown Source)
at java.lang.Thread.run(Unknown Source)
]]>
            </full-stacktrace>
          </exception> <!-- java.lang.AssertionError -->
          <reporter-output>
          </reporter-output>
        </test-method> <!-- TC_069_Versiyon_Kontrol -->
        <test-method status="PASS" signature="tearDown(org.testng.ITestResult)[pri:0, instance:tests.android.ride.Menu@2d3379b4]" name="tearDown" is-config="true" duration-ms="816" started-at="2020-11-09T09:03:01Z" finished-at="2020-11-09T09:03:02Z">
          <params>
            <param index="0">
              <value>
                <![CDATA[[TestResult name=TC_069_Versiyon_Kontrol status=FAILURE method=Menu.TC_069_Versiyon_Kontrol()[pri:69, instance:tests.android.ride.Menu@2d3379b4] output={null}]]]>
              </value>
            </param>
          </params>
          <reporter-output>
          </reporter-output>
        </test-method> <!-- tearDown -->
        <test-method status="PASS" signature="setUp(java.lang.reflect.Method)[pri:0, instance:tests.android.ride.Menu@2d3379b4]" name="setUp" is-config="true" duration-ms="8458" started-at="2020-11-09T09:03:02Z" finished-at="2020-11-09T09:03:10Z">
          <params>
            <param index="0">
              <value>
                <![CDATA[public void tests.android.ride.Menu.TC_070_Profil_Duzenleme()]]>
              </value>
            </param>
          </params>
          <reporter-output>
          </reporter-output>
        </test-method> <!-- setUp -->
        <test-method status="PASS" signature="TC_070_Profil_Duzenleme()[pri:70, instance:tests.android.ride.Menu@2d3379b4]" name="TC_070_Profil_Duzenleme" duration-ms="30348" started-at="2020-11-09T09:03:10Z" finished-at="2020-11-09T09:03:40Z">
          <reporter-output>
          </reporter-output>
        </test-method> <!-- TC_070_Profil_Duzenleme -->
        <test-method status="PASS" signature="tearDown(org.testng.ITestResult)[pri:0, instance:tests.android.ride.Menu@2d3379b4]" name="tearDown" is-config="true" duration-ms="403" started-at="2020-11-09T09:03:40Z" finished-at="2020-11-09T09:03:41Z">
          <params>
            <param index="0">
              <value>
                <![CDATA[[TestResult name=TC_070_Profil_Duzenleme status=SUCCESS method=Menu.TC_070_Profil_Duzenleme()[pri:70, instance:tests.android.ride.Menu@2d3379b4] output={null}]]]>
              </value>
            </param>
          </params>
          <reporter-output>
          </reporter-output>
        </test-method> <!-- tearDown -->
        <test-method status="PASS" signature="setUp(java.lang.reflect.Method)[pri:0, instance:tests.android.ride.Menu@2d3379b4]" name="setUp" is-config="true" duration-ms="8546" started-at="2020-11-09T09:03:41Z" finished-at="2020-11-09T09:03:49Z">
          <params>
            <param index="0">
              <value>
                <![CDATA[public void tests.android.ride.Menu.TC_071_Cuzdana_Bakiye_Yukleme()]]>
              </value>
            </param>
          </params>
          <reporter-output>
          </reporter-output>
        </test-method> <!-- setUp -->
        <test-method status="PASS" signature="TC_071_Cuzdana_Bakiye_Yukleme()[pri:71, instance:tests.android.ride.Menu@2d3379b4]" name="TC_071_Cuzdana_Bakiye_Yukleme" duration-ms="23209" started-at="2020-11-09T09:03:49Z" finished-at="2020-11-09T09:04:13Z">
          <reporter-output>
          </reporter-output>
        </test-method> <!-- TC_071_Cuzdana_Bakiye_Yukleme -->
        <test-method status="PASS" signature="tearDown(org.testng.ITestResult)[pri:0, instance:tests.android.ride.Menu@2d3379b4]" name="tearDown" is-config="true" duration-ms="642" started-at="2020-11-09T09:04:13Z" finished-at="2020-11-09T09:04:13Z">
          <params>
            <param index="0">
              <value>
                <![CDATA[[TestResult name=TC_071_Cuzdana_Bakiye_Yukleme status=SUCCESS method=Menu.TC_071_Cuzdana_Bakiye_Yukleme()[pri:71, instance:tests.android.ride.Menu@2d3379b4] output={null}]]]>
              </value>
            </param>
          </params>
          <reporter-output>
          </reporter-output>
        </test-method> <!-- tearDown -->
        <test-method status="PASS" signature="setUp(java.lang.reflect.Method)[pri:0, instance:tests.android.ride.Menu@2d3379b4]" name="setUp" is-config="true" duration-ms="8940" started-at="2020-11-09T09:04:13Z" finished-at="2020-11-09T09:04:22Z">
          <params>
            <param index="0">
              <value>
                <![CDATA[public void tests.android.ride.Menu.TC_072_Arkadasini_Davet_Et()]]>
              </value>
            </param>
          </params>
          <reporter-output>
          </reporter-output>
        </test-method> <!-- setUp -->
        <test-method status="FAIL" signature="TC_072_Arkadasini_Davet_Et()[pri:72, instance:tests.android.ride.Menu@2d3379b4]" name="TC_072_Arkadasini_Davet_Et" duration-ms="31213" started-at="2020-11-09T09:04:22Z" finished-at="2020-11-09T09:04:53Z">
          <exception class="java.lang.AssertionError">
            <message>
              <![CDATA[expected [1] but found [0]]]>
            </message>
            <full-stacktrace>
              <![CDATA[java.lang.AssertionError: expected [1] but found [0]
at org.testng.Assert.fail(Assert.java:96)
at org.testng.Assert.failNotEquals(Assert.java:776)
at org.testng.Assert.assertEqualsImpl(Assert.java:137)
at org.testng.Assert.assertEquals(Assert.java:118)
at org.testng.Assert.assertEquals(Assert.java:652)
at org.testng.Assert.assertEquals(Assert.java:662)
at utilities.PageBaseAndroid.assertEquals(PageBaseAndroid.java:305)
at pages.android.ride.pageMenu.Davet_Baglantisi_Gonderme(pageMenu.java:131)
at tests.android.ride.Menu.TC_072_Arkadasini_Davet_Et(Menu.java:107)
at sun.reflect.NativeMethodAccessorImpl.invoke0(Native Method)
at sun.reflect.NativeMethodAccessorImpl.invoke(Unknown Source)
at sun.reflect.DelegatingMethodAccessorImpl.invoke(Unknown Source)
at java.lang.reflect.Method.invoke(Unknown Source)
at org.testng.internal.MethodInvocationHelper.invokeMethod(MethodInvocationHelper.java:124)
at org.testng.internal.Invoker.invokeMethod(Invoker.java:583)
at org.testng.internal.Invoker.invokeTestMethod(Invoker.java:719)
at org.testng.internal.Invoker.invokeTestMethods(Invoker.java:989)
at org.testng.internal.TestMethodWorker.invokeTestMethods(TestMethodWorker.java:125)
at org.testng.internal.TestMethodWorker.run(TestMethodWorker.java:109)
at java.util.concurrent.ThreadPoolExecutor.runWorker(Unknown Source)
at java.util.concurrent.ThreadPoolExecutor$Worker.run(Unknown Source)
at java.lang.Thread.run(Unknown Source)
]]>
            </full-stacktrace>
          </exception> <!-- java.lang.AssertionError -->
          <reporter-output>
          </reporter-output>
        </test-method> <!-- TC_072_Arkadasini_Davet_Et -->
        <test-method status="PASS" signature="tearDown(org.testng.ITestResult)[pri:0, instance:tests.android.ride.Menu@2d3379b4]" name="tearDown" is-config="true" duration-ms="803" started-at="2020-11-09T09:04:53Z" finished-at="2020-11-09T09:04:54Z">
          <params>
            <param index="0">
              <value>
                <![CDATA[[TestResult name=TC_072_Arkadasini_Davet_Et status=FAILURE method=Menu.TC_072_Arkadasini_Davet_Et()[pri:72, instance:tests.android.ride.Menu@2d3379b4] output={null}]]]>
              </value>
            </param>
          </params>
          <reporter-output>
          </reporter-output>
        </test-method> <!-- tearDown -->
        <test-method status="PASS" signature="setUp(java.lang.reflect.Method)[pri:0, instance:tests.android.ride.Menu@2d3379b4]" name="setUp" is-config="true" duration-ms="8652" started-at="2020-11-09T09:04:54Z" finished-at="2020-11-09T09:05:03Z">
          <params>
            <param index="0">
              <value>
                <![CDATA[public void tests.android.ride.Menu.TC_073_Surusleri_Inceleme()]]>
              </value>
            </param>
          </params>
          <reporter-output>
          </reporter-output>
        </test-method> <!-- setUp -->
        <test-method status="PASS" signature="TC_073_Surusleri_Inceleme()[pri:73, instance:tests.android.ride.Menu@2d3379b4]" name="TC_073_Surusleri_Inceleme" duration-ms="13942" started-at="2020-11-09T09:05:03Z" finished-at="2020-11-09T09:05:17Z">
          <reporter-output>
          </reporter-output>
        </test-method> <!-- TC_073_Surusleri_Inceleme -->
        <test-method status="PASS" signature="tearDown(org.testng.ITestResult)[pri:0, instance:tests.android.ride.Menu@2d3379b4]" name="tearDown" is-config="true" duration-ms="452" started-at="2020-11-09T09:05:17Z" finished-at="2020-11-09T09:05:17Z">
          <params>
            <param index="0">
              <value>
                <![CDATA[[TestResult name=TC_073_Surusleri_Inceleme status=SUCCESS method=Menu.TC_073_Surusleri_Inceleme()[pri:73, instance:tests.android.ride.Menu@2d3379b4] output={null}]]]>
              </value>
            </param>
          </params>
          <reporter-output>
          </reporter-output>
        </test-method> <!-- tearDown -->
        <test-method status="PASS" signature="setUp(java.lang.reflect.Method)[pri:0, instance:tests.android.ride.Menu@2d3379b4]" name="setUp" is-config="true" duration-ms="8635" started-at="2020-11-09T09:05:17Z" finished-at="2020-11-09T09:05:26Z">
          <params>
            <param index="0">
              <value>
                <![CDATA[public void tests.android.ride.Menu.TC_074_Dil_Degistirme()]]>
              </value>
            </param>
          </params>
          <reporter-output>
          </reporter-output>
        </test-method> <!-- setUp -->
        <test-method status="PASS" signature="TC_074_Dil_Degistirme()[pri:74, instance:tests.android.ride.Menu@2d3379b4]" name="TC_074_Dil_Degistirme" duration-ms="33219" started-at="2020-11-09T09:05:26Z" finished-at="2020-11-09T09:05:59Z">
          <reporter-output>
          </reporter-output>
        </test-method> <!-- TC_074_Dil_Degistirme -->
        <test-method status="PASS" signature="tearDown(org.testng.ITestResult)[pri:0, instance:tests.android.ride.Menu@2d3379b4]" name="tearDown" is-config="true" duration-ms="531" started-at="2020-11-09T09:05:59Z" finished-at="2020-11-09T09:06:00Z">
          <params>
            <param index="0">
              <value>
                <![CDATA[[TestResult name=TC_074_Dil_Degistirme status=SUCCESS method=Menu.TC_074_Dil_Degistirme()[pri:74, instance:tests.android.ride.Menu@2d3379b4] output={null}]]]>
              </value>
            </param>
          </params>
          <reporter-output>
          </reporter-output>
        </test-method> <!-- tearDown -->
        <test-method status="PASS" signature="setUp(java.lang.reflect.Method)[pri:0, instance:tests.android.ride.Menu@2d3379b4]" name="setUp" is-config="true" duration-ms="8579" started-at="2020-11-09T09:06:00Z" finished-at="2020-11-09T09:06:08Z">
          <params>
            <param index="0">
              <value>
                <![CDATA[public void tests.android.ride.Menu.TC_075_Kampanyalari_Goruntule()]]>
              </value>
            </param>
          </params>
          <reporter-output>
          </reporter-output>
        </test-method> <!-- setUp -->
        <test-method status="PASS" signature="TC_075_Kampanyalari_Goruntule()[pri:75, instance:tests.android.ride.Menu@2d3379b4]" name="TC_075_Kampanyalari_Goruntule" duration-ms="5450" started-at="2020-11-09T09:06:08Z" finished-at="2020-11-09T09:06:14Z">
          <reporter-output>
          </reporter-output>
        </test-method> <!-- TC_075_Kampanyalari_Goruntule -->
        <test-method status="PASS" signature="tearDown(org.testng.ITestResult)[pri:0, instance:tests.android.ride.Menu@2d3379b4]" name="tearDown" is-config="true" duration-ms="449" started-at="2020-11-09T09:06:14Z" finished-at="2020-11-09T09:06:14Z">
          <params>
            <param index="0">
              <value>
                <![CDATA[[TestResult name=TC_075_Kampanyalari_Goruntule status=SUCCESS method=Menu.TC_075_Kampanyalari_Goruntule()[pri:75, instance:tests.android.ride.Menu@2d3379b4] output={null}]]]>
              </value>
            </param>
          </params>
          <reporter-output>
          </reporter-output>
        </test-method> <!-- tearDown -->
        <test-method status="PASS" signature="setUp(java.lang.reflect.Method)[pri:0, instance:tests.android.ride.Menu@2d3379b4]" name="setUp" is-config="true" duration-ms="8244" started-at="2020-11-09T09:06:14Z" finished-at="2020-11-09T09:06:22Z">
          <params>
            <param index="0">
              <value>
                <![CDATA[public void tests.android.ride.Menu.TC_076_Davet_Kodu_Girme()]]>
              </value>
            </param>
          </params>
          <reporter-output>
          </reporter-output>
        </test-method> <!-- setUp -->
        <test-method status="FAIL" signature="TC_076_Davet_Kodu_Girme()[pri:76, instance:tests.android.ride.Menu@2d3379b4]" name="TC_076_Davet_Kodu_Girme" duration-ms="1263858" started-at="2020-11-09T09:06:22Z" finished-at="2020-11-09T09:27:26Z">
          <exception class="org.openqa.selenium.NoSuchSessionException">
            <message>
              <![CDATA[A session is either terminated or not started
Build info: version: '3.141.59', revision: 'e82be7d358', time: '2018-11-14T08:17:03'
System info: host: 'DESKTOP-NQRRDTM', ip: '192.168.1.213', os.name: 'Windows 10', os.arch: 'amd64', os.version: '10.0', java.version: '1.8.0_241'
Driver info: io.appium.java_client.android.AndroidDriver
Capabilities {appActivity: com.martitech.marti.ui.acti..., appPackage: com.martitech.marti.dev, autoGrantPermissions: true, databaseEnabled: false, desired: {appActivity: com.martitech.marti.ui.acti..., appPackage: com.martitech.marti.dev, autoGrantPermissions: true, deviceName: Emulator_1, noReset: true, platformName: android, platformVersion: 9.0, udid: emulator-5554}, deviceApiLevel: 29, deviceManufacturer: Google, deviceModel: Android SDK built for x86, deviceName: emulator-5554, deviceScreenDensity: 480, deviceScreenSize: 1080x1920, deviceUDID: emulator-5554, javascriptEnabled: true, locationContextEnabled: false, networkConnectionEnabled: true, noReset: true, pixelRatio: 3, platform: LINUX, platformName: Android, platformVersion: 10, statBarHeight: 72, takesScreenshot: true, udid: emulator-5554, viewportRect: {height: 1704, left: 0, top: 72, width: 1080}, warnings: {}, webStorageEnabled: false}
Session ID: 19d32528-8a25-48e9-bc51-e3eb0c10c949]]>
            </message>
            <full-stacktrace>
              <![CDATA[org.openqa.selenium.NoSuchSessionException: A session is either terminated or not started
Build info: version: '3.141.59', revision: 'e82be7d358', time: '2018-11-14T08:17:03'
System info: host: 'DESKTOP-NQRRDTM', ip: '192.168.1.213', os.name: 'Windows 10', os.arch: 'amd64', os.version: '10.0', java.version: '1.8.0_241'
Driver info: io.appium.java_client.android.AndroidDriver
Capabilities {appActivity: com.martitech.marti.ui.acti..., appPackage: com.martitech.marti.dev, autoGrantPermissions: true, databaseEnabled: false, desired: {appActivity: com.martitech.marti.ui.acti..., appPackage: com.martitech.marti.dev, autoGrantPermissions: true, deviceName: Emulator_1, noReset: true, platformName: android, platformVersion: 9.0, udid: emulator-5554}, deviceApiLevel: 29, deviceManufacturer: Google, deviceModel: Android SDK built for x86, deviceName: emulator-5554, deviceScreenDensity: 480, deviceScreenSize: 1080x1920, deviceUDID: emulator-5554, javascriptEnabled: true, locationContextEnabled: false, networkConnectionEnabled: true, noReset: true, pixelRatio: 3, platform: LINUX, platformName: Android, platformVersion: 10, statBarHeight: 72, takesScreenshot: true, udid: emulator-5554, viewportRect: {height: 1704, left: 0, top: 72, width: 1080}, warnings: {}, webStorageEnabled: false}
Session ID: 19d32528-8a25-48e9-bc51-e3eb0c10c949
at sun.reflect.NativeConstructorAccessorImpl.newInstance0(Native Method)
at sun.reflect.NativeConstructorAccessorImpl.newInstance(Unknown Source)
at sun.reflect.DelegatingConstructorAccessorImpl.newInstance(Unknown Source)
at java.lang.reflect.Constructor.newInstance(Unknown Source)
at org.openqa.selenium.remote.http.W3CHttpResponseCodec.createException(W3CHttpResponseCodec.java:187)
at org.openqa.selenium.remote.http.W3CHttpResponseCodec.decode(W3CHttpResponseCodec.java:122)
at org.openqa.selenium.remote.http.W3CHttpResponseCodec.decode(W3CHttpResponseCodec.java:49)
at org.openqa.selenium.remote.HttpCommandExecutor.execute(HttpCommandExecutor.java:158)
at io.appium.java_client.remote.AppiumCommandExecutor.execute(AppiumCommandExecutor.java:239)
at org.openqa.selenium.remote.RemoteWebDriver.execute(RemoteWebDriver.java:552)
at io.appium.java_client.DefaultGenericMobileDriver.execute(DefaultGenericMobileDriver.java:41)
at io.appium.java_client.AppiumDriver.execute(AppiumDriver.java:1)
at io.appium.java_client.android.AndroidDriver.execute(AndroidDriver.java:1)
at org.openqa.selenium.remote.RemoteWebDriver$RemoteWebDriverOptions$RemoteTimeouts.implicitlyWait(RemoteWebDriver.java:780)
at utilities.PageBaseAndroid.exists(PageBaseAndroid.java:403)
at utilities.PageBaseAndroid.assertFound(PageBaseAndroid.java:335)
at pages.android.ride.pageMenu.Kampanyalar_Arkadasini_Davet_Et(pageMenu.java:109)
at tests.android.ride.Menu.TC_076_Davet_Kodu_Girme(Menu.java:188)
at sun.reflect.NativeMethodAccessorImpl.invoke0(Native Method)
at sun.reflect.NativeMethodAccessorImpl.invoke(Unknown Source)
at sun.reflect.DelegatingMethodAccessorImpl.invoke(Unknown Source)
at java.lang.reflect.Method.invoke(Unknown Source)
at org.testng.internal.MethodInvocationHelper.invokeMethod(MethodInvocationHelper.java:124)
at org.testng.internal.Invoker.invokeMethod(Invoker.java:583)
at org.testng.internal.Invoker.invokeTestMethod(Invoker.java:719)
at org.testng.internal.Invoker.invokeTestMethods(Invoker.java:989)
at org.testng.internal.TestMethodWorker.invokeTestMethods(TestMethodWorker.java:125)
at org.testng.internal.TestMethodWorker.run(TestMethodWorker.java:109)
at java.util.concurrent.ThreadPoolExecutor.runWorker(Unknown Source)
at java.util.concurrent.ThreadPoolExecutor$Worker.run(Unknown Source)
at java.lang.Thread.run(Unknown Source)
]]>
            </full-stacktrace>
          </exception> <!-- org.openqa.selenium.NoSuchSessionException -->
          <reporter-output>
          </reporter-output>
        </test-method> <!-- TC_076_Davet_Kodu_Girme -->
        <test-method status="FAIL" signature="tearDown(org.testng.ITestResult)[pri:0, instance:tests.android.ride.Menu@2d3379b4]" name="tearDown" is-config="true" duration-ms="11" started-at="2020-11-09T09:27:26Z" finished-at="2020-11-09T09:27:26Z">
          <params>
            <param index="0">
              <value>
                <![CDATA[[TestResult name=TC_076_Davet_Kodu_Girme status=FAILURE method=Menu.TC_076_Davet_Kodu_Girme()[pri:76, instance:tests.android.ride.Menu@2d3379b4] output={null}]]]>
              </value>
            </param>
          </params>
          <exception class="org.openqa.selenium.NoSuchSessionException">
            <message>
              <![CDATA[A session is either terminated or not started
Build info: version: '3.141.59', revision: 'e82be7d358', time: '2018-11-14T08:17:03'
System info: host: 'DESKTOP-NQRRDTM', ip: '192.168.1.213', os.name: 'Windows 10', os.arch: 'amd64', os.version: '10.0', java.version: '1.8.0_241'
Driver info: io.appium.java_client.android.AndroidDriver
Capabilities {appActivity: com.martitech.marti.ui.acti..., appPackage: com.martitech.marti.dev, autoGrantPermissions: true, databaseEnabled: false, desired: {appActivity: com.martitech.marti.ui.acti..., appPackage: com.martitech.marti.dev, autoGrantPermissions: true, deviceName: Emulator_1, noReset: true, platformName: android, platformVersion: 9.0, udid: emulator-5554}, deviceApiLevel: 29, deviceManufacturer: Google, deviceModel: Android SDK built for x86, deviceName: emulator-5554, deviceScreenDensity: 480, deviceScreenSize: 1080x1920, deviceUDID: emulator-5554, javascriptEnabled: true, locationContextEnabled: false, networkConnectionEnabled: true, noReset: true, pixelRatio: 3, platform: LINUX, platformName: Android, platformVersion: 10, statBarHeight: 72, takesScreenshot: true, udid: emulator-5554, viewportRect: {height: 1704, left: 0, top: 72, width: 1080}, warnings: {}, webStorageEnabled: false}
Session ID: 19d32528-8a25-48e9-bc51-e3eb0c10c949]]>
            </message>
            <full-stacktrace>
              <![CDATA[org.openqa.selenium.NoSuchSessionException: A session is either terminated or not started
Build info: version: '3.141.59', revision: 'e82be7d358', time: '2018-11-14T08:17:03'
System info: host: 'DESKTOP-NQRRDTM', ip: '192.168.1.213', os.name: 'Windows 10', os.arch: 'amd64', os.version: '10.0', java.version: '1.8.0_241'
Driver info: io.appium.java_client.android.AndroidDriver
Capabilities {appActivity: com.martitech.marti.ui.acti..., appPackage: com.martitech.marti.dev, autoGrantPermissions: true, databaseEnabled: false, desired: {appActivity: com.martitech.marti.ui.acti..., appPackage: com.martitech.marti.dev, autoGrantPermissions: true, deviceName: Emulator_1, noReset: true, platformName: android, platformVersion: 9.0, udid: emulator-5554}, deviceApiLevel: 29, deviceManufacturer: Google, deviceModel: Android SDK built for x86, deviceName: emulator-5554, deviceScreenDensity: 480, deviceScreenSize: 1080x1920, deviceUDID: emulator-5554, javascriptEnabled: true, locationContextEnabled: false, networkConnectionEnabled: true, noReset: true, pixelRatio: 3, platform: LINUX, platformName: Android, platformVersion: 10, statBarHeight: 72, takesScreenshot: true, udid: emulator-5554, viewportRect: {height: 1704, left: 0, top: 72, width: 1080}, warnings: {}, webStorageEnabled: false}
Session ID: 19d32528-8a25-48e9-bc51-e3eb0c10c949
at sun.reflect.NativeConstructorAccessorImpl.newInstance0(Native Method)
at sun.reflect.NativeConstructorAccessorImpl.newInstance(Unknown Source)
at sun.reflect.DelegatingConstructorAccessorImpl.newInstance(Unknown Source)
at java.lang.reflect.Constructor.newInstance(Unknown Source)
at org.openqa.selenium.remote.http.W3CHttpResponseCodec.createException(W3CHttpResponseCodec.java:187)
at org.openqa.selenium.remote.http.W3CHttpResponseCodec.decode(W3CHttpResponseCodec.java:122)
at org.openqa.selenium.remote.http.W3CHttpResponseCodec.decode(W3CHttpResponseCodec.java:49)
at org.openqa.selenium.remote.HttpCommandExecutor.execute(HttpCommandExecutor.java:158)
at io.appium.java_client.remote.AppiumCommandExecutor.execute(AppiumCommandExecutor.java:239)
at org.openqa.selenium.remote.RemoteWebDriver.execute(RemoteWebDriver.java:552)
at io.appium.java_client.DefaultGenericMobileDriver.execute(DefaultGenericMobileDriver.java:45)
at io.appium.java_client.AppiumDriver.execute(AppiumDriver.java:1)
at io.appium.java_client.android.AndroidDriver.execute(AndroidDriver.java:1)
at org.openqa.selenium.remote.RemoteWebDriver.getScreenshotAs(RemoteWebDriver.java:295)
at utilities.ExtentReportUtilities.getScreenshot(ExtentReportUtilities.java:16)
at utilities.TestBase.tearDown(TestBase.java:213)
at sun.reflect.GeneratedMethodAccessor6.invoke(Unknown Source)
at sun.reflect.DelegatingMethodAccessorImpl.invoke(Unknown Source)
at java.lang.reflect.Method.invoke(Unknown Source)
at org.testng.internal.MethodInvocationHelper.invokeMethod(MethodInvocationHelper.java:124)
at org.testng.internal.MethodInvocationHelper.invokeMethodConsideringTimeout(MethodInvocationHelper.java:59)
at org.testng.internal.Invoker.invokeConfigurationMethod(Invoker.java:458)
at org.testng.internal.Invoker.invokeConfigurations(Invoker.java:222)
at org.testng.internal.Invoker.invokeMethod(Invoker.java:646)
at org.testng.internal.Invoker.invokeTestMethod(Invoker.java:719)
at org.testng.internal.Invoker.invokeTestMethods(Invoker.java:989)
at org.testng.internal.TestMethodWorker.invokeTestMethods(TestMethodWorker.java:125)
at org.testng.internal.TestMethodWorker.run(TestMethodWorker.java:109)
at java.util.concurrent.ThreadPoolExecutor.runWorker(Unknown Source)
at java.util.concurrent.ThreadPoolExecutor$Worker.run(Unknown Source)
at java.lang.Thread.run(Unknown Source)
]]>
            </full-stacktrace>
          </exception> <!-- org.openqa.selenium.NoSuchSessionException -->
          <reporter-output>
          </reporter-output>
        </test-method> <!-- tearDown -->
        <test-method status="PASS" signature="setUp(java.lang.reflect.Method)[pri:0, instance:tests.android.ride.Menu@2d3379b4]" name="setUp" is-config="true" duration-ms="8878" started-at="2020-11-09T09:27:26Z" finished-at="2020-11-09T09:27:35Z">
          <params>
            <param index="0">
              <value>
                <![CDATA[public void tests.android.ride.Menu.TC_077_Arkadasini_Davet_Etme()]]>
              </value>
            </param>
          </params>
          <reporter-output>
          </reporter-output>
        </test-method> <!-- setUp -->
        <test-method status="SKIP" signature="TC_077_Arkadasini_Davet_Etme()[pri:77, instance:tests.android.ride.Menu@2d3379b4]" name="TC_077_Arkadasini_Davet_Etme" duration-ms="0" started-at="2020-11-09T09:27:35Z" finished-at="2020-11-09T09:27:35Z">
          <exception class="org.openqa.selenium.NoSuchSessionException">
            <message>
              <![CDATA[A session is either terminated or not started
Build info: version: '3.141.59', revision: 'e82be7d358', time: '2018-11-14T08:17:03'
System info: host: 'DESKTOP-NQRRDTM', ip: '192.168.1.213', os.name: 'Windows 10', os.arch: 'amd64', os.version: '10.0', java.version: '1.8.0_241'
Driver info: io.appium.java_client.android.AndroidDriver
Capabilities {appActivity: com.martitech.marti.ui.acti..., appPackage: com.martitech.marti.dev, autoGrantPermissions: true, databaseEnabled: false, desired: {appActivity: com.martitech.marti.ui.acti..., appPackage: com.martitech.marti.dev, autoGrantPermissions: true, deviceName: Emulator_1, noReset: true, platformName: android, platformVersion: 9.0, udid: emulator-5554}, deviceApiLevel: 29, deviceManufacturer: Google, deviceModel: Android SDK built for x86, deviceName: emulator-5554, deviceScreenDensity: 480, deviceScreenSize: 1080x1920, deviceUDID: emulator-5554, javascriptEnabled: true, locationContextEnabled: false, networkConnectionEnabled: true, noReset: true, pixelRatio: 3, platform: LINUX, platformName: Android, platformVersion: 10, statBarHeight: 72, takesScreenshot: true, udid: emulator-5554, viewportRect: {height: 1704, left: 0, top: 72, width: 1080}, warnings: {}, webStorageEnabled: false}
Session ID: 19d32528-8a25-48e9-bc51-e3eb0c10c949]]>
            </message>
            <full-stacktrace>
              <![CDATA[org.openqa.selenium.NoSuchSessionException: A session is either terminated or not started
Build info: version: '3.141.59', revision: 'e82be7d358', time: '2018-11-14T08:17:03'
System info: host: 'DESKTOP-NQRRDTM', ip: '192.168.1.213', os.name: 'Windows 10', os.arch: 'amd64', os.version: '10.0', java.version: '1.8.0_241'
Driver info: io.appium.java_client.android.AndroidDriver
Capabilities {appActivity: com.martitech.marti.ui.acti..., appPackage: com.martitech.marti.dev, autoGrantPermissions: true, databaseEnabled: false, desired: {appActivity: com.martitech.marti.ui.acti..., appPackage: com.martitech.marti.dev, autoGrantPermissions: true, deviceName: Emulator_1, noReset: true, platformName: android, platformVersion: 9.0, udid: emulator-5554}, deviceApiLevel: 29, deviceManufacturer: Google, deviceModel: Android SDK built for x86, deviceName: emulator-5554, deviceScreenDensity: 480, deviceScreenSize: 1080x1920, deviceUDID: emulator-5554, javascriptEnabled: true, locationContextEnabled: false, networkConnectionEnabled: true, noReset: true, pixelRatio: 3, platform: LINUX, platformName: Android, platformVersion: 10, statBarHeight: 72, takesScreenshot: true, udid: emulator-5554, viewportRect: {height: 1704, left: 0, top: 72, width: 1080}, warnings: {}, webStorageEnabled: false}
Session ID: 19d32528-8a25-48e9-bc51-e3eb0c10c949
at sun.reflect.NativeConstructorAccessorImpl.newInstance0(Native Method)
at sun.reflect.NativeConstructorAccessorImpl.newInstance(Unknown Source)
at sun.reflect.DelegatingConstructorAccessorImpl.newInstance(Unknown Source)
at java.lang.reflect.Constructor.newInstance(Unknown Source)
at org.openqa.selenium.remote.http.W3CHttpResponseCodec.createException(W3CHttpResponseCodec.java:187)
at org.openqa.selenium.remote.http.W3CHttpResponseCodec.decode(W3CHttpResponseCodec.java:122)
at org.openqa.selenium.remote.http.W3CHttpResponseCodec.decode(W3CHttpResponseCodec.java:49)
at org.openqa.selenium.remote.HttpCommandExecutor.execute(HttpCommandExecutor.java:158)
at io.appium.java_client.remote.AppiumCommandExecutor.execute(AppiumCommandExecutor.java:239)
at org.openqa.selenium.remote.RemoteWebDriver.execute(RemoteWebDriver.java:552)
at io.appium.java_client.DefaultGenericMobileDriver.execute(DefaultGenericMobileDriver.java:45)
at io.appium.java_client.AppiumDriver.execute(AppiumDriver.java:1)
at io.appium.java_client.android.AndroidDriver.execute(AndroidDriver.java:1)
at org.openqa.selenium.remote.RemoteWebDriver.getScreenshotAs(RemoteWebDriver.java:295)
at utilities.ExtentReportUtilities.getScreenshot(ExtentReportUtilities.java:16)
at utilities.TestBase.tearDown(TestBase.java:213)
at sun.reflect.GeneratedMethodAccessor6.invoke(Unknown Source)
at sun.reflect.DelegatingMethodAccessorImpl.invoke(Unknown Source)
at java.lang.reflect.Method.invoke(Unknown Source)
at org.testng.internal.MethodInvocationHelper.invokeMethod(MethodInvocationHelper.java:124)
at org.testng.internal.MethodInvocationHelper.invokeMethodConsideringTimeout(MethodInvocationHelper.java:59)
at org.testng.internal.Invoker.invokeConfigurationMethod(Invoker.java:458)
at org.testng.internal.Invoker.invokeConfigurations(Invoker.java:222)
at org.testng.internal.Invoker.invokeMethod(Invoker.java:646)
at org.testng.internal.Invoker.invokeTestMethod(Invoker.java:719)
at org.testng.internal.Invoker.invokeTestMethods(Invoker.java:989)
at org.testng.internal.TestMethodWorker.invokeTestMethods(TestMethodWorker.java:125)
at org.testng.internal.TestMethodWorker.run(TestMethodWorker.java:109)
at java.util.concurrent.ThreadPoolExecutor.runWorker(Unknown Source)
at java.util.concurrent.ThreadPoolExecutor$Worker.run(Unknown Source)
at java.lang.Thread.run(Unknown Source)
]]>
            </full-stacktrace>
          </exception> <!-- org.openqa.selenium.NoSuchSessionException -->
          <reporter-output>
          </reporter-output>
        </test-method> <!-- TC_077_Arkadasini_Davet_Etme -->
        <test-method status="PASS" signature="tearDown(org.testng.ITestResult)[pri:0, instance:tests.android.ride.Menu@2d3379b4]" name="tearDown" is-config="true" duration-ms="391" started-at="2020-11-09T09:27:35Z" finished-at="2020-11-09T09:27:36Z">
          <params>
            <param index="0">
              <value>
                <![CDATA[[TestResult name={null} status=CREATED method=Menu.TC_077_Arkadasini_Davet_Etme()[pri:77, instance:tests.android.ride.Menu@2d3379b4] output={null}]]]>
              </value>
            </param>
          </params>
          <reporter-output>
          </reporter-output>
        </test-method> <!-- tearDown -->
        <test-method status="PASS" signature="setUp(java.lang.reflect.Method)[pri:0, instance:tests.android.ride.Menu@2d3379b4]" name="setUp" is-config="true" duration-ms="7021" started-at="2020-11-09T09:27:36Z" finished-at="2020-11-09T09:27:43Z">
          <params>
            <param index="0">
              <value>
                <![CDATA[public void tests.android.ride.Menu.TC_078_Nasil_Kullanilir_Erisim()]]>
              </value>
            </param>
          </params>
          <reporter-output>
          </reporter-output>
        </test-method> <!-- setUp -->
        <test-method status="SKIP" signature="TC_078_Nasil_Kullanilir_Erisim()[pri:78, instance:tests.android.ride.Menu@2d3379b4]" name="TC_078_Nasil_Kullanilir_Erisim" duration-ms="0" started-at="2020-11-09T09:27:43Z" finished-at="2020-11-09T09:27:43Z">
          <exception class="org.openqa.selenium.NoSuchSessionException">
            <message>
              <![CDATA[A session is either terminated or not started
Build info: version: '3.141.59', revision: 'e82be7d358', time: '2018-11-14T08:17:03'
System info: host: 'DESKTOP-NQRRDTM', ip: '192.168.1.213', os.name: 'Windows 10', os.arch: 'amd64', os.version: '10.0', java.version: '1.8.0_241'
Driver info: io.appium.java_client.android.AndroidDriver
Capabilities {appActivity: com.martitech.marti.ui.acti..., appPackage: com.martitech.marti.dev, autoGrantPermissions: true, databaseEnabled: false, desired: {appActivity: com.martitech.marti.ui.acti..., appPackage: com.martitech.marti.dev, autoGrantPermissions: true, deviceName: Emulator_1, noReset: true, platformName: android, platformVersion: 9.0, udid: emulator-5554}, deviceApiLevel: 29, deviceManufacturer: Google, deviceModel: Android SDK built for x86, deviceName: emulator-5554, deviceScreenDensity: 480, deviceScreenSize: 1080x1920, deviceUDID: emulator-5554, javascriptEnabled: true, locationContextEnabled: false, networkConnectionEnabled: true, noReset: true, pixelRatio: 3, platform: LINUX, platformName: Android, platformVersion: 10, statBarHeight: 72, takesScreenshot: true, udid: emulator-5554, viewportRect: {height: 1704, left: 0, top: 72, width: 1080}, warnings: {}, webStorageEnabled: false}
Session ID: 19d32528-8a25-48e9-bc51-e3eb0c10c949]]>
            </message>
            <full-stacktrace>
              <![CDATA[org.openqa.selenium.NoSuchSessionException: A session is either terminated or not started
Build info: version: '3.141.59', revision: 'e82be7d358', time: '2018-11-14T08:17:03'
System info: host: 'DESKTOP-NQRRDTM', ip: '192.168.1.213', os.name: 'Windows 10', os.arch: 'amd64', os.version: '10.0', java.version: '1.8.0_241'
Driver info: io.appium.java_client.android.AndroidDriver
Capabilities {appActivity: com.martitech.marti.ui.acti..., appPackage: com.martitech.marti.dev, autoGrantPermissions: true, databaseEnabled: false, desired: {appActivity: com.martitech.marti.ui.acti..., appPackage: com.martitech.marti.dev, autoGrantPermissions: true, deviceName: Emulator_1, noReset: true, platformName: android, platformVersion: 9.0, udid: emulator-5554}, deviceApiLevel: 29, deviceManufacturer: Google, deviceModel: Android SDK built for x86, deviceName: emulator-5554, deviceScreenDensity: 480, deviceScreenSize: 1080x1920, deviceUDID: emulator-5554, javascriptEnabled: true, locationContextEnabled: false, networkConnectionEnabled: true, noReset: true, pixelRatio: 3, platform: LINUX, platformName: Android, platformVersion: 10, statBarHeight: 72, takesScreenshot: true, udid: emulator-5554, viewportRect: {height: 1704, left: 0, top: 72, width: 1080}, warnings: {}, webStorageEnabled: false}
Session ID: 19d32528-8a25-48e9-bc51-e3eb0c10c949
at sun.reflect.NativeConstructorAccessorImpl.newInstance0(Native Method)
at sun.reflect.NativeConstructorAccessorImpl.newInstance(Unknown Source)
at sun.reflect.DelegatingConstructorAccessorImpl.newInstance(Unknown Source)
at java.lang.reflect.Constructor.newInstance(Unknown Source)
at org.openqa.selenium.remote.http.W3CHttpResponseCodec.createException(W3CHttpResponseCodec.java:187)
at org.openqa.selenium.remote.http.W3CHttpResponseCodec.decode(W3CHttpResponseCodec.java:122)
at org.openqa.selenium.remote.http.W3CHttpResponseCodec.decode(W3CHttpResponseCodec.java:49)
at org.openqa.selenium.remote.HttpCommandExecutor.execute(HttpCommandExecutor.java:158)
at io.appium.java_client.remote.AppiumCommandExecutor.execute(AppiumCommandExecutor.java:239)
at org.openqa.selenium.remote.RemoteWebDriver.execute(RemoteWebDriver.java:552)
at io.appium.java_client.DefaultGenericMobileDriver.execute(DefaultGenericMobileDriver.java:45)
at io.appium.java_client.AppiumDriver.execute(AppiumDriver.java:1)
at io.appium.java_client.android.AndroidDriver.execute(AndroidDriver.java:1)
at org.openqa.selenium.remote.RemoteWebDriver.getScreenshotAs(RemoteWebDriver.java:295)
at utilities.ExtentReportUtilities.getScreenshot(ExtentReportUtilities.java:16)
at utilities.TestBase.tearDown(TestBase.java:213)
at sun.reflect.GeneratedMethodAccessor6.invoke(Unknown Source)
at sun.reflect.DelegatingMethodAccessorImpl.invoke(Unknown Source)
at java.lang.reflect.Method.invoke(Unknown Source)
at org.testng.internal.MethodInvocationHelper.invokeMethod(MethodInvocationHelper.java:124)
at org.testng.internal.MethodInvocationHelper.invokeMethodConsideringTimeout(MethodInvocationHelper.java:59)
at org.testng.internal.Invoker.invokeConfigurationMethod(Invoker.java:458)
at org.testng.internal.Invoker.invokeConfigurations(Invoker.java:222)
at org.testng.internal.Invoker.invokeMethod(Invoker.java:646)
at org.testng.internal.Invoker.invokeTestMethod(Invoker.java:719)
at org.testng.internal.Invoker.invokeTestMethods(Invoker.java:989)
at org.testng.internal.TestMethodWorker.invokeTestMethods(TestMethodWorker.java:125)
at org.testng.internal.TestMethodWorker.run(TestMethodWorker.java:109)
at java.util.concurrent.ThreadPoolExecutor.runWorker(Unknown Source)
at java.util.concurrent.ThreadPoolExecutor$Worker.run(Unknown Source)
at java.lang.Thread.run(Unknown Source)
]]>
            </full-stacktrace>
          </exception> <!-- org.openqa.selenium.NoSuchSessionException -->
          <reporter-output>
          </reporter-output>
        </test-method> <!-- TC_078_Nasil_Kullanilir_Erisim -->
        <test-method status="PASS" signature="tearDown(org.testng.ITestResult)[pri:0, instance:tests.android.ride.Menu@2d3379b4]" name="tearDown" is-config="true" duration-ms="294" started-at="2020-11-09T09:27:43Z" finished-at="2020-11-09T09:27:43Z">
          <params>
            <param index="0">
              <value>
                <![CDATA[[TestResult name={null} status=CREATED method=Menu.TC_078_Nasil_Kullanilir_Erisim()[pri:78, instance:tests.android.ride.Menu@2d3379b4] output={null}]]]>
              </value>
            </param>
          </params>
          <reporter-output>
          </reporter-output>
        </test-method> <!-- tearDown -->
        <test-method status="PASS" signature="setUp(java.lang.reflect.Method)[pri:0, instance:tests.android.ride.Menu@2d3379b4]" name="setUp" is-config="true" duration-ms="6928" started-at="2020-11-09T09:27:43Z" finished-at="2020-11-09T09:27:50Z">
          <params>
            <param index="0">
              <value>
                <![CDATA[public void tests.android.ride.Menu.TC_079_Guvenlik_Dokumanina_Erisim()]]>
              </value>
            </param>
          </params>
          <reporter-output>
          </reporter-output>
        </test-method> <!-- setUp -->
        <test-method status="SKIP" signature="TC_079_Guvenlik_Dokumanina_Erisim()[pri:79, instance:tests.android.ride.Menu@2d3379b4]" name="TC_079_Guvenlik_Dokumanina_Erisim" duration-ms="0" started-at="2020-11-09T09:27:50Z" finished-at="2020-11-09T09:27:50Z">
          <exception class="org.openqa.selenium.NoSuchSessionException">
            <message>
              <![CDATA[A session is either terminated or not started
Build info: version: '3.141.59', revision: 'e82be7d358', time: '2018-11-14T08:17:03'
System info: host: 'DESKTOP-NQRRDTM', ip: '192.168.1.213', os.name: 'Windows 10', os.arch: 'amd64', os.version: '10.0', java.version: '1.8.0_241'
Driver info: io.appium.java_client.android.AndroidDriver
Capabilities {appActivity: com.martitech.marti.ui.acti..., appPackage: com.martitech.marti.dev, autoGrantPermissions: true, databaseEnabled: false, desired: {appActivity: com.martitech.marti.ui.acti..., appPackage: com.martitech.marti.dev, autoGrantPermissions: true, deviceName: Emulator_1, noReset: true, platformName: android, platformVersion: 9.0, udid: emulator-5554}, deviceApiLevel: 29, deviceManufacturer: Google, deviceModel: Android SDK built for x86, deviceName: emulator-5554, deviceScreenDensity: 480, deviceScreenSize: 1080x1920, deviceUDID: emulator-5554, javascriptEnabled: true, locationContextEnabled: false, networkConnectionEnabled: true, noReset: true, pixelRatio: 3, platform: LINUX, platformName: Android, platformVersion: 10, statBarHeight: 72, takesScreenshot: true, udid: emulator-5554, viewportRect: {height: 1704, left: 0, top: 72, width: 1080}, warnings: {}, webStorageEnabled: false}
Session ID: 19d32528-8a25-48e9-bc51-e3eb0c10c949]]>
            </message>
            <full-stacktrace>
              <![CDATA[org.openqa.selenium.NoSuchSessionException: A session is either terminated or not started
Build info: version: '3.141.59', revision: 'e82be7d358', time: '2018-11-14T08:17:03'
System info: host: 'DESKTOP-NQRRDTM', ip: '192.168.1.213', os.name: 'Windows 10', os.arch: 'amd64', os.version: '10.0', java.version: '1.8.0_241'
Driver info: io.appium.java_client.android.AndroidDriver
Capabilities {appActivity: com.martitech.marti.ui.acti..., appPackage: com.martitech.marti.dev, autoGrantPermissions: true, databaseEnabled: false, desired: {appActivity: com.martitech.marti.ui.acti..., appPackage: com.martitech.marti.dev, autoGrantPermissions: true, deviceName: Emulator_1, noReset: true, platformName: android, platformVersion: 9.0, udid: emulator-5554}, deviceApiLevel: 29, deviceManufacturer: Google, deviceModel: Android SDK built for x86, deviceName: emulator-5554, deviceScreenDensity: 480, deviceScreenSize: 1080x1920, deviceUDID: emulator-5554, javascriptEnabled: true, locationContextEnabled: false, networkConnectionEnabled: true, noReset: true, pixelRatio: 3, platform: LINUX, platformName: Android, platformVersion: 10, statBarHeight: 72, takesScreenshot: true, udid: emulator-5554, viewportRect: {height: 1704, left: 0, top: 72, width: 1080}, warnings: {}, webStorageEnabled: false}
Session ID: 19d32528-8a25-48e9-bc51-e3eb0c10c949
at sun.reflect.NativeConstructorAccessorImpl.newInstance0(Native Method)
at sun.reflect.NativeConstructorAccessorImpl.newInstance(Unknown Source)
at sun.reflect.DelegatingConstructorAccessorImpl.newInstance(Unknown Source)
at java.lang.reflect.Constructor.newInstance(Unknown Source)
at org.openqa.selenium.remote.http.W3CHttpResponseCodec.createException(W3CHttpResponseCodec.java:187)
at org.openqa.selenium.remote.http.W3CHttpResponseCodec.decode(W3CHttpResponseCodec.java:122)
at org.openqa.selenium.remote.http.W3CHttpResponseCodec.decode(W3CHttpResponseCodec.java:49)
at org.openqa.selenium.remote.HttpCommandExecutor.execute(HttpCommandExecutor.java:158)
at io.appium.java_client.remote.AppiumCommandExecutor.execute(AppiumCommandExecutor.java:239)
at org.openqa.selenium.remote.RemoteWebDriver.execute(RemoteWebDriver.java:552)
at io.appium.java_client.DefaultGenericMobileDriver.execute(DefaultGenericMobileDriver.java:45)
at io.appium.java_client.AppiumDriver.execute(AppiumDriver.java:1)
at io.appium.java_client.android.AndroidDriver.execute(AndroidDriver.java:1)
at org.openqa.selenium.remote.RemoteWebDriver.getScreenshotAs(RemoteWebDriver.java:295)
at utilities.ExtentReportUtilities.getScreenshot(ExtentReportUtilities.java:16)
at utilities.TestBase.tearDown(TestBase.java:213)
at sun.reflect.GeneratedMethodAccessor6.invoke(Unknown Source)
at sun.reflect.DelegatingMethodAccessorImpl.invoke(Unknown Source)
at java.lang.reflect.Method.invoke(Unknown Source)
at org.testng.internal.MethodInvocationHelper.invokeMethod(MethodInvocationHelper.java:124)
at org.testng.internal.MethodInvocationHelper.invokeMethodConsideringTimeout(MethodInvocationHelper.java:59)
at org.testng.internal.Invoker.invokeConfigurationMethod(Invoker.java:458)
at org.testng.internal.Invoker.invokeConfigurations(Invoker.java:222)
at org.testng.internal.Invoker.invokeMethod(Invoker.java:646)
at org.testng.internal.Invoker.invokeTestMethod(Invoker.java:719)
at org.testng.internal.Invoker.invokeTestMethods(Invoker.java:989)
at org.testng.internal.TestMethodWorker.invokeTestMethods(TestMethodWorker.java:125)
at org.testng.internal.TestMethodWorker.run(TestMethodWorker.java:109)
at java.util.concurrent.ThreadPoolExecutor.runWorker(Unknown Source)
at java.util.concurrent.ThreadPoolExecutor$Worker.run(Unknown Source)
at java.lang.Thread.run(Unknown Source)
]]>
            </full-stacktrace>
          </exception> <!-- org.openqa.selenium.NoSuchSessionException -->
          <reporter-output>
          </reporter-output>
        </test-method> <!-- TC_079_Guvenlik_Dokumanina_Erisim -->
        <test-method status="PASS" signature="tearDown(org.testng.ITestResult)[pri:0, instance:tests.android.ride.Menu@2d3379b4]" name="tearDown" is-config="true" duration-ms="356" started-at="2020-11-09T09:27:50Z" finished-at="2020-11-09T09:27:50Z">
          <params>
            <param index="0">
              <value>
                <![CDATA[[TestResult name={null} status=CREATED method=Menu.TC_079_Guvenlik_Dokumanina_Erisim()[pri:79, instance:tests.android.ride.Menu@2d3379b4] output={null}]]]>
              </value>
            </param>
          </params>
          <reporter-output>
          </reporter-output>
        </test-method> <!-- tearDown -->
        <test-method status="PASS" signature="setUp(java.lang.reflect.Method)[pri:0, instance:tests.android.ride.Menu@2d3379b4]" name="setUp" is-config="true" duration-ms="6935" started-at="2020-11-09T09:27:50Z" finished-at="2020-11-09T09:27:57Z">
          <params>
            <param index="0">
              <value>
                <![CDATA[public void tests.android.ride.Menu.TC_080_Surus_Kurallarina_Erisim()]]>
              </value>
            </param>
          </params>
          <reporter-output>
          </reporter-output>
        </test-method> <!-- setUp -->
        <test-method status="SKIP" signature="TC_080_Surus_Kurallarina_Erisim()[pri:80, instance:tests.android.ride.Menu@2d3379b4]" name="TC_080_Surus_Kurallarina_Erisim" duration-ms="0" started-at="2020-11-09T09:27:57Z" finished-at="2020-11-09T09:27:57Z">
          <exception class="org.openqa.selenium.NoSuchSessionException">
            <message>
              <![CDATA[A session is either terminated or not started
Build info: version: '3.141.59', revision: 'e82be7d358', time: '2018-11-14T08:17:03'
System info: host: 'DESKTOP-NQRRDTM', ip: '192.168.1.213', os.name: 'Windows 10', os.arch: 'amd64', os.version: '10.0', java.version: '1.8.0_241'
Driver info: io.appium.java_client.android.AndroidDriver
Capabilities {appActivity: com.martitech.marti.ui.acti..., appPackage: com.martitech.marti.dev, autoGrantPermissions: true, databaseEnabled: false, desired: {appActivity: com.martitech.marti.ui.acti..., appPackage: com.martitech.marti.dev, autoGrantPermissions: true, deviceName: Emulator_1, noReset: true, platformName: android, platformVersion: 9.0, udid: emulator-5554}, deviceApiLevel: 29, deviceManufacturer: Google, deviceModel: Android SDK built for x86, deviceName: emulator-5554, deviceScreenDensity: 480, deviceScreenSize: 1080x1920, deviceUDID: emulator-5554, javascriptEnabled: true, locationContextEnabled: false, networkConnectionEnabled: true, noReset: true, pixelRatio: 3, platform: LINUX, platformName: Android, platformVersion: 10, statBarHeight: 72, takesScreenshot: true, udid: emulator-5554, viewportRect: {height: 1704, left: 0, top: 72, width: 1080}, warnings: {}, webStorageEnabled: false}
Session ID: 19d32528-8a25-48e9-bc51-e3eb0c10c949]]>
            </message>
            <full-stacktrace>
              <![CDATA[org.openqa.selenium.NoSuchSessionException: A session is either terminated or not started
Build info: version: '3.141.59', revision: 'e82be7d358', time: '2018-11-14T08:17:03'
System info: host: 'DESKTOP-NQRRDTM', ip: '192.168.1.213', os.name: 'Windows 10', os.arch: 'amd64', os.version: '10.0', java.version: '1.8.0_241'
Driver info: io.appium.java_client.android.AndroidDriver
Capabilities {appActivity: com.martitech.marti.ui.acti..., appPackage: com.martitech.marti.dev, autoGrantPermissions: true, databaseEnabled: false, desired: {appActivity: com.martitech.marti.ui.acti..., appPackage: com.martitech.marti.dev, autoGrantPermissions: true, deviceName: Emulator_1, noReset: true, platformName: android, platformVersion: 9.0, udid: emulator-5554}, deviceApiLevel: 29, deviceManufacturer: Google, deviceModel: Android SDK built for x86, deviceName: emulator-5554, deviceScreenDensity: 480, deviceScreenSize: 1080x1920, deviceUDID: emulator-5554, javascriptEnabled: true, locationContextEnabled: false, networkConnectionEnabled: true, noReset: true, pixelRatio: 3, platform: LINUX, platformName: Android, platformVersion: 10, statBarHeight: 72, takesScreenshot: true, udid: emulator-5554, viewportRect: {height: 1704, left: 0, top: 72, width: 1080}, warnings: {}, webStorageEnabled: false}
Session ID: 19d32528-8a25-48e9-bc51-e3eb0c10c949
at sun.reflect.NativeConstructorAccessorImpl.newInstance0(Native Method)
at sun.reflect.NativeConstructorAccessorImpl.newInstance(Unknown Source)
at sun.reflect.DelegatingConstructorAccessorImpl.newInstance(Unknown Source)
at java.lang.reflect.Constructor.newInstance(Unknown Source)
at org.openqa.selenium.remote.http.W3CHttpResponseCodec.createException(W3CHttpResponseCodec.java:187)
at org.openqa.selenium.remote.http.W3CHttpResponseCodec.decode(W3CHttpResponseCodec.java:122)
at org.openqa.selenium.remote.http.W3CHttpResponseCodec.decode(W3CHttpResponseCodec.java:49)
at org.openqa.selenium.remote.HttpCommandExecutor.execute(HttpCommandExecutor.java:158)
at io.appium.java_client.remote.AppiumCommandExecutor.execute(AppiumCommandExecutor.java:239)
at org.openqa.selenium.remote.RemoteWebDriver.execute(RemoteWebDriver.java:552)
at io.appium.java_client.DefaultGenericMobileDriver.execute(DefaultGenericMobileDriver.java:45)
at io.appium.java_client.AppiumDriver.execute(AppiumDriver.java:1)
at io.appium.java_client.android.AndroidDriver.execute(AndroidDriver.java:1)
at org.openqa.selenium.remote.RemoteWebDriver.getScreenshotAs(RemoteWebDriver.java:295)
at utilities.ExtentReportUtilities.getScreenshot(ExtentReportUtilities.java:16)
at utilities.TestBase.tearDown(TestBase.java:213)
at sun.reflect.GeneratedMethodAccessor6.invoke(Unknown Source)
at sun.reflect.DelegatingMethodAccessorImpl.invoke(Unknown Source)
at java.lang.reflect.Method.invoke(Unknown Source)
at org.testng.internal.MethodInvocationHelper.invokeMethod(MethodInvocationHelper.java:124)
at org.testng.internal.MethodInvocationHelper.invokeMethodConsideringTimeout(MethodInvocationHelper.java:59)
at org.testng.internal.Invoker.invokeConfigurationMethod(Invoker.java:458)
at org.testng.internal.Invoker.invokeConfigurations(Invoker.java:222)
at org.testng.internal.Invoker.invokeMethod(Invoker.java:646)
at org.testng.internal.Invoker.invokeTestMethod(Invoker.java:719)
at org.testng.internal.Invoker.invokeTestMethods(Invoker.java:989)
at org.testng.internal.TestMethodWorker.invokeTestMethods(TestMethodWorker.java:125)
at org.testng.internal.TestMethodWorker.run(TestMethodWorker.java:109)
at java.util.concurrent.ThreadPoolExecutor.runWorker(Unknown Source)
at java.util.concurrent.ThreadPoolExecutor$Worker.run(Unknown Source)
at java.lang.Thread.run(Unknown Source)
]]>
            </full-stacktrace>
          </exception> <!-- org.openqa.selenium.NoSuchSessionException -->
          <reporter-output>
          </reporter-output>
        </test-method> <!-- TC_080_Surus_Kurallarina_Erisim -->
        <test-method status="PASS" signature="tearDown(org.testng.ITestResult)[pri:0, instance:tests.android.ride.Menu@2d3379b4]" name="tearDown" is-config="true" duration-ms="436" started-at="2020-11-09T09:27:57Z" finished-at="2020-11-09T09:27:57Z">
          <params>
            <param index="0">
              <value>
                <![CDATA[[TestResult name={null} status=CREATED method=Menu.TC_080_Surus_Kurallarina_Erisim()[pri:80, instance:tests.android.ride.Menu@2d3379b4] output={null}]]]>
              </value>
            </param>
          </params>
          <reporter-output>
          </reporter-output>
        </test-method> <!-- tearDown -->
        <test-method status="PASS" signature="setUp(java.lang.reflect.Method)[pri:0, instance:tests.android.ride.Menu@2d3379b4]" name="setUp" is-config="true" duration-ms="8105" started-at="2020-11-09T09:27:57Z" finished-at="2020-11-09T09:28:06Z">
          <params>
            <param index="0">
              <value>
                <![CDATA[public void tests.android.ride.Menu.TC_081_Cikis()]]>
              </value>
            </param>
          </params>
          <reporter-output>
          </reporter-output>
        </test-method> <!-- setUp -->
        <test-method status="SKIP" signature="TC_081_Cikis()[pri:81, instance:tests.android.ride.Menu@2d3379b4]" name="TC_081_Cikis" duration-ms="0" started-at="2020-11-09T09:28:06Z" finished-at="2020-11-09T09:28:06Z">
          <exception class="org.openqa.selenium.NoSuchSessionException">
            <message>
              <![CDATA[A session is either terminated or not started
Build info: version: '3.141.59', revision: 'e82be7d358', time: '2018-11-14T08:17:03'
System info: host: 'DESKTOP-NQRRDTM', ip: '192.168.1.213', os.name: 'Windows 10', os.arch: 'amd64', os.version: '10.0', java.version: '1.8.0_241'
Driver info: io.appium.java_client.android.AndroidDriver
Capabilities {appActivity: com.martitech.marti.ui.acti..., appPackage: com.martitech.marti.dev, autoGrantPermissions: true, databaseEnabled: false, desired: {appActivity: com.martitech.marti.ui.acti..., appPackage: com.martitech.marti.dev, autoGrantPermissions: true, deviceName: Emulator_1, noReset: true, platformName: android, platformVersion: 9.0, udid: emulator-5554}, deviceApiLevel: 29, deviceManufacturer: Google, deviceModel: Android SDK built for x86, deviceName: emulator-5554, deviceScreenDensity: 480, deviceScreenSize: 1080x1920, deviceUDID: emulator-5554, javascriptEnabled: true, locationContextEnabled: false, networkConnectionEnabled: true, noReset: true, pixelRatio: 3, platform: LINUX, platformName: Android, platformVersion: 10, statBarHeight: 72, takesScreenshot: true, udid: emulator-5554, viewportRect: {height: 1704, left: 0, top: 72, width: 1080}, warnings: {}, webStorageEnabled: false}
Session ID: 19d32528-8a25-48e9-bc51-e3eb0c10c949]]>
            </message>
            <full-stacktrace>
              <![CDATA[org.openqa.selenium.NoSuchSessionException: A session is either terminated or not started
Build info: version: '3.141.59', revision: 'e82be7d358', time: '2018-11-14T08:17:03'
System info: host: 'DESKTOP-NQRRDTM', ip: '192.168.1.213', os.name: 'Windows 10', os.arch: 'amd64', os.version: '10.0', java.version: '1.8.0_241'
Driver info: io.appium.java_client.android.AndroidDriver
Capabilities {appActivity: com.martitech.marti.ui.acti..., appPackage: com.martitech.marti.dev, autoGrantPermissions: true, databaseEnabled: false, desired: {appActivity: com.martitech.marti.ui.acti..., appPackage: com.martitech.marti.dev, autoGrantPermissions: true, deviceName: Emulator_1, noReset: true, platformName: android, platformVersion: 9.0, udid: emulator-5554}, deviceApiLevel: 29, deviceManufacturer: Google, deviceModel: Android SDK built for x86, deviceName: emulator-5554, deviceScreenDensity: 480, deviceScreenSize: 1080x1920, deviceUDID: emulator-5554, javascriptEnabled: true, locationContextEnabled: false, networkConnectionEnabled: true, noReset: true, pixelRatio: 3, platform: LINUX, platformName: Android, platformVersion: 10, statBarHeight: 72, takesScreenshot: true, udid: emulator-5554, viewportRect: {height: 1704, left: 0, top: 72, width: 1080}, warnings: {}, webStorageEnabled: false}
Session ID: 19d32528-8a25-48e9-bc51-e3eb0c10c949
at sun.reflect.NativeConstructorAccessorImpl.newInstance0(Native Method)
at sun.reflect.NativeConstructorAccessorImpl.newInstance(Unknown Source)
at sun.reflect.DelegatingConstructorAccessorImpl.newInstance(Unknown Source)
at java.lang.reflect.Constructor.newInstance(Unknown Source)
at org.openqa.selenium.remote.http.W3CHttpResponseCodec.createException(W3CHttpResponseCodec.java:187)
at org.openqa.selenium.remote.http.W3CHttpResponseCodec.decode(W3CHttpResponseCodec.java:122)
at org.openqa.selenium.remote.http.W3CHttpResponseCodec.decode(W3CHttpResponseCodec.java:49)
at org.openqa.selenium.remote.HttpCommandExecutor.execute(HttpCommandExecutor.java:158)
at io.appium.java_client.remote.AppiumCommandExecutor.execute(AppiumCommandExecutor.java:239)
at org.openqa.selenium.remote.RemoteWebDriver.execute(RemoteWebDriver.java:552)
at io.appium.java_client.DefaultGenericMobileDriver.execute(DefaultGenericMobileDriver.java:45)
at io.appium.java_client.AppiumDriver.execute(AppiumDriver.java:1)
at io.appium.java_client.android.AndroidDriver.execute(AndroidDriver.java:1)
at org.openqa.selenium.remote.RemoteWebDriver.getScreenshotAs(RemoteWebDriver.java:295)
at utilities.ExtentReportUtilities.getScreenshot(ExtentReportUtilities.java:16)
at utilities.TestBase.tearDown(TestBase.java:213)
at sun.reflect.GeneratedMethodAccessor6.invoke(Unknown Source)
at sun.reflect.DelegatingMethodAccessorImpl.invoke(Unknown Source)
at java.lang.reflect.Method.invoke(Unknown Source)
at org.testng.internal.MethodInvocationHelper.invokeMethod(MethodInvocationHelper.java:124)
at org.testng.internal.MethodInvocationHelper.invokeMethodConsideringTimeout(MethodInvocationHelper.java:59)
at org.testng.internal.Invoker.invokeConfigurationMethod(Invoker.java:458)
at org.testng.internal.Invoker.invokeConfigurations(Invoker.java:222)
at org.testng.internal.Invoker.invokeMethod(Invoker.java:646)
at org.testng.internal.Invoker.invokeTestMethod(Invoker.java:719)
at org.testng.internal.Invoker.invokeTestMethods(Invoker.java:989)
at org.testng.internal.TestMethodWorker.invokeTestMethods(TestMethodWorker.java:125)
at org.testng.internal.TestMethodWorker.run(TestMethodWorker.java:109)
at java.util.concurrent.ThreadPoolExecutor.runWorker(Unknown Source)
at java.util.concurrent.ThreadPoolExecutor$Worker.run(Unknown Source)
at java.lang.Thread.run(Unknown Source)
]]>
            </full-stacktrace>
          </exception> <!-- org.openqa.selenium.NoSuchSessionException -->
          <reporter-output>
          </reporter-output>
        </test-method> <!-- TC_081_Cikis -->
        <test-method status="PASS" signature="tearDown(org.testng.ITestResult)[pri:0, instance:tests.android.ride.Menu@2d3379b4]" name="tearDown" is-config="true" duration-ms="327" started-at="2020-11-09T09:28:06Z" finished-at="2020-11-09T09:28:06Z">
          <params>
            <param index="0">
              <value>
                <![CDATA[[TestResult name={null} status=CREATED method=Menu.TC_081_Cikis()[pri:81, instance:tests.android.ride.Menu@2d3379b4] output={null}]]]>
              </value>
            </param>
          </params>
          <reporter-output>
          </reporter-output>
        </test-method> <!-- tearDown -->
        <test-method status="PASS" signature="setUp(java.lang.reflect.Method)[pri:0, instance:tests.android.ride.Menu@2d3379b4]" name="setUp" is-config="true" duration-ms="7982" started-at="2020-11-09T09:28:06Z" finished-at="2020-11-09T09:28:14Z">
          <params>
            <param index="0">
              <value>
                <![CDATA[public void tests.android.ride.Menu.TC_082_Yardim_Dokumanina_Erisim()]]>
              </value>
            </param>
          </params>
          <reporter-output>
          </reporter-output>
        </test-method> <!-- setUp -->
        <test-method status="SKIP" signature="TC_082_Yardim_Dokumanina_Erisim()[pri:82, instance:tests.android.ride.Menu@2d3379b4]" name="TC_082_Yardim_Dokumanina_Erisim" duration-ms="0" started-at="2020-11-09T09:28:14Z" finished-at="2020-11-09T09:28:14Z">
          <exception class="org.openqa.selenium.NoSuchSessionException">
            <message>
              <![CDATA[A session is either terminated or not started
Build info: version: '3.141.59', revision: 'e82be7d358', time: '2018-11-14T08:17:03'
System info: host: 'DESKTOP-NQRRDTM', ip: '192.168.1.213', os.name: 'Windows 10', os.arch: 'amd64', os.version: '10.0', java.version: '1.8.0_241'
Driver info: io.appium.java_client.android.AndroidDriver
Capabilities {appActivity: com.martitech.marti.ui.acti..., appPackage: com.martitech.marti.dev, autoGrantPermissions: true, databaseEnabled: false, desired: {appActivity: com.martitech.marti.ui.acti..., appPackage: com.martitech.marti.dev, autoGrantPermissions: true, deviceName: Emulator_1, noReset: true, platformName: android, platformVersion: 9.0, udid: emulator-5554}, deviceApiLevel: 29, deviceManufacturer: Google, deviceModel: Android SDK built for x86, deviceName: emulator-5554, deviceScreenDensity: 480, deviceScreenSize: 1080x1920, deviceUDID: emulator-5554, javascriptEnabled: true, locationContextEnabled: false, networkConnectionEnabled: true, noReset: true, pixelRatio: 3, platform: LINUX, platformName: Android, platformVersion: 10, statBarHeight: 72, takesScreenshot: true, udid: emulator-5554, viewportRect: {height: 1704, left: 0, top: 72, width: 1080}, warnings: {}, webStorageEnabled: false}
Session ID: 19d32528-8a25-48e9-bc51-e3eb0c10c949]]>
            </message>
            <full-stacktrace>
              <![CDATA[org.openqa.selenium.NoSuchSessionException: A session is either terminated or not started
Build info: version: '3.141.59', revision: 'e82be7d358', time: '2018-11-14T08:17:03'
System info: host: 'DESKTOP-NQRRDTM', ip: '192.168.1.213', os.name: 'Windows 10', os.arch: 'amd64', os.version: '10.0', java.version: '1.8.0_241'
Driver info: io.appium.java_client.android.AndroidDriver
Capabilities {appActivity: com.martitech.marti.ui.acti..., appPackage: com.martitech.marti.dev, autoGrantPermissions: true, databaseEnabled: false, desired: {appActivity: com.martitech.marti.ui.acti..., appPackage: com.martitech.marti.dev, autoGrantPermissions: true, deviceName: Emulator_1, noReset: true, platformName: android, platformVersion: 9.0, udid: emulator-5554}, deviceApiLevel: 29, deviceManufacturer: Google, deviceModel: Android SDK built for x86, deviceName: emulator-5554, deviceScreenDensity: 480, deviceScreenSize: 1080x1920, deviceUDID: emulator-5554, javascriptEnabled: true, locationContextEnabled: false, networkConnectionEnabled: true, noReset: true, pixelRatio: 3, platform: LINUX, platformName: Android, platformVersion: 10, statBarHeight: 72, takesScreenshot: true, udid: emulator-5554, viewportRect: {height: 1704, left: 0, top: 72, width: 1080}, warnings: {}, webStorageEnabled: false}
Session ID: 19d32528-8a25-48e9-bc51-e3eb0c10c949
at sun.reflect.NativeConstructorAccessorImpl.newInstance0(Native Method)
at sun.reflect.NativeConstructorAccessorImpl.newInstance(Unknown Source)
at sun.reflect.DelegatingConstructorAccessorImpl.newInstance(Unknown Source)
at java.lang.reflect.Constructor.newInstance(Unknown Source)
at org.openqa.selenium.remote.http.W3CHttpResponseCodec.createException(W3CHttpResponseCodec.java:187)
at org.openqa.selenium.remote.http.W3CHttpResponseCodec.decode(W3CHttpResponseCodec.java:122)
at org.openqa.selenium.remote.http.W3CHttpResponseCodec.decode(W3CHttpResponseCodec.java:49)
at org.openqa.selenium.remote.HttpCommandExecutor.execute(HttpCommandExecutor.java:158)
at io.appium.java_client.remote.AppiumCommandExecutor.execute(AppiumCommandExecutor.java:239)
at org.openqa.selenium.remote.RemoteWebDriver.execute(RemoteWebDriver.java:552)
at io.appium.java_client.DefaultGenericMobileDriver.execute(DefaultGenericMobileDriver.java:45)
at io.appium.java_client.AppiumDriver.execute(AppiumDriver.java:1)
at io.appium.java_client.android.AndroidDriver.execute(AndroidDriver.java:1)
at org.openqa.selenium.remote.RemoteWebDriver.getScreenshotAs(RemoteWebDriver.java:295)
at utilities.ExtentReportUtilities.getScreenshot(ExtentReportUtilities.java:16)
at utilities.TestBase.tearDown(TestBase.java:213)
at sun.reflect.GeneratedMethodAccessor6.invoke(Unknown Source)
at sun.reflect.DelegatingMethodAccessorImpl.invoke(Unknown Source)
at java.lang.reflect.Method.invoke(Unknown Source)
at org.testng.internal.MethodInvocationHelper.invokeMethod(MethodInvocationHelper.java:124)
at org.testng.internal.MethodInvocationHelper.invokeMethodConsideringTimeout(MethodInvocationHelper.java:59)
at org.testng.internal.Invoker.invokeConfigurationMethod(Invoker.java:458)
at org.testng.internal.Invoker.invokeConfigurations(Invoker.java:222)
at org.testng.internal.Invoker.invokeMethod(Invoker.java:646)
at org.testng.internal.Invoker.invokeTestMethod(Invoker.java:719)
at org.testng.internal.Invoker.invokeTestMethods(Invoker.java:989)
at org.testng.internal.TestMethodWorker.invokeTestMethods(TestMethodWorker.java:125)
at org.testng.internal.TestMethodWorker.run(TestMethodWorker.java:109)
at java.util.concurrent.ThreadPoolExecutor.runWorker(Unknown Source)
at java.util.concurrent.ThreadPoolExecutor$Worker.run(Unknown Source)
at java.lang.Thread.run(Unknown Source)
]]>
            </full-stacktrace>
          </exception> <!-- org.openqa.selenium.NoSuchSessionException -->
          <reporter-output>
          </reporter-output>
        </test-method> <!-- TC_082_Yardim_Dokumanina_Erisim -->
        <test-method status="PASS" signature="tearDown(org.testng.ITestResult)[pri:0, instance:tests.android.ride.Menu@2d3379b4]" name="tearDown" is-config="true" duration-ms="349" started-at="2020-11-09T09:28:14Z" finished-at="2020-11-09T09:28:14Z">
          <params>
            <param index="0">
              <value>
                <![CDATA[[TestResult name={null} status=CREATED method=Menu.TC_082_Yardim_Dokumanina_Erisim()[pri:82, instance:tests.android.ride.Menu@2d3379b4] output={null}]]]>
              </value>
            </param>
          </params>
          <reporter-output>
          </reporter-output>
        </test-method> <!-- tearDown -->
        <test-method status="PASS" signature="setUp(java.lang.reflect.Method)[pri:0, instance:tests.android.ride.Menu@2d3379b4]" name="setUp" is-config="true" duration-ms="8021" started-at="2020-11-09T09:28:14Z" finished-at="2020-11-09T09:28:22Z">
          <params>
            <param index="0">
              <value>
                <![CDATA[public void tests.android.ride.Menu.TC_083_Kvkk_Aydinlatma_Metnine_Erisim()]]>
              </value>
            </param>
          </params>
          <reporter-output>
          </reporter-output>
        </test-method> <!-- setUp -->
        <test-method status="SKIP" signature="TC_083_Kvkk_Aydinlatma_Metnine_Erisim()[pri:83, instance:tests.android.ride.Menu@2d3379b4]" name="TC_083_Kvkk_Aydinlatma_Metnine_Erisim" duration-ms="0" started-at="2020-11-09T09:28:22Z" finished-at="2020-11-09T09:28:22Z">
          <exception class="org.openqa.selenium.NoSuchSessionException">
            <message>
              <![CDATA[A session is either terminated or not started
Build info: version: '3.141.59', revision: 'e82be7d358', time: '2018-11-14T08:17:03'
System info: host: 'DESKTOP-NQRRDTM', ip: '192.168.1.213', os.name: 'Windows 10', os.arch: 'amd64', os.version: '10.0', java.version: '1.8.0_241'
Driver info: io.appium.java_client.android.AndroidDriver
Capabilities {appActivity: com.martitech.marti.ui.acti..., appPackage: com.martitech.marti.dev, autoGrantPermissions: true, databaseEnabled: false, desired: {appActivity: com.martitech.marti.ui.acti..., appPackage: com.martitech.marti.dev, autoGrantPermissions: true, deviceName: Emulator_1, noReset: true, platformName: android, platformVersion: 9.0, udid: emulator-5554}, deviceApiLevel: 29, deviceManufacturer: Google, deviceModel: Android SDK built for x86, deviceName: emulator-5554, deviceScreenDensity: 480, deviceScreenSize: 1080x1920, deviceUDID: emulator-5554, javascriptEnabled: true, locationContextEnabled: false, networkConnectionEnabled: true, noReset: true, pixelRatio: 3, platform: LINUX, platformName: Android, platformVersion: 10, statBarHeight: 72, takesScreenshot: true, udid: emulator-5554, viewportRect: {height: 1704, left: 0, top: 72, width: 1080}, warnings: {}, webStorageEnabled: false}
Session ID: 19d32528-8a25-48e9-bc51-e3eb0c10c949]]>
            </message>
            <full-stacktrace>
              <![CDATA[org.openqa.selenium.NoSuchSessionException: A session is either terminated or not started
Build info: version: '3.141.59', revision: 'e82be7d358', time: '2018-11-14T08:17:03'
System info: host: 'DESKTOP-NQRRDTM', ip: '192.168.1.213', os.name: 'Windows 10', os.arch: 'amd64', os.version: '10.0', java.version: '1.8.0_241'
Driver info: io.appium.java_client.android.AndroidDriver
Capabilities {appActivity: com.martitech.marti.ui.acti..., appPackage: com.martitech.marti.dev, autoGrantPermissions: true, databaseEnabled: false, desired: {appActivity: com.martitech.marti.ui.acti..., appPackage: com.martitech.marti.dev, autoGrantPermissions: true, deviceName: Emulator_1, noReset: true, platformName: android, platformVersion: 9.0, udid: emulator-5554}, deviceApiLevel: 29, deviceManufacturer: Google, deviceModel: Android SDK built for x86, deviceName: emulator-5554, deviceScreenDensity: 480, deviceScreenSize: 1080x1920, deviceUDID: emulator-5554, javascriptEnabled: true, locationContextEnabled: false, networkConnectionEnabled: true, noReset: true, pixelRatio: 3, platform: LINUX, platformName: Android, platformVersion: 10, statBarHeight: 72, takesScreenshot: true, udid: emulator-5554, viewportRect: {height: 1704, left: 0, top: 72, width: 1080}, warnings: {}, webStorageEnabled: false}
Session ID: 19d32528-8a25-48e9-bc51-e3eb0c10c949
at sun.reflect.NativeConstructorAccessorImpl.newInstance0(Native Method)
at sun.reflect.NativeConstructorAccessorImpl.newInstance(Unknown Source)
at sun.reflect.DelegatingConstructorAccessorImpl.newInstance(Unknown Source)
at java.lang.reflect.Constructor.newInstance(Unknown Source)
at org.openqa.selenium.remote.http.W3CHttpResponseCodec.createException(W3CHttpResponseCodec.java:187)
at org.openqa.selenium.remote.http.W3CHttpResponseCodec.decode(W3CHttpResponseCodec.java:122)
at org.openqa.selenium.remote.http.W3CHttpResponseCodec.decode(W3CHttpResponseCodec.java:49)
at org.openqa.selenium.remote.HttpCommandExecutor.execute(HttpCommandExecutor.java:158)
at io.appium.java_client.remote.AppiumCommandExecutor.execute(AppiumCommandExecutor.java:239)
at org.openqa.selenium.remote.RemoteWebDriver.execute(RemoteWebDriver.java:552)
at io.appium.java_client.DefaultGenericMobileDriver.execute(DefaultGenericMobileDriver.java:45)
at io.appium.java_client.AppiumDriver.execute(AppiumDriver.java:1)
at io.appium.java_client.android.AndroidDriver.execute(AndroidDriver.java:1)
at org.openqa.selenium.remote.RemoteWebDriver.getScreenshotAs(RemoteWebDriver.java:295)
at utilities.ExtentReportUtilities.getScreenshot(ExtentReportUtilities.java:16)
at utilities.TestBase.tearDown(TestBase.java:213)
at sun.reflect.GeneratedMethodAccessor6.invoke(Unknown Source)
at sun.reflect.DelegatingMethodAccessorImpl.invoke(Unknown Source)
at java.lang.reflect.Method.invoke(Unknown Source)
at org.testng.internal.MethodInvocationHelper.invokeMethod(MethodInvocationHelper.java:124)
at org.testng.internal.MethodInvocationHelper.invokeMethodConsideringTimeout(MethodInvocationHelper.java:59)
at org.testng.internal.Invoker.invokeConfigurationMethod(Invoker.java:458)
at org.testng.internal.Invoker.invokeConfigurations(Invoker.java:222)
at org.testng.internal.Invoker.invokeMethod(Invoker.java:646)
at org.testng.internal.Invoker.invokeTestMethod(Invoker.java:719)
at org.testng.internal.Invoker.invokeTestMethods(Invoker.java:989)
at org.testng.internal.TestMethodWorker.invokeTestMethods(TestMethodWorker.java:125)
at org.testng.internal.TestMethodWorker.run(TestMethodWorker.java:109)
at java.util.concurrent.ThreadPoolExecutor.runWorker(Unknown Source)
at java.util.concurrent.ThreadPoolExecutor$Worker.run(Unknown Source)
at java.lang.Thread.run(Unknown Source)
]]>
            </full-stacktrace>
          </exception> <!-- org.openqa.selenium.NoSuchSessionException -->
          <reporter-output>
          </reporter-output>
        </test-method> <!-- TC_083_Kvkk_Aydinlatma_Metnine_Erisim -->
        <test-method status="PASS" signature="tearDown(org.testng.ITestResult)[pri:0, instance:tests.android.ride.Menu@2d3379b4]" name="tearDown" is-config="true" duration-ms="384" started-at="2020-11-09T09:28:22Z" finished-at="2020-11-09T09:28:23Z">
          <params>
            <param index="0">
              <value>
                <![CDATA[[TestResult name={null} status=CREATED method=Menu.TC_083_Kvkk_Aydinlatma_Metnine_Erisim()[pri:83, instance:tests.android.ride.Menu@2d3379b4] output={null}]]]>
              </value>
            </param>
          </params>
          <reporter-output>
          </reporter-output>
        </test-method> <!-- tearDown -->
        <test-method status="PASS" signature="setUp(java.lang.reflect.Method)[pri:0, instance:tests.android.ride.Menu@2d3379b4]" name="setUp" is-config="true" duration-ms="6943" started-at="2020-11-09T09:28:23Z" finished-at="2020-11-09T09:28:30Z">
          <params>
            <param index="0">
              <value>
                <![CDATA[public void tests.android.ride.Menu.TC_084_Kullanici_Sozlesmesine_Erisim()]]>
              </value>
            </param>
          </params>
          <reporter-output>
          </reporter-output>
        </test-method> <!-- setUp -->
        <test-method status="SKIP" signature="TC_084_Kullanici_Sozlesmesine_Erisim()[pri:84, instance:tests.android.ride.Menu@2d3379b4]" name="TC_084_Kullanici_Sozlesmesine_Erisim" duration-ms="0" started-at="2020-11-09T09:28:30Z" finished-at="2020-11-09T09:28:30Z">
          <exception class="org.openqa.selenium.NoSuchSessionException">
            <message>
              <![CDATA[A session is either terminated or not started
Build info: version: '3.141.59', revision: 'e82be7d358', time: '2018-11-14T08:17:03'
System info: host: 'DESKTOP-NQRRDTM', ip: '192.168.1.213', os.name: 'Windows 10', os.arch: 'amd64', os.version: '10.0', java.version: '1.8.0_241'
Driver info: io.appium.java_client.android.AndroidDriver
Capabilities {appActivity: com.martitech.marti.ui.acti..., appPackage: com.martitech.marti.dev, autoGrantPermissions: true, databaseEnabled: false, desired: {appActivity: com.martitech.marti.ui.acti..., appPackage: com.martitech.marti.dev, autoGrantPermissions: true, deviceName: Emulator_1, noReset: true, platformName: android, platformVersion: 9.0, udid: emulator-5554}, deviceApiLevel: 29, deviceManufacturer: Google, deviceModel: Android SDK built for x86, deviceName: emulator-5554, deviceScreenDensity: 480, deviceScreenSize: 1080x1920, deviceUDID: emulator-5554, javascriptEnabled: true, locationContextEnabled: false, networkConnectionEnabled: true, noReset: true, pixelRatio: 3, platform: LINUX, platformName: Android, platformVersion: 10, statBarHeight: 72, takesScreenshot: true, udid: emulator-5554, viewportRect: {height: 1704, left: 0, top: 72, width: 1080}, warnings: {}, webStorageEnabled: false}
Session ID: 19d32528-8a25-48e9-bc51-e3eb0c10c949]]>
            </message>
            <full-stacktrace>
              <![CDATA[org.openqa.selenium.NoSuchSessionException: A session is either terminated or not started
Build info: version: '3.141.59', revision: 'e82be7d358', time: '2018-11-14T08:17:03'
System info: host: 'DESKTOP-NQRRDTM', ip: '192.168.1.213', os.name: 'Windows 10', os.arch: 'amd64', os.version: '10.0', java.version: '1.8.0_241'
Driver info: io.appium.java_client.android.AndroidDriver
Capabilities {appActivity: com.martitech.marti.ui.acti..., appPackage: com.martitech.marti.dev, autoGrantPermissions: true, databaseEnabled: false, desired: {appActivity: com.martitech.marti.ui.acti..., appPackage: com.martitech.marti.dev, autoGrantPermissions: true, deviceName: Emulator_1, noReset: true, platformName: android, platformVersion: 9.0, udid: emulator-5554}, deviceApiLevel: 29, deviceManufacturer: Google, deviceModel: Android SDK built for x86, deviceName: emulator-5554, deviceScreenDensity: 480, deviceScreenSize: 1080x1920, deviceUDID: emulator-5554, javascriptEnabled: true, locationContextEnabled: false, networkConnectionEnabled: true, noReset: true, pixelRatio: 3, platform: LINUX, platformName: Android, platformVersion: 10, statBarHeight: 72, takesScreenshot: true, udid: emulator-5554, viewportRect: {height: 1704, left: 0, top: 72, width: 1080}, warnings: {}, webStorageEnabled: false}
Session ID: 19d32528-8a25-48e9-bc51-e3eb0c10c949
at sun.reflect.NativeConstructorAccessorImpl.newInstance0(Native Method)
at sun.reflect.NativeConstructorAccessorImpl.newInstance(Unknown Source)
at sun.reflect.DelegatingConstructorAccessorImpl.newInstance(Unknown Source)
[...]
          <params>
            <param index="0">
              <value>
                <![CDATA[[TestResult name=TC_061_Ceza_Kurallarina_Erisim status=FAILURE method=Surus.TC_061_Ceza_Kurallarina_Erisim()[pri:61, instance:tests.android.ride.Surus@618b19ad] output={null}]]]>
              </value>
            </param>
          </params>
          <reporter-output>
          </reporter-output>
        </test-method> <!-- tearDown -->
        <test-method status="PASS" signature="setUp(java.lang.reflect.Method)[pri:0, instance:tests.android.ride.Surus@618b19ad]" name="setUp" is-config="true" duration-ms="6968" started-at="2020-11-09T08:57:42Z" finished-at="2020-11-09T08:57:49Z">
          <params>
            <param index="0">
              <value>
                <![CDATA[public void tests.android.ride.Surus.TC_062_Odeme_Hatasi()]]>
              </value>
            </param>
          </params>
          <reporter-output>
          </reporter-output>
        </test-method> <!-- setUp -->
        <test-method status="PASS" signature="TC_062_Odeme_Hatasi()[pri:62, instance:tests.android.ride.Surus@618b19ad]" name="TC_062_Odeme_Hatasi" duration-ms="25151" started-at="2020-11-09T08:57:49Z" finished-at="2020-11-09T08:58:14Z">
          <reporter-output>
          </reporter-output>
        </test-method> <!-- TC_062_Odeme_Hatasi -->
        <test-method status="PASS" signature="tearDown(org.testng.ITestResult)[pri:0, instance:tests.android.ride.Surus@618b19ad]" name="tearDown" is-config="true" duration-ms="600" started-at="2020-11-09T08:58:14Z" finished-at="2020-11-09T08:58:15Z">
          <params>
            <param index="0">
              <value>
                <![CDATA[[TestResult name=TC_062_Odeme_Hatasi status=SUCCESS method=Surus.TC_062_Odeme_Hatasi()[pri:62, instance:tests.android.ride.Surus@618b19ad] output={null}]]]>
              </value>
            </param>
          </params>
          <reporter-output>
          </reporter-output>
        </test-method> <!-- tearDown -->
        <test-method status="PASS" signature="setUp(java.lang.reflect.Method)[pri:0, instance:tests.android.ride.Surus@618b19ad]" name="setUp" is-config="true" duration-ms="8248" started-at="2020-11-09T08:58:15Z" finished-at="2020-11-09T08:58:23Z">
          <params>
            <param index="0">
              <value>
                <![CDATA[public void tests.android.ride.Surus.TC_063_Odeme_Hatasi_Borc_Ekle()]]>
              </value>
            </param>
          </params>
          <reporter-output>
          </reporter-output>
        </test-method> <!-- setUp -->
        <test-method status="PASS" signature="TC_063_Odeme_Hatasi_Borc_Ekle()[pri:63, instance:tests.android.ride.Surus@618b19ad]" name="TC_063_Odeme_Hatasi_Borc_Ekle" duration-ms="22677" started-at="2020-11-09T08:58:23Z" finished-at="2020-11-09T08:58:46Z">
          <reporter-output>
          </reporter-output>
        </test-method> <!-- TC_063_Odeme_Hatasi_Borc_Ekle -->
        <test-method status="PASS" signature="tearDown(org.testng.ITestResult)[pri:0, instance:tests.android.ride.Surus@618b19ad]" name="tearDown" is-config="true" duration-ms="450" started-at="2020-11-09T08:58:46Z" finished-at="2020-11-09T08:58:46Z">
          <params>
            <param index="0">
              <value>
                <![CDATA[[TestResult name=TC_063_Odeme_Hatasi_Borc_Ekle status=SUCCESS method=Surus.TC_063_Odeme_Hatasi_Borc_Ekle()[pri:63, instance:tests.android.ride.Surus@618b19ad] output={null}]]]>
              </value>
            </param>
          </params>
          <reporter-output>
          </reporter-output>
        </test-method> <!-- tearDown -->
        <test-method status="PASS" signature="setUp(java.lang.reflect.Method)[pri:0, instance:tests.android.ride.Surus@618b19ad]" name="setUp" is-config="true" duration-ms="7036" started-at="2020-11-09T08:58:46Z" finished-at="2020-11-09T08:58:53Z">
          <params>
            <param index="0">
              <value>
                <![CDATA[public void tests.android.ride.Surus.TC_064_Surus_Bitir_Basarili()]]>
              </value>
            </param>
          </params>
          <reporter-output>
          </reporter-output>
        </test-method> <!-- setUp -->
        <test-method status="FAIL" signature="TC_064_Surus_Bitir_Basarili()[pri:64, instance:tests.android.ride.Surus@618b19ad]" name="TC_064_Surus_Bitir_Basarili" duration-ms="49641" started-at="2020-11-09T08:58:53Z" finished-at="2020-11-09T08:59:43Z">
          <exception class="java.lang.AssertionError">
            <message>
              <![CDATA[expected [₺5,53] but found [₺ 5,53]]]>
            </message>
            <full-stacktrace>
              <![CDATA[java.lang.AssertionError: expected [₺5,53] but found [₺ 5,53]
at org.testng.Assert.fail(Assert.java:96)
at org.testng.Assert.failNotEquals(Assert.java:776)
at org.testng.Assert.assertEqualsImpl(Assert.java:137)
at org.testng.Assert.assertEquals(Assert.java:118)
at org.testng.Assert.assertEquals(Assert.java:453)
at org.testng.Assert.assertEquals(Assert.java:463)
at utilities.PageBaseAndroid.assertEquals(PageBaseAndroid.java:300)
at pages.android.ride.pageSurus.Yolculuk_Ozeti_Kontrol(pageSurus.java:262)
at tests.android.ride.Surus.TC_064_Surus_Bitir_Basarili(Surus.java:654)
at sun.reflect.NativeMethodAccessorImpl.invoke0(Native Method)
at sun.reflect.NativeMethodAccessorImpl.invoke(Unknown Source)
at sun.reflect.DelegatingMethodAccessorImpl.invoke(Unknown Source)
at java.lang.reflect.Method.invoke(Unknown Source)
at org.testng.internal.MethodInvocationHelper.invokeMethod(MethodInvocationHelper.java:124)
at org.testng.internal.Invoker.invokeMethod(Invoker.java:583)
at org.testng.internal.Invoker.invokeTestMethod(Invoker.java:719)
at org.testng.internal.Invoker.invokeTestMethods(Invoker.java:989)
at org.testng.internal.TestMethodWorker.invokeTestMethods(TestMethodWorker.java:125)
at org.testng.internal.TestMethodWorker.run(TestMethodWorker.java:109)
at java.util.concurrent.ThreadPoolExecutor.runWorker(Unknown Source)
at java.util.concurrent.ThreadPoolExecutor$Worker.run(Unknown Source)
at java.lang.Thread.run(Unknown Source)
]]>
            </full-stacktrace>
          </exception> <!-- java.lang.AssertionError -->
          <reporter-output>
          </reporter-output>
        </test-method> <!-- TC_064_Surus_Bitir_Basarili -->
        <test-method status="PASS" signature="tearDown(org.testng.ITestResult)[pri:0, instance:tests.android.ride.Surus@618b19ad]" name="tearDown" is-config="true" duration-ms="974" started-at="2020-11-09T08:59:43Z" finished-at="2020-11-09T08:59:44Z">
          <params>
            <param index="0">
              <value>
                <![CDATA[[TestResult name=TC_064_Surus_Bitir_Basarili status=FAILURE method=Surus.TC_064_Surus_Bitir_Basarili()[pri:64, instance:tests.android.ride.Surus@618b19ad] output={null}]]]>
              </value>
            </param>
          </params>
          <reporter-output>
          </reporter-output>
        </test-method> <!-- tearDown -->
        <test-method status="PASS" signature="setUp(java.lang.reflect.Method)[pri:0, instance:tests.android.ride.Surus@618b19ad]" name="setUp" is-config="true" duration-ms="7335" started-at="2020-11-09T08:59:44Z" finished-at="2020-11-09T08:59:51Z">
          <params>
            <param index="0">
              <value>
                <![CDATA[public void tests.android.ride.Surus.TC_065_Surus_Bitir_Basarili_Wallet()]]>
              </value>
            </param>
          </params>
          <reporter-output>
          </reporter-output>
        </test-method> <!-- setUp -->
        <test-method status="PASS" signature="TC_065_Surus_Bitir_Basarili_Wallet()[pri:65, instance:tests.android.ride.Surus@618b19ad]" name="TC_065_Surus_Bitir_Basarili_Wallet" duration-ms="41860" started-at="2020-11-09T08:59:51Z" finished-at="2020-11-09T09:00:33Z">
          <reporter-output>
          </reporter-output>
        </test-method> <!-- TC_065_Surus_Bitir_Basarili_Wallet -->
        <test-method status="PASS" signature="tearDown(org.testng.ITestResult)[pri:0, instance:tests.android.ride.Surus@618b19ad]" name="tearDown" is-config="true" duration-ms="525" started-at="2020-11-09T09:00:33Z" finished-at="2020-11-09T09:00:33Z">
          <params>
            <param index="0">
              <value>
                <![CDATA[[TestResult name=TC_065_Surus_Bitir_Basarili_Wallet status=SUCCESS method=Surus.TC_065_Surus_Bitir_Basarili_Wallet()[pri:65, instance:tests.android.ride.Surus@618b19ad] output={null}]]]>
              </value>
            </param>
          </params>
          <reporter-output>
          </reporter-output>
        </test-method> <!-- tearDown -->
        <test-method status="PASS" signature="setUp(java.lang.reflect.Method)[pri:0, instance:tests.android.ride.Surus@618b19ad]" name="setUp" is-config="true" duration-ms="8479" started-at="2020-11-09T09:00:33Z" finished-at="2020-11-09T09:00:42Z">
          <params>
            <param index="0">
              <value>
                <![CDATA[public void tests.android.ride.Surus.TC_066_Surus_Bitir_Basarisiz_Wallet_Yetersiz()]]>
              </value>
            </param>
          </params>
          <reporter-output>
          </reporter-output>
        </test-method> <!-- setUp -->
        <test-method status="PASS" signature="TC_066_Surus_Bitir_Basarisiz_Wallet_Yetersiz()[pri:66, instance:tests.android.ride.Surus@618b19ad]" name="TC_066_Surus_Bitir_Basarisiz_Wallet_Yetersiz" duration-ms="34337" started-at="2020-11-09T09:00:42Z" finished-at="2020-11-09T09:01:16Z">
          <reporter-output>
          </reporter-output>
        </test-method> <!-- TC_066_Surus_Bitir_Basarisiz_Wallet_Yetersiz -->
        <test-method status="PASS" signature="tearDown(org.testng.ITestResult)[pri:0, instance:tests.android.ride.Surus@618b19ad]" name="tearDown" is-config="true" duration-ms="580" started-at="2020-11-09T09:01:16Z" finished-at="2020-11-09T09:01:17Z">
          <params>
            <param index="0">
              <value>
                <![CDATA[[TestResult name=TC_066_Surus_Bitir_Basarisiz_Wallet_Yetersiz status=SUCCESS method=Surus.TC_066_Surus_Bitir_Basarisiz_Wallet_Yetersiz()[pri:66, instance:tests.android.ride.Surus@618b19ad] output={null}]]]>
              </value>
            </param>
          </params>
          <reporter-output>
          </reporter-output>
        </test-method> <!-- tearDown -->
        <test-method status="PASS" signature="setUp(java.lang.reflect.Method)[pri:0, instance:tests.android.ride.Surus@618b19ad]" name="setUp" is-config="true" duration-ms="7126" started-at="2020-11-09T09:01:17Z" finished-at="2020-11-09T09:01:24Z">
          <params>
            <param index="0">
              <value>
                <![CDATA[public void tests.android.ride.Surus.TC_067_Surus_Bitir_Basarili_Kupon_Kullanildi()]]>
              </value>
            </param>
          </params>
          <reporter-output>
          </reporter-output>
        </test-method> <!-- setUp -->
        <test-method status="FAIL" signature="TC_067_Surus_Bitir_Basarili_Kupon_Kullanildi()[pri:67, instance:tests.android.ride.Surus@618b19ad]" name="TC_067_Surus_Bitir_Basarili_Kupon_Kullanildi" duration-ms="44690" started-at="2020-11-09T09:01:24Z" finished-at="2020-11-09T09:02:09Z">
          <exception class="org.openqa.selenium.TimeoutException">
            <message>
              <![CDATA[Expected condition failed: waiting for element to be clickable: By.id: btnEndRide (tried for 30 second(s) with 500 milliseconds interval)]]>
            </message>
            <full-stacktrace>
              <![CDATA[org.openqa.selenium.TimeoutException: Expected condition failed: waiting for element to be clickable: By.id: btnEndRide (tried for 30 second(s) with 500 milliseconds interval)
at org.openqa.selenium.support.ui.WebDriverWait.timeoutException(WebDriverWait.java:95)
at org.openqa.selenium.support.ui.FluentWait.until(FluentWait.java:272)
at utilities.PageBaseAndroid.waitClickable(PageBaseAndroid.java:156)
at utilities.PageBaseAndroid.click(PageBaseAndroid.java:188)
at pages.android.ride.pageSurus.Surus_Bitir_Basarili_Kupon_Kullanildi(pageSurus.java:249)
at tests.android.ride.Surus.TC_067_Surus_Bitir_Basarili_Kupon_Kullanildi(Surus.java:772)
at sun.reflect.NativeMethodAccessorImpl.invoke0(Native Method)
at sun.reflect.NativeMethodAccessorImpl.invoke(Unknown Source)
at sun.reflect.DelegatingMethodAccessorImpl.invoke(Unknown Source)
at java.lang.reflect.Method.invoke(Unknown Source)
at org.testng.internal.MethodInvocationHelper.invokeMethod(MethodInvocationHelper.java:124)
at org.testng.internal.Invoker.invokeMethod(Invoker.java:583)
at org.testng.internal.Invoker.invokeTestMethod(Invoker.java:719)
at org.testng.internal.Invoker.invokeTestMethods(Invoker.java:989)
at org.testng.internal.TestMethodWorker.invokeTestMethods(TestMethodWorker.java:125)
at org.testng.internal.TestMethodWorker.run(TestMethodWorker.java:109)
at java.util.concurrent.ThreadPoolExecutor.runWorker(Unknown Source)
at java.util.concurrent.ThreadPoolExecutor$Worker.run(Unknown Source)
at java.lang.Thread.run(Unknown Source)
Caused by: org.openqa.selenium.NoSuchElementException: An element could not be located on the page using the given search parameters.
For documentation on this error, please visit: https://www.seleniumhq.org/exceptions/no_such_element.html
Build info: version: '3.141.59', revision: 'e82be7d358', time: '2018-11-14T08:17:03'
System info: host: 'DESKTOP-NQRRDTM', ip: '192.168.1.213', os.name: 'Windows 10', os.arch: 'amd64', os.version: '10.0', java.version: '1.8.0_241'
Driver info: io.appium.java_client.android.AndroidDriver
Capabilities {appActivity: com.martitech.marti.ui.acti..., appPackage: com.martitech.marti.dev, autoGrantPermissions: true, databaseEnabled: false, desired: {appActivity: com.martitech.marti.ui.acti..., appPackage: com.martitech.marti.dev, autoGrantPermissions: true, deviceName: Emulator_1, noReset: true, platformName: android, platformVersion: 9.0, udid: emulator-5554}, deviceApiLevel: 29, deviceManufacturer: Google, deviceModel: Android SDK built for x86, deviceName: emulator-5554, deviceScreenDensity: 480, deviceScreenSize: 1080x1920, deviceUDID: emulator-5554, javascriptEnabled: true, locationContextEnabled: false, networkConnectionEnabled: true, noReset: true, pixelRatio: 3, platform: LINUX, platformName: Android, platformVersion: 10, statBarHeight: 72, takesScreenshot: true, udid: emulator-5554, viewportRect: {height: 1704, left: 0, top: 72, width: 1080}, warnings: {}, webStorageEnabled: false}
Session ID: 5dfbdc41-a6f4-4ad7-876e-b691f5a87c1f
*** Element info: {Using=id, value=btnEndRide}
at sun.reflect.GeneratedConstructorAccessor30.newInstance(Unknown Source)
at sun.reflect.DelegatingConstructorAccessorImpl.newInstance(Unknown Source)
at java.lang.reflect.Constructor.newInstance(Unknown Source)
at org.openqa.selenium.remote.http.W3CHttpResponseCodec.createException(W3CHttpResponseCodec.java:187)
at org.openqa.selenium.remote.http.W3CHttpResponseCodec.decode(W3CHttpResponseCodec.java:122)
at org.openqa.selenium.remote.http.W3CHttpResponseCodec.decode(W3CHttpResponseCodec.java:49)
at org.openqa.selenium.remote.HttpCommandExecutor.execute(HttpCommandExecutor.java:158)
at io.appium.java_client.remote.AppiumCommandExecutor.execute(AppiumCommandExecutor.java:239)
at org.openqa.selenium.remote.RemoteWebDriver.execute(RemoteWebDriver.java:552)
at io.appium.java_client.DefaultGenericMobileDriver.execute(DefaultGenericMobileDriver.java:41)
at io.appium.java_client.AppiumDriver.execute(AppiumDriver.java:1)
at io.appium.java_client.android.AndroidDriver.execute(AndroidDriver.java:1)
at org.openqa.selenium.remote.RemoteWebDriver.findElement(RemoteWebDriver.java:323)
at io.appium.java_client.DefaultGenericMobileDriver.findElement(DefaultGenericMobileDriver.java:61)
at io.appium.java_client.AppiumDriver.findElement(AppiumDriver.java:1)
at io.appium.java_client.android.AndroidDriver.findElement(AndroidDriver.java:1)
at org.openqa.selenium.remote.RemoteWebDriver.findElementById(RemoteWebDriver.java:372)
at io.appium.java_client.DefaultGenericMobileDriver.findElementById(DefaultGenericMobileDriver.java:69)
at io.appium.java_client.AppiumDriver.findElementById(AppiumDriver.java:1)
at io.appium.java_client.android.AndroidDriver.findElementById(AndroidDriver.java:1)
at org.openqa.selenium.By$ById.findElement(By.java:188)
at org.openqa.selenium.remote.RemoteWebDriver.findElement(RemoteWebDriver.java:315)
at io.appium.java_client.DefaultGenericMobileDriver.findElement(DefaultGenericMobileDriver.java:57)
at io.appium.java_client.AppiumDriver.findElement(AppiumDriver.java:1)
at io.appium.java_client.android.AndroidDriver.findElement(AndroidDriver.java:1)
at org.openqa.selenium.support.ui.ExpectedConditions$7.apply(ExpectedConditions.java:205)
at org.openqa.selenium.support.ui.ExpectedConditions$7.apply(ExpectedConditions.java:201)
at org.openqa.selenium.support.ui.ExpectedConditions$22.apply(ExpectedConditions.java:641)
at org.openqa.selenium.support.ui.ExpectedConditions$22.apply(ExpectedConditions.java:638)
at org.openqa.selenium.support.ui.FluentWait.until(FluentWait.java:249)
... 17 more
]]>
            </full-stacktrace>
          </exception> <!-- org.openqa.selenium.TimeoutException -->
          <reporter-output>
          </reporter-output>
        </test-method> <!-- TC_067_Surus_Bitir_Basarili_Kupon_Kullanildi -->
        <test-method status="PASS" signature="tearDown(org.testng.ITestResult)[pri:0, instance:tests.android.ride.Surus@618b19ad]" name="tearDown" is-config="true" duration-ms="1045" started-at="2020-11-09T09:02:09Z" finished-at="2020-11-09T09:02:10Z">
          <params>
            <param index="0">
              <value>
                <![CDATA[[TestResult name=TC_067_Surus_Bitir_Basarili_Kupon_Kullanildi status=FAILURE method=Surus.TC_067_Surus_Bitir_Basarili_Kupon_Kullanildi()[pri:67, instance:tests.android.ride.Surus@618b19ad] output={null}]]]>
              </value>
            </param>
          </params>
          <reporter-output>
          </reporter-output>
        </test-method> <!-- tearDown -->
        <test-method status="PASS" signature="setUp(java.lang.reflect.Method)[pri:0, instance:tests.android.ride.Surus@618b19ad]" name="setUp" is-config="true" duration-ms="8241" started-at="2020-11-09T09:02:10Z" finished-at="2020-11-09T09:02:18Z">
          <params>
            <param index="0">
              <value>
                <![CDATA[public void tests.android.ride.Surus.TC_068_Uygulama_Degerlendirme()]]>
              </value>
            </param>
          </params>
          <reporter-output>
          </reporter-output>
        </test-method> <!-- setUp -->
        <test-method status="PASS" signature="TC_068_Uygulama_Degerlendirme()[pri:68, instance:tests.android.ride.Surus@618b19ad]" name="TC_068_Uygulama_Degerlendirme" duration-ms="7592" started-at="2020-11-09T09:02:18Z" finished-at="2020-11-09T09:02:25Z">
          <reporter-output>
          </reporter-output>
        </test-method> <!-- TC_068_Uygulama_Degerlendirme -->
        <test-method status="PASS" signature="tearDown(org.testng.ITestResult)[pri:0, instance:tests.android.ride.Surus@618b19ad]" name="tearDown" is-config="true" duration-ms="359" started-at="2020-11-09T09:02:25Z" finished-at="2020-11-09T09:02:26Z">
          <params>
            <param index="0">
              <value>
                <![CDATA[[TestResult name=TC_068_Uygulama_Degerlendirme status=SUCCESS method=Surus.TC_068_Uygulama_Degerlendirme()[pri:68, instance:tests.android.ride.Surus@618b19ad] output={null}]]]>
              </value>
            </param>
          </params>
          <reporter-output>
          </reporter-output>
        </test-method> <!-- tearDown -->
      </class> <!-- tests.android.ride.Surus -->
    </test> <!-- Web Tests -->
  </suite> <!-- Web Suite -->
</testng-results>
