<?xml version="1.0" encoding="UTF-8"?>
<!-- Generated by org.testng.reporters.JUnitXMLReporter -->
<testsuite hostname="DESKTOP-NQRRDTM" ignored="0" name="Web Tests" tests="5" failures="1" timestamp="30 Eki 2020 08:55:33 GMT" time="1010.815" errors="0">
  <testcase name="@AfterMethod tearDown" time="0.002" classname="utilities.TestBase">
    <failure type="java.lang.NullPointerException">
      <![CDATA[java.lang.NullPointerException
at utilities.ExtentReportUtilities.getScreenshot(ExtentReportUtilities.java:16)
at utilities.TestBase.tearDown(TestBase.java:216)
at java.util.concurrent.ThreadPoolExecutor.runWorker(Unknown Source)
at java.util.concurrent.ThreadPoolExecutor$Worker.run(Unknown Source)
at java.lang.Thread.run(Unknown Source)
... Removed 13 stack frames]]>
    </failure>
  </testcase> <!-- @AfterMethod tearDown -->
  <testcase name="TC_064_Surus_Bitir_Basarili" time="0.057" classname="tests.ios.ride.Surus">
    <failure type="java.lang.NullPointerException">
      <![CDATA[java.lang.NullPointerException
at java.util.Objects.requireNonNull(Unknown Source)
at org.openqa.selenium.support.ui.FluentWait.<init>(FluentWait.java:106)
at org.openqa.selenium.support.ui.WebDriverWait.<init>(WebDriverWait.java:85)
at org.openqa.selenium.support.ui.WebDriverWait.<init>(WebDriverWait.java:45)
at utilities.PageBaseIos.<init>(PageBaseIos.java:36)
at pages.ios.ride.pageSurus.<init>(pageSurus.java:17)
at tests.ios.ride.Surus.TC_064_Surus_Bitir_Basarili(Surus.java:598)
at java.util.concurrent.ThreadPoolExecutor.runWorker(Unknown Source)
at java.util.concurrent.ThreadPoolExecutor$Worker.run(Unknown Source)
at java.lang.Thread.run(Unknown Source)
... Removed 10 stack frames]]>
    </failure>
  </testcase> <!-- TC_064_Surus_Bitir_Basarili -->
  <testcase name="TC_065_Surus_Bitir_Basarili_Wallet" time="0.0" classname="tests.ios.ride.Surus">
    <skipped/>
  </testcase> <!-- TC_065_Surus_Bitir_Basarili_Wallet -->
  <testcase name="TC_066_Surus_Bitir_Basarisiz_Wallet_Yetersiz" time="0.0" classname="tests.ios.ride.Surus">
    <skipped/>
  </testcase> <!-- TC_066_Surus_Bitir_Basarisiz_Wallet_Yetersiz -->
  <testcase name="TC_067_Surus_Bitir_Basarili_Kupon_Kullanildi" time="0.0" classname="tests.ios.ride.Surus">
    <skipped/>
  </testcase> <!-- TC_067_Surus_Bitir_Basarili_Kupon_Kullanildi -->
  <testcase name="TC_068_Uygulama_Degerlendirme" time="0.0" classname="tests.ios.ride.Surus">
    <skipped/>
  </testcase> <!-- TC_068_Uygulama_Degerlendirme -->
</testsuite> <!-- Web Tests -->
