<?xml version="1.0" encoding="UTF-8"?>
<testng-results skipped="0" failed="0" ignored="0" total="1" passed="1">
  <reporter-output>
  </reporter-output>
  <suite name="Web Suite" duration-ms="4361" started-at="2020-10-23T11:56:55Z" finished-at="2020-10-23T11:56:59Z">
    <groups>
    </groups>
    <test name="Web Tests" duration-ms="4361" started-at="2020-10-23T11:56:55Z" finished-at="2020-10-23T11:56:59Z">
      <class name="DataPreparation.Data_MobilService">
        <test-method status="PASS" signature="SetCustomer()[pri:0, instance:DataPreparation.Data_MobilService@6b927fb]" name="SetCustomer" duration-ms="4337" started-at="2020-10-23T11:56:55Z" finished-at="2020-10-23T11:56:59Z">
          <reporter-output>
          </reporter-output>
        </test-method> <!-- SetCustomer -->
      </class> <!-- DataPreparation.Data_MobilService -->
    </test> <!-- Web Tests -->
  </suite> <!-- Web Suite -->
</testng-results>
