<?xml version="1.0" encoding="UTF-8"?>
<testng-results skipped="0" failed="1" ignored="0" total="1" passed="0">
  <reporter-output>
  </reporter-output>
  <suite name="API Suite" duration-ms="5960" started-at="2020-09-15T14:25:12Z" finished-at="2020-09-15T14:25:18Z">
    <groups>
    </groups>
    <test name="API Tests" duration-ms="5960" started-at="2020-09-15T14:25:12Z" finished-at="2020-09-15T14:25:18Z">
      <class name="tests.ride.api.Marti_Operator_App_API">
        <test-method status="PASS" signature="beforeSuite()[pri:0, instance:tests.ride.api.Marti_Operator_App_API@5649fd9b]" name="beforeSuite" is-config="true" duration-ms="134" started-at="2020-09-15T14:25:12Z" finished-at="2020-09-15T14:25:12Z">
          <reporter-output>
          </reporter-output>
        </test-method> <!-- beforeSuite -->
        <test-method status="PASS" signature="beforeClass()[pri:0, instance:tests.ride.api.Marti_Operator_App_API@5649fd9b]" name="beforeClass" is-config="true" duration-ms="1377" started-at="2020-09-15T14:25:12Z" finished-at="2020-09-15T14:25:13Z">
          <reporter-output>
          </reporter-output>
        </test-method> <!-- beforeClass -->
        <test-method status="PASS" signature="setUp(java.lang.reflect.Method)[pri:0, instance:tests.ride.api.Marti_Operator_App_API@5649fd9b]" name="setUp" is-config="true" duration-ms="8" started-at="2020-09-15T14:25:13Z" finished-at="2020-09-15T14:25:13Z">
          <params>
            <param index="0">
              <value>
                <![CDATA[public void tests.ride.api.Marti_Operator_App_API.TC_028_swapper_batteryDetail() throws java.lang.Exception]]>
              </value>
            </param>
          </params>
          <reporter-output>
          </reporter-output>
        </test-method> <!-- setUp -->
        <test-method status="FAIL" signature="TC_028_swapper_batteryDetail()[pri:0, instance:tests.ride.api.Marti_Operator_App_API@5649fd9b]" name="TC_028_swapper_batteryDetail" duration-ms="4318" started-at="2020-09-15T14:25:13Z" finished-at="2020-09-15T14:25:18Z">
          <exception class="java.lang.AssertionError">
            <message>
              <![CDATA[expected [SUCCESS] but found [BATTERY_NOT_FOUND]]]>
            </message>
            <full-stacktrace>
              <![CDATA[java.lang.AssertionError: expected [SUCCESS] but found [BATTERY_NOT_FOUND]
at org.testng.Assert.fail(Assert.java:96)
at org.testng.Assert.failNotEquals(Assert.java:776)
at org.testng.Assert.assertEqualsImpl(Assert.java:137)
at org.testng.Assert.assertEquals(Assert.java:118)
at org.testng.Assert.assertEquals(Assert.java:453)
at org.testng.Assert.assertEquals(Assert.java:463)
at utilities.TestBase.run_ws(TestBase.java:310)
at tests.ride.api.Marti_Operator_App_API.TC_028_swapper_batteryDetail(Marti_Operator_App_API.java:652)
at sun.reflect.NativeMethodAccessorImpl.invoke0(Native Method)
at sun.reflect.NativeMethodAccessorImpl.invoke(Unknown Source)
at sun.reflect.DelegatingMethodAccessorImpl.invoke(Unknown Source)
at java.lang.reflect.Method.invoke(Unknown Source)
at org.testng.internal.MethodInvocationHelper.invokeMethod(MethodInvocationHelper.java:124)
at org.testng.internal.Invoker.invokeMethod(Invoker.java:583)
at org.testng.internal.Invoker.invokeTestMethod(Invoker.java:719)
at org.testng.internal.Invoker.invokeTestMethods(Invoker.java:989)
at org.testng.internal.TestMethodWorker.invokeTestMethods(TestMethodWorker.java:125)
at org.testng.internal.TestMethodWorker.run(TestMethodWorker.java:109)
at java.util.concurrent.ThreadPoolExecutor.runWorker(Unknown Source)
at java.util.concurrent.ThreadPoolExecutor$Worker.run(Unknown Source)
at java.lang.Thread.run(Unknown Source)
]]>
            </full-stacktrace>
          </exception> <!-- java.lang.AssertionError -->
          <reporter-output>
          </reporter-output>
        </test-method> <!-- TC_028_swapper_batteryDetail -->
        <test-method status="PASS" signature="tearDown(org.testng.ITestResult)[pri:0, instance:tests.ride.api.Marti_Operator_App_API@5649fd9b]" name="tearDown" is-config="true" duration-ms="241" started-at="2020-09-15T14:25:18Z" finished-at="2020-09-15T14:25:18Z">
          <params>
            <param index="0">
              <value>
                <![CDATA[[TestResult name=TC_028_swapper_batteryDetail status=FAILURE method=Marti_Operator_App_API.TC_028_swapper_batteryDetail()[pri:0, instance:tests.ride.api.Marti_Operator_App_API@5649fd9b] output={null}]]]>
              </value>
            </param>
          </params>
          <reporter-output>
          </reporter-output>
        </test-method> <!-- tearDown -->
        <test-method status="PASS" signature="afterSuite()[pri:0, instance:tests.ride.api.Marti_Operator_App_API@5649fd9b]" name="afterSuite" is-config="true" duration-ms="7" started-at="2020-09-15T14:25:18Z" finished-at="2020-09-15T14:25:18Z">
          <reporter-output>
          </reporter-output>
        </test-method> <!-- afterSuite -->
      </class> <!-- tests.ride.api.Marti_Operator_App_API -->
    </test> <!-- API Tests -->
  </suite> <!-- API Suite -->
</testng-results>
