<?xml version="1.0" encoding="UTF-8"?>
<testng-results skipped="0" failed="1" ignored="0" total="1" passed="0">
  <reporter-output>
  </reporter-output>
  <suite name="Web Suite" duration-ms="17272" started-at="2020-10-19T12:54:21Z" finished-at="2020-10-19T12:54:38Z">
    <groups>
    </groups>
    <test name="Web Tests" duration-ms="17272" started-at="2020-10-19T12:54:21Z" finished-at="2020-10-19T12:54:38Z">
      <class name="tests.android.ride.Borclar">
        <test-method status="PASS" signature="beforeSuite()[pri:0, instance:tests.android.ride.Borclar@72d1ad2e]" name="beforeSuite" is-config="true" duration-ms="149" started-at="2020-10-19T12:54:21Z" finished-at="2020-10-19T12:54:21Z">
          <reporter-output>
          </reporter-output>
        </test-method> <!-- beforeSuite -->
        <test-method status="PASS" signature="beforeClass()[pri:0, instance:tests.android.ride.Borclar@72d1ad2e]" name="beforeClass" is-config="true" duration-ms="1290" started-at="2020-10-19T12:54:21Z" finished-at="2020-10-19T12:54:22Z">
          <reporter-output>
          </reporter-output>
        </test-method> <!-- beforeClass -->
        <test-method status="PASS" signature="setUp(java.lang.reflect.Method)[pri:0, instance:tests.android.ride.Borclar@72d1ad2e]" name="setUp" is-config="true" duration-ms="352" started-at="2020-10-19T12:54:22Z" finished-at="2020-10-19T12:54:22Z">
          <params>
            <param index="0">
              <value>
                <![CDATA[public void tests.android.ride.Borclar.TC_048_Borc_Odeme_Islemi_Basarisiz()]]>
              </value>
            </param>
          </params>
          <reporter-output>
          </reporter-output>
        </test-method> <!-- setUp -->
        <test-method status="FAIL" signature="TC_048_Borc_Odeme_Islemi_Basarisiz()[pri:48, instance:tests.android.ride.Borclar@72d1ad2e]" name="TC_048_Borc_Odeme_Islemi_Basarisiz" duration-ms="15603" started-at="2020-10-19T12:54:22Z" finished-at="2020-10-19T12:54:38Z">
          <exception class="java.lang.NullPointerException">
            <full-stacktrace>
              <![CDATA[java.lang.NullPointerException
at java.util.Objects.requireNonNull(Unknown Source)
at org.openqa.selenium.support.ui.FluentWait.<init>(FluentWait.java:106)
at org.openqa.selenium.support.ui.WebDriverWait.<init>(WebDriverWait.java:85)
at org.openqa.selenium.support.ui.WebDriverWait.<init>(WebDriverWait.java:45)
at utilities.PageBaseAndroid.<init>(PageBaseAndroid.java:36)
at pages.android.ride.pageBorclar.<init>(pageBorclar.java:16)
at tests.android.ride.Borclar.TC_048_Borc_Odeme_Islemi_Basarisiz(Borclar.java:153)
at sun.reflect.NativeMethodAccessorImpl.invoke0(Native Method)
at sun.reflect.NativeMethodAccessorImpl.invoke(Unknown Source)
at sun.reflect.DelegatingMethodAccessorImpl.invoke(Unknown Source)
at java.lang.reflect.Method.invoke(Unknown Source)
at org.testng.internal.MethodInvocationHelper.invokeMethod(MethodInvocationHelper.java:124)
at org.testng.internal.Invoker.invokeMethod(Invoker.java:583)
at org.testng.internal.Invoker.invokeTestMethod(Invoker.java:719)
at org.testng.internal.Invoker.invokeTestMethods(Invoker.java:989)
at org.testng.internal.TestMethodWorker.invokeTestMethods(TestMethodWorker.java:125)
at org.testng.internal.TestMethodWorker.run(TestMethodWorker.java:109)
at java.util.concurrent.ThreadPoolExecutor.runWorker(Unknown Source)
at java.util.concurrent.ThreadPoolExecutor$Worker.run(Unknown Source)
at java.lang.Thread.run(Unknown Source)
]]>
            </full-stacktrace>
          </exception> <!-- java.lang.NullPointerException -->
          <reporter-output>
          </reporter-output>
        </test-method> <!-- TC_048_Borc_Odeme_Islemi_Basarisiz -->
        <test-method status="FAIL" signature="tearDown(org.testng.ITestResult)[pri:0, instance:tests.android.ride.Borclar@72d1ad2e]" name="tearDown" is-config="true" duration-ms="4" started-at="2020-10-19T12:54:38Z" finished-at="2020-10-19T12:54:38Z">
          <params>
            <param index="0">
              <value>
                <![CDATA[[TestResult name=TC_048_Borc_Odeme_Islemi_Basarisiz status=FAILURE method=Borclar.TC_048_Borc_Odeme_Islemi_Basarisiz()[pri:48, instance:tests.android.ride.Borclar@72d1ad2e] output={null}]]]>
              </value>
            </param>
          </params>
          <exception class="java.lang.NullPointerException">
            <full-stacktrace>
              <![CDATA[java.lang.NullPointerException
at utilities.ExtentReportUtilities.getScreenshot(ExtentReportUtilities.java:16)
at utilities.TestBase.tearDown(TestBase.java:212)
at sun.reflect.NativeMethodAccessorImpl.invoke0(Native Method)
at sun.reflect.NativeMethodAccessorImpl.invoke(Unknown Source)
at sun.reflect.DelegatingMethodAccessorImpl.invoke(Unknown Source)
at java.lang.reflect.Method.invoke(Unknown Source)
at org.testng.internal.MethodInvocationHelper.invokeMethod(MethodInvocationHelper.java:124)
at org.testng.internal.MethodInvocationHelper.invokeMethodConsideringTimeout(MethodInvocationHelper.java:59)
at org.testng.internal.Invoker.invokeConfigurationMethod(Invoker.java:458)
at org.testng.internal.Invoker.invokeConfigurations(Invoker.java:222)
at org.testng.internal.Invoker.invokeMethod(Invoker.java:646)
at org.testng.internal.Invoker.invokeTestMethod(Invoker.java:719)
at org.testng.internal.Invoker.invokeTestMethods(Invoker.java:989)
at org.testng.internal.TestMethodWorker.invokeTestMethods(TestMethodWorker.java:125)
at org.testng.internal.TestMethodWorker.run(TestMethodWorker.java:109)
at java.util.concurrent.ThreadPoolExecutor.runWorker(Unknown Source)
at java.util.concurrent.ThreadPoolExecutor$Worker.run(Unknown Source)
at java.lang.Thread.run(Unknown Source)
]]>
            </full-stacktrace>
          </exception> <!-- java.lang.NullPointerException -->
          <reporter-output>
          </reporter-output>
        </test-method> <!-- tearDown -->
        <test-method status="PASS" signature="afterSuite()[pri:0, instance:tests.android.ride.Borclar@72d1ad2e]" name="afterSuite" is-config="true" duration-ms="1" started-at="2020-10-19T12:54:38Z" finished-at="2020-10-19T12:54:38Z">
          <reporter-output>
          </reporter-output>
        </test-method> <!-- afterSuite -->
      </class> <!-- tests.android.ride.Borclar -->
    </test> <!-- Web Tests -->
  </suite> <!-- Web Suite -->
</testng-results>
