<?xml version="1.0" encoding="UTF-8"?>
<testng-results skipped="0" failed="0" ignored="0" total="0" passed="0">
  <reporter-output>
  </reporter-output>
  <suite name="API Suite" duration-ms="3" started-at="2020-09-24T08:55:29Z" finished-at="2020-09-24T08:55:29Z">
    <groups>
    </groups>
    <test name="API Tests" duration-ms="3" started-at="2020-09-24T08:55:29Z" finished-at="2020-09-24T08:55:29Z">
      <class name="tests.ride.api.Marti_Operator_App_API">
        <test-method status="PASS" signature="beforeSuite()[pri:0, instance:tests.ride.api.Marti_Operator_App_API@a514af7]" name="beforeSuite" is-config="true" duration-ms="150" started-at="2020-09-24T08:55:28Z" finished-at="2020-09-24T08:55:29Z">
          <reporter-output>
          </reporter-output>
        </test-method> <!-- beforeSuite -->
        <test-method status="PASS" signature="afterSuite()[pri:0, instance:tests.ride.api.Marti_Operator_App_API@a514af7]" name="afterSuite" is-config="true" duration-ms="1" started-at="2020-09-24T08:55:29Z" finished-at="2020-09-24T08:55:29Z">
          <reporter-output>
          </reporter-output>
        </test-method> <!-- afterSuite -->
      </class> <!-- tests.ride.api.Marti_Operator_App_API -->
    </test> <!-- API Tests -->
  </suite> <!-- API Suite -->
</testng-results>
