<?xml version="1.0" encoding="UTF-8"?>
<testng-results skipped="0" failed="0" ignored="0" total="1" passed="1">
  <reporter-output>
  </reporter-output>
  <suite name="Web Suite" duration-ms="43098" started-at="2020-07-29T11:36:38Z" finished-at="2020-07-29T11:37:21Z">
    <groups>
    </groups>
    <test name="Web Tests" duration-ms="43098" started-at="2020-07-29T11:36:38Z" finished-at="2020-07-29T11:37:21Z">
      <class name="tests.Menu">
        <test-method status="PASS" signature="beforeSuite()[pri:0, instance:tests.Menu@7674b62c]" name="beforeSuite" is-config="true" duration-ms="97" started-at="2020-07-29T11:36:37Z" finished-at="2020-07-29T11:36:38Z">
          <reporter-output>
          </reporter-output>
        </test-method> <!-- beforeSuite -->
        <test-method status="PASS" signature="setUp(java.lang.reflect.Method)[pri:0, instance:tests.Menu@7674b62c]" name="setUp" is-config="true" duration-ms="11705" started-at="2020-07-29T11:36:38Z" finished-at="2020-07-29T11:36:49Z">
          <params>
            <param index="0">
              <value>
                <![CDATA[public void tests.Menu.TC_067_Cikis()]]>
              </value>
            </param>
          </params>
          <reporter-output>
          </reporter-output>
        </test-method> <!-- setUp -->
        <test-method status="PASS" signature="TC_067_Cikis()[pri:67, instance:tests.Menu@7674b62c]" name="TC_067_Cikis" duration-ms="30837" started-at="2020-07-29T11:36:49Z" finished-at="2020-07-29T11:37:20Z">
          <reporter-output>
          </reporter-output>
        </test-method> <!-- TC_067_Cikis -->
        <test-method status="PASS" signature="tearDown(org.testng.ITestResult)[pri:0, instance:tests.Menu@7674b62c]" name="tearDown" is-config="true" duration-ms="540" started-at="2020-07-29T11:37:20Z" finished-at="2020-07-29T11:37:21Z">
          <params>
            <param index="0">
              <value>
                <![CDATA[[TestResult name=TC_067_Cikis status=SUCCESS method=Menu.TC_067_Cikis()[pri:67, instance:tests.Menu@7674b62c] output={null}]]]>
              </value>
            </param>
          </params>
          <reporter-output>
          </reporter-output>
        </test-method> <!-- tearDown -->
        <test-method status="PASS" signature="afterSuite()[pri:0, instance:tests.Menu@7674b62c]" name="afterSuite" is-config="true" duration-ms="3" started-at="2020-07-29T11:37:21Z" finished-at="2020-07-29T11:37:21Z">
          <reporter-output>
          </reporter-output>
        </test-method> <!-- afterSuite -->
      </class> <!-- tests.Menu -->
    </test> <!-- Web Tests -->
  </suite> <!-- Web Suite -->
</testng-results>
