<?xml version="1.0" encoding="UTF-8"?>
<testng-results skipped="4" failed="1" ignored="0" total="5" passed="0">
  <reporter-output>
  </reporter-output>
  <suite name="Web Suite" duration-ms="1010815" started-at="2020-10-30T08:38:42Z" finished-at="2020-10-30T08:55:33Z">
    <groups>
    </groups>
    <test name="Web Tests" duration-ms="1010815" started-at="2020-10-30T08:38:42Z" finished-at="2020-10-30T08:55:33Z">
      <class name="tests.ios.ride.Surus">
        <test-method status="PASS" signature="beforeSuite()[pri:0, instance:tests.ios.ride.Surus@72d1ad2e]" name="beforeSuite" is-config="true" duration-ms="201" started-at="2020-10-30T08:38:42Z" finished-at="2020-10-30T08:38:42Z">
          <reporter-output>
          </reporter-output>
        </test-method> <!-- beforeSuite -->
        <test-method status="PASS" signature="beforeClass()[pri:0, instance:tests.ios.ride.Surus@72d1ad2e]" name="beforeClass" is-config="true" duration-ms="1248" started-at="2020-10-30T08:38:42Z" finished-at="2020-10-30T08:38:43Z">
          <reporter-output>
          </reporter-output>
        </test-method> <!-- beforeClass -->
        <test-method status="PASS" signature="setUp(java.lang.reflect.Method)[pri:0, instance:tests.ios.ride.Surus@72d1ad2e]" name="setUp" is-config="true" duration-ms="600390" started-at="2020-10-30T08:38:43Z" finished-at="2020-10-30T08:48:43Z">
          <params>
            <param index="0">
              <value>
                <![CDATA[public void tests.ios.ride.Surus.TC_064_Surus_Bitir_Basarili()]]>
              </value>
            </param>
          </params>
          <reporter-output>
          </reporter-output>
        </test-method> <!-- setUp -->
        <test-method status="FAIL" signature="TC_064_Surus_Bitir_Basarili()[pri:64, instance:tests.ios.ride.Surus@72d1ad2e]" name="TC_064_Surus_Bitir_Basarili" duration-ms="57" started-at="2020-10-30T08:48:43Z" finished-at="2020-10-30T08:48:44Z">
          <exception class="java.lang.NullPointerException">
            <full-stacktrace>
              <![CDATA[java.lang.NullPointerException
at java.util.Objects.requireNonNull(Unknown Source)
at org.openqa.selenium.support.ui.FluentWait.<init>(FluentWait.java:106)
at org.openqa.selenium.support.ui.WebDriverWait.<init>(WebDriverWait.java:85)
at org.openqa.selenium.support.ui.WebDriverWait.<init>(WebDriverWait.java:45)
at utilities.PageBaseIos.<init>(PageBaseIos.java:36)
at pages.ios.ride.pageSurus.<init>(pageSurus.java:17)
at tests.ios.ride.Surus.TC_064_Surus_Bitir_Basarili(Surus.java:598)
at sun.reflect.NativeMethodAccessorImpl.invoke0(Native Method)
at sun.reflect.NativeMethodAccessorImpl.invoke(Unknown Source)
at sun.reflect.DelegatingMethodAccessorImpl.invoke(Unknown Source)
at java.lang.reflect.Method.invoke(Unknown Source)
at org.testng.internal.MethodInvocationHelper.invokeMethod(MethodInvocationHelper.java:124)
at org.testng.internal.Invoker.invokeMethod(Invoker.java:583)
at org.testng.internal.Invoker.invokeTestMethod(Invoker.java:719)
at org.testng.internal.Invoker.invokeTestMethods(Invoker.java:989)
at org.testng.internal.TestMethodWorker.invokeTestMethods(TestMethodWorker.java:125)
at org.testng.internal.TestMethodWorker.run(TestMethodWorker.java:109)
at java.util.concurrent.ThreadPoolExecutor.runWorker(Unknown Source)
at java.util.concurrent.ThreadPoolExecutor$Worker.run(Unknown Source)
at java.lang.Thread.run(Unknown Source)
]]>
            </full-stacktrace>
          </exception> <!-- java.lang.NullPointerException -->
          <reporter-output>
          </reporter-output>
        </test-method> <!-- TC_064_Surus_Bitir_Basarili -->
        <test-method status="FAIL" signature="tearDown(org.testng.ITestResult)[pri:0, instance:tests.ios.ride.Surus@72d1ad2e]" name="tearDown" is-config="true" duration-ms="2" started-at="2020-10-30T08:48:44Z" finished-at="2020-10-30T08:48:44Z">
          <params>
            <param index="0">
              <value>
                <![CDATA[[TestResult name=TC_064_Surus_Bitir_Basarili status=FAILURE method=Surus.TC_064_Surus_Bitir_Basarili()[pri:64, instance:tests.ios.ride.Surus@72d1ad2e] output={null}]]]>
              </value>
            </param>
          </params>
          <exception class="java.lang.NullPointerException">
            <full-stacktrace>
              <![CDATA[java.lang.NullPointerException
at utilities.ExtentReportUtilities.getScreenshot(ExtentReportUtilities.java:16)
at utilities.TestBase.tearDown(TestBase.java:216)
at sun.reflect.NativeMethodAccessorImpl.invoke0(Native Method)
at sun.reflect.NativeMethodAccessorImpl.invoke(Unknown Source)
at sun.reflect.DelegatingMethodAccessorImpl.invoke(Unknown Source)
at java.lang.reflect.Method.invoke(Unknown Source)
at org.testng.internal.MethodInvocationHelper.invokeMethod(MethodInvocationHelper.java:124)
at org.testng.internal.MethodInvocationHelper.invokeMethodConsideringTimeout(MethodInvocationHelper.java:59)
at org.testng.internal.Invoker.invokeConfigurationMethod(Invoker.java:458)
at org.testng.internal.Invoker.invokeConfigurations(Invoker.java:222)
at org.testng.internal.Invoker.invokeMethod(Invoker.java:646)
at org.testng.internal.Invoker.invokeTestMethod(Invoker.java:719)
at org.testng.internal.Invoker.invokeTestMethods(Invoker.java:989)
at org.testng.internal.TestMethodWorker.invokeTestMethods(TestMethodWorker.java:125)
at org.testng.internal.TestMethodWorker.run(TestMethodWorker.java:109)
at java.util.concurrent.ThreadPoolExecutor.runWorker(Unknown Source)
at java.util.concurrent.ThreadPoolExecutor$Worker.run(Unknown Source)
at java.lang.Thread.run(Unknown Source)
]]>
            </full-stacktrace>
          </exception> <!-- java.lang.NullPointerException -->
          <reporter-output>
          </reporter-output>
        </test-method> <!-- tearDown -->
        <test-method status="PASS" signature="setUp(java.lang.reflect.Method)[pri:0, instance:tests.ios.ride.Surus@72d1ad2e]" name="setUp" is-config="true" duration-ms="124665" started-at="2020-10-30T08:48:44Z" finished-at="2020-10-30T08:50:48Z">
          <params>
            <param index="0">
              <value>
                <![CDATA[public void tests.ios.ride.Surus.TC_065_Surus_Bitir_Basarili_Wallet()]]>
              </value>
            </param>
          </params>
          <reporter-output>
          </reporter-output>
        </test-method> <!-- setUp -->
        <test-method status="SKIP" signature="TC_065_Surus_Bitir_Basarili_Wallet()[pri:65, instance:tests.ios.ride.Surus@72d1ad2e]" name="TC_065_Surus_Bitir_Basarili_Wallet" duration-ms="0" started-at="2020-10-30T08:50:48Z" finished-at="2020-10-30T08:50:48Z">
          <exception class="java.lang.NullPointerException">
            <full-stacktrace>
              <![CDATA[java.lang.NullPointerException
at utilities.ExtentReportUtilities.getScreenshot(ExtentReportUtilities.java:16)
at utilities.TestBase.tearDown(TestBase.java:216)
at sun.reflect.NativeMethodAccessorImpl.invoke0(Native Method)
at sun.reflect.NativeMethodAccessorImpl.invoke(Unknown Source)
at sun.reflect.DelegatingMethodAccessorImpl.invoke(Unknown Source)
at java.lang.reflect.Method.invoke(Unknown Source)
at org.testng.internal.MethodInvocationHelper.invokeMethod(MethodInvocationHelper.java:124)
at org.testng.internal.MethodInvocationHelper.invokeMethodConsideringTimeout(MethodInvocationHelper.java:59)
at org.testng.internal.Invoker.invokeConfigurationMethod(Invoker.java:458)
at org.testng.internal.Invoker.invokeConfigurations(Invoker.java:222)
at org.testng.internal.Invoker.invokeMethod(Invoker.java:646)
at org.testng.internal.Invoker.invokeTestMethod(Invoker.java:719)
at org.testng.internal.Invoker.invokeTestMethods(Invoker.java:989)
at org.testng.internal.TestMethodWorker.invokeTestMethods(TestMethodWorker.java:125)
at org.testng.internal.TestMethodWorker.run(TestMethodWorker.java:109)
at java.util.concurrent.ThreadPoolExecutor.runWorker(Unknown Source)
at java.util.concurrent.ThreadPoolExecutor$Worker.run(Unknown Source)
at java.lang.Thread.run(Unknown Source)
]]>
            </full-stacktrace>
          </exception> <!-- java.lang.NullPointerException -->
          <reporter-output>
          </reporter-output>
        </test-method> <!-- TC_065_Surus_Bitir_Basarili_Wallet -->
        <test-method status="PASS" signature="tearDown(org.testng.ITestResult)[pri:0, instance:tests.ios.ride.Surus@72d1ad2e]" name="tearDown" is-config="true" duration-ms="9898" started-at="2020-10-30T08:50:48Z" finished-at="2020-10-30T08:50:58Z">
          <params>
            <param index="0">
              <value>
                <![CDATA[[TestResult name={null} status=CREATED method=Surus.TC_065_Surus_Bitir_Basarili_Wallet()[pri:65, instance:tests.ios.ride.Surus@72d1ad2e] output={null}]]]>
              </value>
            </param>
          </params>
          <reporter-output>
          </reporter-output>
        </test-method> <!-- tearDown -->
        <test-method status="PASS" signature="setUp(java.lang.reflect.Method)[pri:0, instance:tests.ios.ride.Surus@72d1ad2e]" name="setUp" is-config="true" duration-ms="48298" started-at="2020-10-30T08:50:58Z" finished-at="2020-10-30T08:51:46Z">
          <params>
            <param index="0">
              <value>
                <![CDATA[public void tests.ios.ride.Surus.TC_066_Surus_Bitir_Basarisiz_Wallet_Yetersiz()]]>
              </value>
            </param>
          </params>
          <reporter-output>
          </reporter-output>
        </test-method> <!-- setUp -->
        <test-method status="SKIP" signature="TC_066_Surus_Bitir_Basarisiz_Wallet_Yetersiz()[pri:66, instance:tests.ios.ride.Surus@72d1ad2e]" name="TC_066_Surus_Bitir_Basarisiz_Wallet_Yetersiz" duration-ms="0" started-at="2020-10-30T08:51:46Z" finished-at="2020-10-30T08:51:46Z">
          <exception class="java.lang.NullPointerException">
            <full-stacktrace>
              <![CDATA[java.lang.NullPointerException
at utilities.ExtentReportUtilities.getScreenshot(ExtentReportUtilities.java:16)
at utilities.TestBase.tearDown(TestBase.java:216)
at sun.reflect.NativeMethodAccessorImpl.invoke0(Native Method)
at sun.reflect.NativeMethodAccessorImpl.invoke(Unknown Source)
at sun.reflect.DelegatingMethodAccessorImpl.invoke(Unknown Source)
at java.lang.reflect.Method.invoke(Unknown Source)
at org.testng.internal.MethodInvocationHelper.invokeMethod(MethodInvocationHelper.java:124)
at org.testng.internal.MethodInvocationHelper.invokeMethodConsideringTimeout(MethodInvocationHelper.java:59)
at org.testng.internal.Invoker.invokeConfigurationMethod(Invoker.java:458)
at org.testng.internal.Invoker.invokeConfigurations(Invoker.java:222)
at org.testng.internal.Invoker.invokeMethod(Invoker.java:646)
at org.testng.internal.Invoker.invokeTestMethod(Invoker.java:719)
at org.testng.internal.Invoker.invokeTestMethods(Invoker.java:989)
at org.testng.internal.TestMethodWorker.invokeTestMethods(TestMethodWorker.java:125)
at org.testng.internal.TestMethodWorker.run(TestMethodWorker.java:109)
at java.util.concurrent.ThreadPoolExecutor.runWorker(Unknown Source)
at java.util.concurrent.ThreadPoolExecutor$Worker.run(Unknown Source)
at java.lang.Thread.run(Unknown Source)
]]>
            </full-stacktrace>
          </exception> <!-- java.lang.NullPointerException -->
          <reporter-output>
          </reporter-output>
        </test-method> <!-- TC_066_Surus_Bitir_Basarisiz_Wallet_Yetersiz -->
        <test-method status="PASS" signature="tearDown(org.testng.ITestResult)[pri:0, instance:tests.ios.ride.Surus@72d1ad2e]" name="tearDown" is-config="true" duration-ms="11044" started-at="2020-10-30T08:51:46Z" finished-at="2020-10-30T08:51:57Z">
          <params>
            <param index="0">
              <value>
                <![CDATA[[TestResult name={null} status=CREATED method=Surus.TC_066_Surus_Bitir_Basarisiz_Wallet_Yetersiz()[pri:66, instance:tests.ios.ride.Surus@72d1ad2e] output={null}]]]>
              </value>
            </param>
          </params>
          <reporter-output>
          </reporter-output>
        </test-method> <!-- tearDown -->
        <test-method status="PASS" signature="setUp(java.lang.reflect.Method)[pri:0, instance:tests.ios.ride.Surus@72d1ad2e]" name="setUp" is-config="true" duration-ms="149762" started-at="2020-10-30T08:51:57Z" finished-at="2020-10-30T08:54:27Z">
          <params>
            <param index="0">
              <value>
                <![CDATA[public void tests.ios.ride.Surus.TC_067_Surus_Bitir_Basarili_Kupon_Kullanildi()]]>
              </value>
            </param>
          </params>
          <reporter-output>
          </reporter-output>
        </test-method> <!-- setUp -->
        <test-method status="SKIP" signature="TC_067_Surus_Bitir_Basarili_Kupon_Kullanildi()[pri:67, instance:tests.ios.ride.Surus@72d1ad2e]" name="TC_067_Surus_Bitir_Basarili_Kupon_Kullanildi" duration-ms="0" started-at="2020-10-30T08:54:27Z" finished-at="2020-10-30T08:54:27Z">
          <exception class="java.lang.NullPointerException">
            <full-stacktrace>
              <![CDATA[java.lang.NullPointerException
at utilities.ExtentReportUtilities.getScreenshot(ExtentReportUtilities.java:16)
at utilities.TestBase.tearDown(TestBase.java:216)
at sun.reflect.NativeMethodAccessorImpl.invoke0(Native Method)
at sun.reflect.NativeMethodAccessorImpl.invoke(Unknown Source)
at sun.reflect.DelegatingMethodAccessorImpl.invoke(Unknown Source)
at java.lang.reflect.Method.invoke(Unknown Source)
at org.testng.internal.MethodInvocationHelper.invokeMethod(MethodInvocationHelper.java:124)
at org.testng.internal.MethodInvocationHelper.invokeMethodConsideringTimeout(MethodInvocationHelper.java:59)
at org.testng.internal.Invoker.invokeConfigurationMethod(Invoker.java:458)
at org.testng.internal.Invoker.invokeConfigurations(Invoker.java:222)
at org.testng.internal.Invoker.invokeMethod(Invoker.java:646)
at org.testng.internal.Invoker.invokeTestMethod(Invoker.java:719)
at org.testng.internal.Invoker.invokeTestMethods(Invoker.java:989)
at org.testng.internal.TestMethodWorker.invokeTestMethods(TestMethodWorker.java:125)
at org.testng.internal.TestMethodWorker.run(TestMethodWorker.java:109)
at java.util.concurrent.ThreadPoolExecutor.runWorker(Unknown Source)
at java.util.concurrent.ThreadPoolExecutor$Worker.run(Unknown Source)
at java.lang.Thread.run(Unknown Source)
]]>
            </full-stacktrace>
          </exception> <!-- java.lang.NullPointerException -->
          <reporter-output>
          </reporter-output>
        </test-method> <!-- TC_067_Surus_Bitir_Basarili_Kupon_Kullanildi -->
        <test-method status="PASS" signature="tearDown(org.testng.ITestResult)[pri:0, instance:tests.ios.ride.Surus@72d1ad2e]" name="tearDown" is-config="true" duration-ms="10529" started-at="2020-10-30T08:54:27Z" finished-at="2020-10-30T08:54:38Z">
          <params>
            <param index="0">
              <value>
                <![CDATA[[TestResult name={null} status=CREATED method=Surus.TC_067_Surus_Bitir_Basarili_Kupon_Kullanildi()[pri:67, instance:tests.ios.ride.Surus@72d1ad2e] output={null}]]]>
              </value>
            </param>
          </params>
          <reporter-output>
          </reporter-output>
        </test-method> <!-- tearDown -->
        <test-method status="PASS" signature="setUp(java.lang.reflect.Method)[pri:0, instance:tests.ios.ride.Surus@72d1ad2e]" name="setUp" is-config="true" duration-ms="44053" started-at="2020-10-30T08:54:38Z" finished-at="2020-10-30T08:55:22Z">
          <params>
            <param index="0">
              <value>
                <![CDATA[public void tests.ios.ride.Surus.TC_068_Uygulama_Degerlendirme()]]>
              </value>
            </param>
          </params>
          <reporter-output>
          </reporter-output>
        </test-method> <!-- setUp -->
        <test-method status="SKIP" signature="TC_068_Uygulama_Degerlendirme()[pri:68, instance:tests.ios.ride.Surus@72d1ad2e]" name="TC_068_Uygulama_Degerlendirme" duration-ms="0" started-at="2020-10-30T08:55:22Z" finished-at="2020-10-30T08:55:22Z">
          <exception class="java.lang.NullPointerException">
            <full-stacktrace>
              <![CDATA[java.lang.NullPointerException
at utilities.ExtentReportUtilities.getScreenshot(ExtentReportUtilities.java:16)
at utilities.TestBase.tearDown(TestBase.java:216)
at sun.reflect.NativeMethodAccessorImpl.invoke0(Native Method)
at sun.reflect.NativeMethodAccessorImpl.invoke(Unknown Source)
at sun.reflect.DelegatingMethodAccessorImpl.invoke(Unknown Source)
at java.lang.reflect.Method.invoke(Unknown Source)
at org.testng.internal.MethodInvocationHelper.invokeMethod(MethodInvocationHelper.java:124)
at org.testng.internal.MethodInvocationHelper.invokeMethodConsideringTimeout(MethodInvocationHelper.java:59)
at org.testng.internal.Invoker.invokeConfigurationMethod(Invoker.java:458)
at org.testng.internal.Invoker.invokeConfigurations(Invoker.java:222)
at org.testng.internal.Invoker.invokeMethod(Invoker.java:646)
at org.testng.internal.Invoker.invokeTestMethod(Invoker.java:719)
at org.testng.internal.Invoker.invokeTestMethods(Invoker.java:989)
at org.testng.internal.TestMethodWorker.invokeTestMethods(TestMethodWorker.java:125)
at org.testng.internal.TestMethodWorker.run(TestMethodWorker.java:109)
at java.util.concurrent.ThreadPoolExecutor.runWorker(Unknown Source)
at java.util.concurrent.ThreadPoolExecutor$Worker.run(Unknown Source)
at java.lang.Thread.run(Unknown Source)
]]>
            </full-stacktrace>
          </exception> <!-- java.lang.NullPointerException -->
          <reporter-output>
          </reporter-output>
        </test-method> <!-- TC_068_Uygulama_Degerlendirme -->
        <test-method status="PASS" signature="tearDown(org.testng.ITestResult)[pri:0, instance:tests.ios.ride.Surus@72d1ad2e]" name="tearDown" is-config="true" duration-ms="10838" started-at="2020-10-30T08:55:22Z" finished-at="2020-10-30T08:55:33Z">
          <params>
            <param index="0">
              <value>
                <![CDATA[[TestResult name={null} status=CREATED method=Surus.TC_068_Uygulama_Degerlendirme()[pri:68, instance:tests.ios.ride.Surus@72d1ad2e] output={null}]]]>
              </value>
            </param>
          </params>
          <reporter-output>
          </reporter-output>
        </test-method> <!-- tearDown -->
        <test-method status="PASS" signature="afterSuite()[pri:0, instance:tests.ios.ride.Surus@72d1ad2e]" name="afterSuite" is-config="true" duration-ms="399" started-at="2020-10-30T08:55:33Z" finished-at="2020-10-30T08:55:33Z">
          <reporter-output>
          </reporter-output>
        </test-method> <!-- afterSuite -->
      </class> <!-- tests.ios.ride.Surus -->
    </test> <!-- Web Tests -->
  </suite> <!-- Web Suite -->
</testng-results>
