<?xml version="1.0" encoding="UTF-8"?>
<testng-results skipped="13" failed="2" ignored="5" total="64" passed="44">
  <reporter-output>
  </reporter-output>
  <suite name="Web Suite" duration-ms="3700837" started-at="2020-07-24T15:25:14Z" finished-at="2020-07-24T16:26:55Z">
    <groups>
    </groups>
    <test name="Web Tests" duration-ms="3700837" started-at="2020-07-24T15:25:14Z" finished-at="2020-07-24T16:26:55Z">
      <class name="tests.Borclar">
        <test-method status="PASS" signature="setUp(java.lang.reflect.Method)[pri:0, instance:tests.Borclar@35047d03]" name="setUp" is-config="true" duration-ms="36246" started-at="2020-07-24T15:51:12Z" finished-at="2020-07-24T15:51:49Z">
          <params>
            <param index="0">
              <value>
                <![CDATA[public void tests.Borclar.TC_029_Borclu_Kullanici()]]>
              </value>
            </param>
          </params>
          <reporter-output>
          </reporter-output>
        </test-method> <!-- setUp -->
        <test-method status="PASS" signature="TC_029_Borclu_Kullanici()[pri:29, instance:tests.Borclar@35047d03]" name="TC_029_Borclu_Kullanici" duration-ms="35364" started-at="2020-07-24T15:51:49Z" finished-at="2020-07-24T15:52:24Z">
          <reporter-output>
          </reporter-output>
        </test-method> <!-- TC_029_Borclu_Kullanici -->
        <test-method status="PASS" signature="tearDown(org.testng.ITestResult)[pri:0, instance:tests.Borclar@35047d03]" name="tearDown" is-config="true" duration-ms="303" started-at="2020-07-24T15:52:24Z" finished-at="2020-07-24T15:52:24Z">
          <params>
            <param index="0">
              <value>
                <![CDATA[[TestResult name=TC_029_Borclu_Kullanici status=SUCCESS method=Borclar.TC_029_Borclu_Kullanici()[pri:29, instance:tests.Borclar@35047d03] output={null}]]]>
              </value>
            </param>
          </params>
          <reporter-output>
          </reporter-output>
        </test-method> <!-- tearDown -->
        <test-method status="PASS" signature="setUp(java.lang.reflect.Method)[pri:0, instance:tests.Borclar@35047d03]" name="setUp" is-config="true" duration-ms="36265" started-at="2020-07-24T15:52:24Z" finished-at="2020-07-24T15:53:01Z">
          <params>
            <param index="0">
              <value>
                <![CDATA[public void tests.Borclar.TC_030_Borclu_Kullanici_Plus_15()]]>
              </value>
            </param>
          </params>
          <reporter-output>
          </reporter-output>
        </test-method> <!-- setUp -->
        <test-method status="PASS" signature="TC_030_Borclu_Kullanici_Plus_15()[pri:30, instance:tests.Borclar@35047d03]" name="TC_030_Borclu_Kullanici_Plus_15" duration-ms="34607" started-at="2020-07-24T15:53:01Z" finished-at="2020-07-24T15:53:35Z">
          <reporter-output>
          </reporter-output>
        </test-method> <!-- TC_030_Borclu_Kullanici_Plus_15 -->
        <test-method status="PASS" signature="tearDown(org.testng.ITestResult)[pri:0, instance:tests.Borclar@35047d03]" name="tearDown" is-config="true" duration-ms="318" started-at="2020-07-24T15:53:35Z" finished-at="2020-07-24T15:53:35Z">
          <params>
            <param index="0">
              <value>
                <![CDATA[[TestResult name=TC_030_Borclu_Kullanici_Plus_15 status=SUCCESS method=Borclar.TC_030_Borclu_Kullanici_Plus_15()[pri:30, instance:tests.Borclar@35047d03] output={null}]]]>
              </value>
            </param>
          </params>
          <reporter-output>
          </reporter-output>
        </test-method> <!-- tearDown -->
        <test-method status="PASS" signature="setUp(java.lang.reflect.Method)[pri:0, instance:tests.Borclar@35047d03]" name="setUp" is-config="true" duration-ms="35606" started-at="2020-07-24T15:53:35Z" finished-at="2020-07-24T15:54:11Z">
          <params>
            <param index="0">
              <value>
                <![CDATA[public void tests.Borclar.TC_031_Borc_Odeme()]]>
              </value>
            </param>
          </params>
          <reporter-output>
          </reporter-output>
        </test-method> <!-- setUp -->
        <test-method status="PASS" signature="TC_031_Borc_Odeme()[pri:31, instance:tests.Borclar@35047d03]" name="TC_031_Borc_Odeme" duration-ms="35711" started-at="2020-07-24T15:54:11Z" finished-at="2020-07-24T15:54:47Z">
          <reporter-output>
          </reporter-output>
        </test-method> <!-- TC_031_Borc_Odeme -->
        <test-method status="PASS" signature="tearDown(org.testng.ITestResult)[pri:0, instance:tests.Borclar@35047d03]" name="tearDown" is-config="true" duration-ms="375" started-at="2020-07-24T15:54:47Z" finished-at="2020-07-24T15:54:47Z">
          <params>
            <param index="0">
              <value>
                <![CDATA[[TestResult name=TC_031_Borc_Odeme status=SUCCESS method=Borclar.TC_031_Borc_Odeme()[pri:31, instance:tests.Borclar@35047d03] output={null}]]]>
              </value>
            </param>
          </params>
          <reporter-output>
          </reporter-output>
        </test-method> <!-- tearDown -->
        <test-method status="PASS" signature="setUp(java.lang.reflect.Method)[pri:0, instance:tests.Borclar@35047d03]" name="setUp" is-config="true" duration-ms="35796" started-at="2020-07-24T15:54:47Z" finished-at="2020-07-24T15:55:23Z">
          <params>
            <param index="0">
              <value>
                <![CDATA[public void tests.Borclar.TC_032_Borc_Odeme_Islemi_Basarili()]]>
              </value>
            </param>
          </params>
          <reporter-output>
          </reporter-output>
        </test-method> <!-- setUp -->
        <test-method status="PASS" signature="TC_032_Borc_Odeme_Islemi_Basarili()[pri:32, instance:tests.Borclar@35047d03]" name="TC_032_Borc_Odeme_Islemi_Basarili" duration-ms="40894" started-at="2020-07-24T15:55:23Z" finished-at="2020-07-24T15:56:04Z">
          <reporter-output>
          </reporter-output>
        </test-method> <!-- TC_032_Borc_Odeme_Islemi_Basarili -->
        <test-method status="PASS" signature="tearDown(org.testng.ITestResult)[pri:0, instance:tests.Borclar@35047d03]" name="tearDown" is-config="true" duration-ms="320" started-at="2020-07-24T15:56:04Z" finished-at="2020-07-24T15:56:04Z">
          <params>
            <param index="0">
              <value>
                <![CDATA[[TestResult name=TC_032_Borc_Odeme_Islemi_Basarili status=SUCCESS method=Borclar.TC_032_Borc_Odeme_Islemi_Basarili()[pri:32, instance:tests.Borclar@35047d03] output={null}]]]>
              </value>
            </param>
          </params>
          <reporter-output>
          </reporter-output>
        </test-method> <!-- tearDown -->
        <test-method status="PASS" signature="setUp(java.lang.reflect.Method)[pri:0, instance:tests.Borclar@35047d03]" name="setUp" is-config="true" duration-ms="36054" started-at="2020-07-24T15:56:04Z" finished-at="2020-07-24T15:56:40Z">
          <params>
            <param index="0">
              <value>
                <![CDATA[public void tests.Borclar.TC_033_Borc_Odeme_Islemi_Basarisiz()]]>
              </value>
            </param>
          </params>
          <reporter-output>
          </reporter-output>
        </test-method> <!-- setUp -->
        <test-method status="PASS" signature="TC_033_Borc_Odeme_Islemi_Basarisiz()[pri:33, instance:tests.Borclar@35047d03]" name="TC_033_Borc_Odeme_Islemi_Basarisiz" duration-ms="37720" started-at="2020-07-24T15:56:40Z" finished-at="2020-07-24T15:57:18Z">
          <reporter-output>
          </reporter-output>
        </test-method> <!-- TC_033_Borc_Odeme_Islemi_Basarisiz -->
        <test-method status="PASS" signature="tearDown(org.testng.ITestResult)[pri:0, instance:tests.Borclar@35047d03]" name="tearDown" is-config="true" duration-ms="325" started-at="2020-07-24T15:57:18Z" finished-at="2020-07-24T15:57:18Z">
          <params>
            <param index="0">
              <value>
                <![CDATA[[TestResult name=TC_033_Borc_Odeme_Islemi_Basarisiz status=SUCCESS method=Borclar.TC_033_Borc_Odeme_Islemi_Basarisiz()[pri:33, instance:tests.Borclar@35047d03] output={null}]]]>
              </value>
            </param>
          </params>
          <reporter-output>
          </reporter-output>
        </test-method> <!-- tearDown -->
      </class> <!-- tests.Borclar -->
      <class name="tests.Surus">
        <test-method status="FAIL" signature="setUp(java.lang.reflect.Method)[pri:0, instance:tests.Surus@49b0b76]" name="setUp" is-config="true" duration-ms="5317" started-at="2020-07-24T15:57:18Z" finished-at="2020-07-24T15:57:24Z">
          <params>
            <param index="0">
              <value>
                <![CDATA[public void tests.Surus.TC_034_Surus_Basladi_Kodlu_Kilit()]]>
              </value>
            </param>
          </params>
          <exception class="org.openqa.selenium.SessionNotCreatedException">
            <message>
              <![CDATA[Unable to create a new remote session. Please check the server log for more details. Original error: An unknown server-side error occurred while processing the command. Original error: Error executing adbExec. Original error: 'Command 'C:\\Users\\emre\\AppData\\Local\\Android\\Sdk\\platform-tools\\adb.exe -P 5037 -s 5210d014508dc3e1 install -r C:\\Users\\emre\\AppData\\Local\\Temp\\2020624-28592-1mddcpm.dwsc\\appium-uiautomator2-server-v4.5.5.apk' exited with code 1'; Stderr: 'adb: failed to install C:\Users\emre\AppData\Local\Temp\2020624-28592-1mddcpm.dwsc\appium-uiautomator2-server-v4.5.5.apk: Failure [INSTALL_PARSE_FAILED_NO_CERTIFICATES: Failed to collect certificates from /data/app/vmdl33508770.tmp/base.apk using APK Signature Scheme v2: SHA-256 digest of contents did not verify]'; Code: '1'
Build info: version: '3.141.59', revision: 'e82be7d358', time: '2018-11-14T08:17:03'
System info: host: 'DESKTOP-NQRRDTM', ip: '192.168.8.120', os.name: 'Windows 10', os.arch: 'amd64', os.version: '10.0', java.version: '1.8.0_241'
Driver info: driver.version: AndroidDriver
remote stacktrace: UnknownError: An unknown server-side error occurred while processing the command. Original error: Error executing adbExec. Original error: 'Command 'C:\\Users\\emre\\AppData\\Local\\Android\\Sdk\\platform-tools\\adb.exe -P 5037 -s 5210d014508dc3e1 install -r C:\\Users\\emre\\AppData\\Local\\Temp\\2020624-28592-1mddcpm.dwsc\\appium-uiautomator2-server-v4.5.5.apk' exited with code 1'; Stderr: 'adb: failed to install C:\Users\emre\AppData\Local\Temp\2020624-28592-1mddcpm.dwsc\appium-uiautomator2-server-v4.5.5.apk: Failure [INSTALL_PARSE_FAILED_NO_CERTIFICATES: Failed to collect certificates from /data/app/vmdl33508770.tmp/base.apk using APK Signature Scheme v2: SHA-256 digest of contents did not verify]'; Code: '1'
    at getResponseForW3CError (C:\Program Files\Appium\resources\app\node_modules\appium\node_modules\appium-base-driver\lib\protocol\errors.js:804:9)
    at asyncHandler (C:\Program Files\Appium\resources\app\node_modules\appium\node_modules\appium-base-driver\lib\protocol\protocol.js:392:37)
Build info: version: '3.141.59', revision: 'e82be7d358', time: '2018-11-14T08:17:03'
System info: host: 'DESKTOP-NQRRDTM', ip: '192.168.8.120', os.name: 'Windows 10', os.arch: 'amd64', os.version: '10.0', java.version: '1.8.0_241'
Driver info: driver.version: AndroidDriver]]>
            </message>
            <full-stacktrace>
              <![CDATA[org.openqa.selenium.SessionNotCreatedException: Unable to create a new remote session. Please check the server log for more details. Original error: An unknown server-side error occurred while processing the command. Original error: Error executing adbExec. Original error: 'Command 'C:\\Users\\emre\\AppData\\Local\\Android\\Sdk\\platform-tools\\adb.exe -P 5037 -s 5210d014508dc3e1 install -r C:\\Users\\emre\\AppData\\Local\\Temp\\2020624-28592-1mddcpm.dwsc\\appium-uiautomator2-server-v4.5.5.apk' exited with code 1'; Stderr: 'adb: failed to install C:\Users\emre\AppData\Local\Temp\2020624-28592-1mddcpm.dwsc\appium-uiautomator2-server-v4.5.5.apk: Failure [INSTALL_PARSE_FAILED_NO_CERTIFICATES: Failed to collect certificates from /data/app/vmdl33508770.tmp/base.apk using APK Signature Scheme v2: SHA-256 digest of contents did not verify]'; Code: '1'
Build info: version: '3.141.59', revision: 'e82be7d358', time: '2018-11-14T08:17:03'
System info: host: 'DESKTOP-NQRRDTM', ip: '192.168.8.120', os.name: 'Windows 10', os.arch: 'amd64', os.version: '10.0', java.version: '1.8.0_241'
Driver info: driver.version: AndroidDriver
remote stacktrace: UnknownError: An unknown server-side error occurred while processing the command. Original error: Error executing adbExec. Original error: 'Command 'C:\\Users\\emre\\AppData\\Local\\Android\\Sdk\\platform-tools\\adb.exe -P 5037 -s 5210d014508dc3e1 install -r C:\\Users\\emre\\AppData\\Local\\Temp\\2020624-28592-1mddcpm.dwsc\\appium-uiautomator2-server-v4.5.5.apk' exited with code 1'; Stderr: 'adb: failed to install C:\Users\emre\AppData\Local\Temp\2020624-28592-1mddcpm.dwsc\appium-uiautomator2-server-v4.5.5.apk: Failure [INSTALL_PARSE_FAILED_NO_CERTIFICATES: Failed to collect certificates from /data/app/vmdl33508770.tmp/base.apk using APK Signature Scheme v2: SHA-256 digest of contents did not verify]'; Code: '1'
    at getResponseForW3CError (C:\Program Files\Appium\resources\app\node_modules\appium\node_modules\appium-base-driver\lib\protocol\errors.js:804:9)
    at asyncHandler (C:\Program Files\Appium\resources\app\node_modules\appium\node_modules\appium-base-driver\lib\protocol\protocol.js:392:37)
Build info: version: '3.141.59', revision: 'e82be7d358', time: '2018-11-14T08:17:03'
System info: host: 'DESKTOP-NQRRDTM', ip: '192.168.8.120', os.name: 'Windows 10', os.arch: 'amd64', os.version: '10.0', java.version: '1.8.0_241'
Driver info: driver.version: AndroidDriver
at io.appium.java_client.remote.AppiumCommandExecutor$1.createSession(AppiumCommandExecutor.java:208)
at io.appium.java_client.remote.AppiumCommandExecutor.createSession(AppiumCommandExecutor.java:217)
at io.appium.java_client.remote.AppiumCommandExecutor.execute(AppiumCommandExecutor.java:239)
at org.openqa.selenium.remote.RemoteWebDriver.execute(RemoteWebDriver.java:552)
at io.appium.java_client.DefaultGenericMobileDriver.execute(DefaultGenericMobileDriver.java:41)
at io.appium.java_client.AppiumDriver.execute(AppiumDriver.java:1)
at io.appium.java_client.android.AndroidDriver.execute(AndroidDriver.java:1)
at org.openqa.selenium.remote.RemoteWebDriver.startSession(RemoteWebDriver.java:213)
at io.appium.java_client.AppiumDriver.startSession(AppiumDriver.java:336)
at org.openqa.selenium.remote.RemoteWebDriver.<init>(RemoteWebDriver.java:131)
at io.appium.java_client.DefaultGenericMobileDriver.<init>(DefaultGenericMobileDriver.java:37)
at io.appium.java_client.AppiumDriver.<init>(AppiumDriver.java:88)
at io.appium.java_client.AppiumDriver.<init>(AppiumDriver.java:98)
at io.appium.java_client.android.AndroidDriver.<init>(AndroidDriver.java:94)
at utilities.TestBase.setUp(TestBase.java:76)
at sun.reflect.GeneratedMethodAccessor1.invoke(Unknown Source)
at sun.reflect.DelegatingMethodAccessorImpl.invoke(Unknown Source)
at java.lang.reflect.Method.invoke(Unknown Source)
at org.testng.internal.MethodInvocationHelper.invokeMethod(MethodInvocationHelper.java:124)
at org.testng.internal.MethodInvocationHelper.invokeMethodConsideringTimeout(MethodInvocationHelper.java:59)
at org.testng.internal.Invoker.invokeConfigurationMethod(Invoker.java:458)
at org.testng.internal.Invoker.invokeConfigurations(Invoker.java:222)
at org.testng.internal.Invoker.invokeMethod(Invoker.java:523)
at org.testng.internal.Invoker.invokeTestMethod(Invoker.java:719)
at org.testng.internal.Invoker.invokeTestMethods(Invoker.java:989)
at org.testng.internal.TestMethodWorker.invokeTestMethods(TestMethodWorker.java:125)
at org.testng.internal.TestMethodWorker.run(TestMethodWorker.java:109)
at java.util.concurrent.ThreadPoolExecutor.runWorker(Unknown Source)
at java.util.concurrent.ThreadPoolExecutor$Worker.run(Unknown Source)
at java.lang.Thread.run(Unknown Source)
Caused by: java.lang.reflect.InvocationTargetException
at sun.reflect.GeneratedMethodAccessor2.invoke(Unknown Source)
at sun.reflect.DelegatingMethodAccessorImpl.invoke(Unknown Source)
at java.lang.reflect.Method.invoke(Unknown Source)
at io.appium.java_client.remote.AppiumCommandExecutor$1.createSession(AppiumCommandExecutor.java:186)
... 29 more
Caused by: org.openqa.selenium.WebDriverException: An unknown server-side error occurred while processing the command. Original error: Error executing adbExec. Original error: 'Command 'C:\\Users\\emre\\AppData\\Local\\Android\\Sdk\\platform-tools\\adb.exe -P 5037 -s 5210d014508dc3e1 install -r C:\\Users\\emre\\AppData\\Local\\Temp\\2020624-28592-1mddcpm.dwsc\\appium-uiautomator2-server-v4.5.5.apk' exited with code 1'; Stderr: 'adb: failed to install C:\Users\emre\AppData\Local\Temp\2020624-28592-1mddcpm.dwsc\appium-uiautomator2-server-v4.5.5.apk: Failure [INSTALL_PARSE_FAILED_NO_CERTIFICATES: Failed to collect certificates from /data/app/vmdl33508770.tmp/base.apk using APK Signature Scheme v2: SHA-256 digest of contents did not verify]'; Code: '1'
Build info: version: '3.141.59', revision: 'e82be7d358', time: '2018-11-14T08:17:03'
System info: host: 'DESKTOP-NQRRDTM', ip: '192.168.8.120', os.name: 'Windows 10', os.arch: 'amd64', os.version: '10.0', java.version: '1.8.0_241'
Driver info: driver.version: AndroidDriver
remote stacktrace: UnknownError: An unknown server-side error occurred while processing the command. Original error: Error executing adbExec. Original error: 'Command 'C:\\Users\\emre\\AppData\\Local\\Android\\Sdk\\platform-tools\\adb.exe -P 5037 -s 5210d014508dc3e1 install -r C:\\Users\\emre\\AppData\\Local\\Temp\\2020624-28592-1mddcpm.dwsc\\appium-uiautomator2-server-v4.5.5.apk' exited with code 1'; Stderr: 'adb: failed to install C:\Users\emre\AppData\Local\Temp\2020624-28592-1mddcpm.dwsc\appium-uiautomator2-server-v4.5.5.apk: Failure [INSTALL_PARSE_FAILED_NO_CERTIFICATES: Failed to collect certificates from /data/app/vmdl33508770.tmp/base.apk using APK Signature Scheme v2: SHA-256 digest of contents did not verify]'; Code: '1'
    at getResponseForW3CError (C:\Program Files\Appium\resources\app\node_modules\appium\node_modules\appium-base-driver\lib\protocol\errors.js:804:9)
    at asyncHandler (C:\Program Files\Appium\resources\app\node_modules\appium\node_modules\appium-base-driver\lib\protocol\protocol.js:392:37)
at sun.reflect.NativeConstructorAccessorImpl.newInstance0(Native Method)
at sun.reflect.NativeConstructorAccessorImpl.newInstance(Unknown Source)
at sun.reflect.DelegatingConstructorAccessorImpl.newInstance(Unknown Source)
at java.lang.reflect.Constructor.newInstance(Unknown Source)
at org.openqa.selenium.remote.W3CHandshakeResponse.lambda$errorHandler$0(W3CHandshakeResponse.java:62)
at org.openqa.selenium.remote.HandshakeResponse.lambda$getResponseFunction$0(HandshakeResponse.java:30)
at org.openqa.selenium.remote.ProtocolHandshake.lambda$createSession$0(ProtocolHandshake.java:126)
at java.util.stream.ReferencePipeline$3$1.accept(Unknown Source)
at java.util.Spliterators$ArraySpliterator.tryAdvance(Unknown Source)
at java.util.stream.ReferencePipeline.forEachWithCancel(Unknown Source)
at java.util.stream.AbstractPipeline.copyIntoWithCancel(Unknown Source)
at java.util.stream.AbstractPipeline.copyInto(Unknown Source)
at java.util.stream.AbstractPipeline.wrapAndCopyInto(Unknown Source)
at java.util.stream.FindOps$FindOp.evaluateSequential(Unknown Source)
at java.util.stream.AbstractPipeline.evaluate(Unknown Source)
at java.util.stream.ReferencePipeline.findFirst(Unknown Source)
at org.openqa.selenium.remote.ProtocolHandshake.createSession(ProtocolHandshake.java:128)
... 33 more
]]>
            </full-stacktrace>
          </exception> <!-- org.openqa.selenium.SessionNotCreatedException -->
          <reporter-output>
          </reporter-output>
        </test-method> <!-- setUp -->
        <test-method status="SKIP" signature="TC_034_Surus_Basladi_Kodlu_Kilit()[pri:34, instance:tests.Surus@49b0b76]" name="TC_034_Surus_Basladi_Kodlu_Kilit" duration-ms="0" started-at="2020-07-24T15:57:24Z" finished-at="2020-07-24T15:57:24Z">
          <exception class="org.openqa.selenium.SessionNotCreatedException">
            <message>
              <![CDATA[Unable to create a new remote session. Please check the server log for more details. Original error: An unknown server-side error occurred while processing the command. Original error: Error executing adbExec. Original error: 'Command 'C:\\Users\\emre\\AppData\\Local\\Android\\Sdk\\platform-tools\\adb.exe -P 5037 -s 5210d014508dc3e1 install -r C:\\Users\\emre\\AppData\\Local\\Temp\\2020624-28592-1mddcpm.dwsc\\appium-uiautomator2-server-v4.5.5.apk' exited with code 1'; Stderr: 'adb: failed to install C:\Users\emre\AppData\Local\Temp\2020624-28592-1mddcpm.dwsc\appium-uiautomator2-server-v4.5.5.apk: Failure [INSTALL_PARSE_FAILED_NO_CERTIFICATES: Failed to collect certificates from /data/app/vmdl33508770.tmp/base.apk using APK Signature Scheme v2: SHA-256 digest of contents did not verify]'; Code: '1'
Build info: version: '3.141.59', revision: 'e82be7d358', time: '2018-11-14T08:17:03'
System info: host: 'DESKTOP-NQRRDTM', ip: '192.168.8.120', os.name: 'Windows 10', os.arch: 'amd64', os.version: '10.0', java.version: '1.8.0_241'
Driver info: driver.version: AndroidDriver
remote stacktrace: UnknownError: An unknown server-side error occurred while processing the command. Original error: Error executing adbExec. Original error: 'Command 'C:\\Users\\emre\\AppData\\Local\\Android\\Sdk\\platform-tools\\adb.exe -P 5037 -s 5210d014508dc3e1 install -r C:\\Users\\emre\\AppData\\Local\\Temp\\2020624-28592-1mddcpm.dwsc\\appium-uiautomator2-server-v4.5.5.apk' exited with code 1'; Stderr: 'adb: failed to install C:\Users\emre\AppData\Local\Temp\2020624-28592-1mddcpm.dwsc\appium-uiautomator2-server-v4.5.5.apk: Failure [INSTALL_PARSE_FAILED_NO_CERTIFICATES: Failed to collect certificates from /data/app/vmdl33508770.tmp/base.apk using APK Signature Scheme v2: SHA-256 digest of contents did not verify]'; Code: '1'
    at getResponseForW3CError (C:\Program Files\Appium\resources\app\node_modules\appium\node_modules\appium-base-driver\lib\protocol\errors.js:804:9)
    at asyncHandler (C:\Program Files\Appium\resources\app\node_modules\appium\node_modules\appium-base-driver\lib\protocol\protocol.js:392:37)
Build info: version: '3.141.59', revision: 'e82be7d358', time: '2018-11-14T08:17:03'
System info: host: 'DESKTOP-NQRRDTM', ip: '192.168.8.120', os.name: 'Windows 10', os.arch: 'amd64', os.version: '10.0', java.version: '1.8.0_241'
Driver info: driver.version: AndroidDriver]]>
            </message>
            <full-stacktrace>
              <![CDATA[org.openqa.selenium.SessionNotCreatedException: Unable to create a new remote session. Please check the server log for more details. Original error: An unknown server-side error occurred while processing the command. Original error: Error executing adbExec. Original error: 'Command 'C:\\Users\\emre\\AppData\\Local\\Android\\Sdk\\platform-tools\\adb.exe -P 5037 -s 5210d014508dc3e1 install -r C:\\Users\\emre\\AppData\\Local\\Temp\\2020624-28592-1mddcpm.dwsc\\appium-uiautomator2-server-v4.5.5.apk' exited with code 1'; Stderr: 'adb: failed to install C:\Users\emre\AppData\Local\Temp\2020624-28592-1mddcpm.dwsc\appium-uiautomator2-server-v4.5.5.apk: Failure [INSTALL_PARSE_FAILED_NO_CERTIFICATES: Failed to collect certificates from /data/app/vmdl33508770.tmp/base.apk using APK Signature Scheme v2: SHA-256 digest of contents did not verify]'; Code: '1'
Build info: version: '3.141.59', revision: 'e82be7d358', time: '2018-11-14T08:17:03'
System info: host: 'DESKTOP-NQRRDTM', ip: '192.168.8.120', os.name: 'Windows 10', os.arch: 'amd64', os.version: '10.0', java.version: '1.8.0_241'
Driver info: driver.version: AndroidDriver
remote stacktrace: UnknownError: An unknown server-side error occurred while processing the command. Original error: Error executing adbExec. Original error: 'Command 'C:\\Users\\emre\\AppData\\Local\\Android\\Sdk\\platform-tools\\adb.exe -P 5037 -s 5210d014508dc3e1 install -r C:\\Users\\emre\\AppData\\Local\\Temp\\2020624-28592-1mddcpm.dwsc\\appium-uiautomator2-server-v4.5.5.apk' exited with code 1'; Stderr: 'adb: failed to install C:\Users\emre\AppData\Local\Temp\2020624-28592-1mddcpm.dwsc\appium-uiautomator2-server-v4.5.5.apk: Failure [INSTALL_PARSE_FAILED_NO_CERTIFICATES: Failed to collect certificates from /data/app/vmdl33508770.tmp/base.apk using APK Signature Scheme v2: SHA-256 digest of contents did not verify]'; Code: '1'
    at getResponseForW3CError (C:\Program Files\Appium\resources\app\node_modules\appium\node_modules\appium-base-driver\lib\protocol\errors.js:804:9)
    at asyncHandler (C:\Program Files\Appium\resources\app\node_modules\appium\node_modules\appium-base-driver\lib\protocol\protocol.js:392:37)
Build info: version: '3.141.59', revision: 'e82be7d358', time: '2018-11-14T08:17:03'
System info: host: 'DESKTOP-NQRRDTM', ip: '192.168.8.120', os.name: 'Windows 10', os.arch: 'amd64', os.version: '10.0', java.version: '1.8.0_241'
Driver info: driver.version: AndroidDriver
at io.appium.java_client.remote.AppiumCommandExecutor$1.createSession(AppiumCommandExecutor.java:208)
at io.appium.java_client.remote.AppiumCommandExecutor.createSession(AppiumCommandExecutor.java:217)
at io.appium.java_client.remote.AppiumCommandExecutor.execute(AppiumCommandExecutor.java:239)
at org.openqa.selenium.remote.RemoteWebDriver.execute(RemoteWebDriver.java:552)
at io.appium.java_client.DefaultGenericMobileDriver.execute(DefaultGenericMobileDriver.java:41)
at io.appium.java_client.AppiumDriver.execute(AppiumDriver.java:1)
at io.appium.java_client.android.AndroidDriver.execute(AndroidDriver.java:1)
at org.openqa.selenium.remote.RemoteWebDriver.startSession(RemoteWebDriver.java:213)
at io.appium.java_client.AppiumDriver.startSession(AppiumDriver.java:336)
at org.openqa.selenium.remote.RemoteWebDriver.<init>(RemoteWebDriver.java:131)
at io.appium.java_client.DefaultGenericMobileDriver.<init>(DefaultGenericMobileDriver.java:37)
at io.appium.java_client.AppiumDriver.<init>(AppiumDriver.java:88)
at io.appium.java_client.AppiumDriver.<init>(AppiumDriver.java:98)
at io.appium.java_client.android.AndroidDriver.<init>(AndroidDriver.java:94)
at utilities.TestBase.setUp(TestBase.java:76)
at sun.reflect.GeneratedMethodAccessor1.invoke(Unknown Source)
at sun.reflect.DelegatingMethodAccessorImpl.invoke(Unknown Source)
at java.lang.reflect.Method.invoke(Unknown Source)
at org.testng.internal.MethodInvocationHelper.invokeMethod(MethodInvocationHelper.java:124)
at org.testng.internal.MethodInvocationHelper.invokeMethodConsideringTimeout(MethodInvocationHelper.java:59)
at org.testng.internal.Invoker.invokeConfigurationMethod(Invoker.java:458)
at org.testng.internal.Invoker.invokeConfigurations(Invoker.java:222)
at org.testng.internal.Invoker.invokeMethod(Invoker.java:523)
at org.testng.internal.Invoker.invokeTestMethod(Invoker.java:719)
at org.testng.internal.Invoker.invokeTestMethods(Invoker.java:989)
at org.testng.internal.TestMethodWorker.invokeTestMethods(TestMethodWorker.java:125)
at org.testng.internal.TestMethodWorker.run(TestMethodWorker.java:109)
at java.util.concurrent.ThreadPoolExecutor.runWorker(Unknown Source)
at java.util.concurrent.ThreadPoolExecutor$Worker.run(Unknown Source)
at java.lang.Thread.run(Unknown Source)
Caused by: java.lang.reflect.InvocationTargetException
at sun.reflect.GeneratedMethodAccessor2.invoke(Unknown Source)
at sun.reflect.DelegatingMethodAccessorImpl.invoke(Unknown Source)
at java.lang.reflect.Method.invoke(Unknown Source)
at io.appium.java_client.remote.AppiumCommandExecutor$1.createSession(AppiumCommandExecutor.java:186)
... 29 more
Caused by: org.openqa.selenium.WebDriverException: An unknown server-side error occurred while processing the command. Original error: Error executing adbExec. Original error: 'Command 'C:\\Users\\emre\\AppData\\Local\\Android\\Sdk\\platform-tools\\adb.exe -P 5037 -s 5210d014508dc3e1 install -r C:\\Users\\emre\\AppData\\Local\\Temp\\2020624-28592-1mddcpm.dwsc\\appium-uiautomator2-server-v4.5.5.apk' exited with code 1'; Stderr: 'adb: failed to install C:\Users\emre\AppData\Local\Temp\2020624-28592-1mddcpm.dwsc\appium-uiautomator2-server-v4.5.5.apk: Failure [INSTALL_PARSE_FAILED_NO_CERTIFICATES: Failed to collect certificates from /data/app/vmdl33508770.tmp/base.apk using APK Signature Scheme v2: SHA-256 digest of contents did not verify]'; Code: '1'
Build info: version: '3.141.59', revision: 'e82be7d358', time: '2018-11-14T08:17:03'
System info: host: 'DESKTOP-NQRRDTM', ip: '192.168.8.120', os.name: 'Windows 10', os.arch: 'amd64', os.version: '10.0', java.version: '1.8.0_241'
Driver info: driver.version: AndroidDriver
remote stacktrace: UnknownError: An unknown server-side error occurred while processing the command. Original error: Error executing adbExec. Original error: 'Command 'C:\\Users\\emre\\AppData\\Local\\Android\\Sdk\\platform-tools\\adb.exe -P 5037 -s 5210d014508dc3e1 install -r C:\\Users\\emre\\AppData\\Local\\Temp\\2020624-28592-1mddcpm.dwsc\\appium-uiautomator2-server-v4.5.5.apk' exited with code 1'; Stderr: 'adb: failed to install C:\Users\emre\AppData\Local\Temp\2020624-28592-1mddcpm.dwsc\appium-uiautomator2-server-v4.5.5.apk: Failure [INSTALL_PARSE_FAILED_NO_CERTIFICATES: Failed to collect certificates from /data/app/vmdl33508770.tmp/base.apk using APK Signature Scheme v2: SHA-256 digest of contents did not verify]'; Code: '1'
    at getResponseForW3CError (C:\Program Files\Appium\resources\app\node_modules\appium\node_modules\appium-base-driver\lib\protocol\errors.js:804:9)
    at asyncHandler (C:\Program Files\Appium\resources\app\node_modules\appium\node_modules\appium-base-driver\lib\protocol\protocol.js:392:37)
at sun.reflect.NativeConstructorAccessorImpl.newInstance0(Native Method)
at sun.reflect.NativeConstructorAccessorImpl.newInstance(Unknown Source)
at sun.reflect.DelegatingConstructorAccessorImpl.newInstance(Unknown Source)
at java.lang.reflect.Constructor.newInstance(Unknown Source)
at org.openqa.selenium.remote.W3CHandshakeResponse.lambda$errorHandler$0(W3CHandshakeResponse.java:62)
at org.openqa.selenium.remote.HandshakeResponse.lambda$getResponseFunction$0(HandshakeResponse.java:30)
at org.openqa.selenium.remote.ProtocolHandshake.lambda$createSession$0(ProtocolHandshake.java:126)
at java.util.stream.ReferencePipeline$3$1.accept(Unknown Source)
at java.util.Spliterators$ArraySpliterator.tryAdvance(Unknown Source)
at java.util.stream.ReferencePipeline.forEachWithCancel(Unknown Source)
at java.util.stream.AbstractPipeline.copyIntoWithCancel(Unknown Source)
at java.util.stream.AbstractPipeline.copyInto(Unknown Source)
at java.util.stream.AbstractPipeline.wrapAndCopyInto(Unknown Source)
at java.util.stream.FindOps$FindOp.evaluateSequential(Unknown Source)
at java.util.stream.AbstractPipeline.evaluate(Unknown Source)
at java.util.stream.ReferencePipeline.findFirst(Unknown Source)
at org.openqa.selenium.remote.ProtocolHandshake.createSession(ProtocolHandshake.java:128)
... 33 more
]]>
            </full-stacktrace>
          </exception> <!-- org.openqa.selenium.SessionNotCreatedException -->
          <reporter-output>
          </reporter-output>
        </test-method> <!-- TC_034_Surus_Basladi_Kodlu_Kilit -->
        <test-method status="PASS" signature="tearDown(org.testng.ITestResult)[pri:0, instance:tests.Surus@49b0b76]" name="tearDown" is-config="true" duration-ms="0" started-at="2020-07-24T15:57:24Z" finished-at="2020-07-24T15:57:24Z">
          <params>
            <param index="0">
              <value>
                <![CDATA[[TestResult name={null} status=CREATED method=Surus.TC_034_Surus_Basladi_Kodlu_Kilit()[pri:34, instance:tests.Surus@49b0b76] output={null}]]]>
              </value>
            </param>
          </params>
          <reporter-output>
          </reporter-output>
        </test-method> <!-- tearDown -->
        <test-method status="PASS" signature="setUp(java.lang.reflect.Method)[pri:0, instance:tests.Surus@49b0b76]" name="setUp" is-config="true" duration-ms="35126" started-at="2020-07-24T15:57:24Z" finished-at="2020-07-24T15:57:59Z">
          <params>
            <param index="0">
              <value>
                <![CDATA[public void tests.Surus.TC_035_Surus_Baslat()]]>
              </value>
            </param>
          </params>
          <reporter-output>
          </reporter-output>
        </test-method> <!-- setUp -->
        <test-method status="SKIP" signature="TC_035_Surus_Baslat()[pri:35, instance:tests.Surus@49b0b76]" name="TC_035_Surus_Baslat" duration-ms="0" started-at="2020-07-24T15:57:59Z" finished-at="2020-07-24T15:57:59Z">
          <exception class="org.openqa.selenium.SessionNotCreatedException">
            <message>
              <![CDATA[Unable to create a new remote session. Please check the server log for more details. Original error: An unknown server-side error occurred while processing the command. Original error: Error executing adbExec. Original error: 'Command 'C:\\Users\\emre\\AppData\\Local\\Android\\Sdk\\platform-tools\\adb.exe -P 5037 -s 5210d014508dc3e1 install -r C:\\Users\\emre\\AppData\\Local\\Temp\\2020624-28592-1mddcpm.dwsc\\appium-uiautomator2-server-v4.5.5.apk' exited with code 1'; Stderr: 'adb: failed to install C:\Users\emre\AppData\Local\Temp\2020624-28592-1mddcpm.dwsc\appium-uiautomator2-server-v4.5.5.apk: Failure [INSTALL_PARSE_FAILED_NO_CERTIFICATES: Failed to collect certificates from /data/app/vmdl33508770.tmp/base.apk using APK Signature Scheme v2: SHA-256 digest of contents did not verify]'; Code: '1'
Build info: version: '3.141.59', revision: 'e82be7d358', time: '2018-11-14T08:17:03'
System info: host: 'DESKTOP-NQRRDTM', ip: '192.168.8.120', os.name: 'Windows 10', os.arch: 'amd64', os.version: '10.0', java.version: '1.8.0_241'
Driver info: driver.version: AndroidDriver
remote stacktrace: UnknownError: An unknown server-side error occurred while processing the command. Original error: Error executing adbExec. Original error: 'Command 'C:\\Users\\emre\\AppData\\Local\\Android\\Sdk\\platform-tools\\adb.exe -P 5037 -s 5210d014508dc3e1 install -r C:\\Users\\emre\\AppData\\Local\\Temp\\2020624-28592-1mddcpm.dwsc\\appium-uiautomator2-server-v4.5.5.apk' exited with code 1'; Stderr: 'adb: failed to install C:\Users\emre\AppData\Local\Temp\2020624-28592-1mddcpm.dwsc\appium-uiautomator2-server-v4.5.5.apk: Failure [INSTALL_PARSE_FAILED_NO_CERTIFICATES: Failed to collect certificates from /data/app/vmdl33508770.tmp/base.apk using APK Signature Scheme v2: SHA-256 digest of contents did not verify]'; Code: '1'
    at getResponseForW3CError (C:\Program Files\Appium\resources\app\node_modules\appium\node_modules\appium-base-driver\lib\protocol\errors.js:804:9)
    at asyncHandler (C:\Program Files\Appium\resources\app\node_modules\appium\node_modules\appium-base-driver\lib\protocol\protocol.js:392:37)
Build info: version: '3.141.59', revision: 'e82be7d358', time: '2018-11-14T08:17:03'
System info: host: 'DESKTOP-NQRRDTM', ip: '192.168.8.120', os.name: 'Windows 10', os.arch: 'amd64', os.version: '10.0', java.version: '1.8.0_241'
Driver info: driver.version: AndroidDriver]]>
            </message>
            <full-stacktrace>
              <![CDATA[org.openqa.selenium.SessionNotCreatedException: Unable to create a new remote session. Please check the server log for more details. Original error: An unknown server-side error occurred while processing the command. Original error: Error executing adbExec. Original error: 'Command 'C:\\Users\\emre\\AppData\\Local\\Android\\Sdk\\platform-tools\\adb.exe -P 5037 -s 5210d014508dc3e1 install -r C:\\Users\\emre\\AppData\\Local\\Temp\\2020624-28592-1mddcpm.dwsc\\appium-uiautomator2-server-v4.5.5.apk' exited with code 1'; Stderr: 'adb: failed to install C:\Users\emre\AppData\Local\Temp\2020624-28592-1mddcpm.dwsc\appium-uiautomator2-server-v4.5.5.apk: Failure [INSTALL_PARSE_FAILED_NO_CERTIFICATES: Failed to collect certificates from /data/app/vmdl33508770.tmp/base.apk using APK Signature Scheme v2: SHA-256 digest of contents did not verify]'; Code: '1'
Build info: version: '3.141.59', revision: 'e82be7d358', time: '2018-11-14T08:17:03'
System info: host: 'DESKTOP-NQRRDTM', ip: '192.168.8.120', os.name: 'Windows 10', os.arch: 'amd64', os.version: '10.0', java.version: '1.8.0_241'
Driver info: driver.version: AndroidDriver
remote stacktrace: UnknownError: An unknown server-side error occurred while processing the command. Original error: Error executing adbExec. Original error: 'Command 'C:\\Users\\emre\\AppData\\Local\\Android\\Sdk\\platform-tools\\adb.exe -P 5037 -s 5210d014508dc3e1 install -r C:\\Users\\emre\\AppData\\Local\\Temp\\2020624-28592-1mddcpm.dwsc\\appium-uiautomator2-server-v4.5.5.apk' exited with code 1'; Stderr: 'adb: failed to install C:\Users\emre\AppData\Local\Temp\2020624-28592-1mddcpm.dwsc\appium-uiautomator2-server-v4.5.5.apk: Failure [INSTALL_PARSE_FAILED_NO_CERTIFICATES: Failed to collect certificates from /data/app/vmdl33508770.tmp/base.apk using APK Signature Scheme v2: SHA-256 digest of contents did not verify]'; Code: '1'
    at getResponseForW3CError (C:\Program Files\Appium\resources\app\node_modules\appium\node_modules\appium-base-driver\lib\protocol\errors.js:804:9)
    at asyncHandler (C:\Program Files\Appium\resources\app\node_modules\appium\node_modules\appium-base-driver\lib\protocol\protocol.js:392:37)
Build info: version: '3.141.59', revision: 'e82be7d358', time: '2018-11-14T08:17:03'
System info: host: 'DESKTOP-NQRRDTM', ip: '192.168.8.120', os.name: 'Windows 10', os.arch: 'amd64', os.version: '10.0', java.version: '1.8.0_241'
Driver info: driver.version: AndroidDriver
at io.appium.java_client.remote.AppiumCommandExecutor$1.createSession(AppiumCommandExecutor.java:208)
at io.appium.java_client.remote.AppiumCommandExecutor.createSession(AppiumCommandExecutor.java:217)
at io.appium.java_client.remote.AppiumCommandExecutor.execute(AppiumCommandExecutor.java:239)
at org.openqa.selenium.remote.RemoteWebDriver.execute(RemoteWebDriver.java:552)
at io.appium.java_client.DefaultGenericMobileDriver.execute(DefaultGenericMobileDriver.java:41)
at io.appium.java_client.AppiumDriver.execute(AppiumDriver.java:1)
at io.appium.java_client.android.AndroidDriver.execute(AndroidDriver.java:1)
at org.openqa.selenium.remote.RemoteWebDriver.startSession(RemoteWebDriver.java:213)
at io.appium.java_client.AppiumDriver.startSession(AppiumDriver.java:336)
at org.openqa.selenium.remote.RemoteWebDriver.<init>(RemoteWebDriver.java:131)
at io.appium.java_client.DefaultGenericMobileDriver.<init>(DefaultGenericMobileDriver.java:37)
at io.appium.java_client.AppiumDriver.<init>(AppiumDriver.java:88)
at io.appium.java_client.AppiumDriver.<init>(AppiumDriver.java:98)
at io.appium.java_client.android.AndroidDriver.<init>(AndroidDriver.java:94)
at utilities.TestBase.setUp(TestBase.java:76)
at sun.reflect.GeneratedMethodAccessor1.invoke(Unknown Source)
at sun.reflect.DelegatingMethodAccessorImpl.invoke(Unknown Source)
at java.lang.reflect.Method.invoke(Unknown Source)
at org.testng.internal.MethodInvocationHelper.invokeMethod(MethodInvocationHelper.java:124)
at org.testng.internal.MethodInvocationHelper.invokeMethodConsideringTimeout(MethodInvocationHelper.java:59)
at org.testng.internal.Invoker.invokeConfigurationMethod(Invoker.java:458)
at org.testng.internal.Invoker.invokeConfigurations(Invoker.java:222)
at org.testng.internal.Invoker.invokeMethod(Invoker.java:523)
at org.testng.internal.Invoker.invokeTestMethod(Invoker.java:719)
at org.testng.internal.Invoker.invokeTestMethods(Invoker.java:989)
at org.testng.internal.TestMethodWorker.invokeTestMethods(TestMethodWorker.java:125)
at org.testng.internal.TestMethodWorker.run(TestMethodWorker.java:109)
at java.util.concurrent.ThreadPoolExecutor.runWorker(Unknown Source)
at java.util.concurrent.ThreadPoolExecutor$Worker.run(Unknown Source)
at java.lang.Thread.run(Unknown Source)
Caused by: java.lang.reflect.InvocationTargetException
at sun.reflect.GeneratedMethodAccessor2.invoke(Unknown Source)
at sun.reflect.DelegatingMethodAccessorImpl.invoke(Unknown Source)
at java.lang.reflect.Method.invoke(Unknown Source)
at io.appium.java_client.remote.AppiumCommandExecutor$1.createSession(AppiumCommandExecutor.java:186)
... 29 more
Caused by: org.openqa.selenium.WebDriverException: An unknown server-side error occurred while processing the command. Original error: Error executing adbExec. Original error: 'Command 'C:\\Users\\emre\\AppData\\Local\\Android\\Sdk\\platform-tools\\adb.exe -P 5037 -s 5210d014508dc3e1 install -r C:\\Users\\emre\\AppData\\Local\\Temp\\2020624-28592-1mddcpm.dwsc\\appium-uiautomator2-server-v4.5.5.apk' exited with code 1'; Stderr: 'adb: failed to install C:\Users\emre\AppData\Local\Temp\2020624-28592-1mddcpm.dwsc\appium-uiautomator2-server-v4.5.5.apk: Failure [INSTALL_PARSE_FAILED_NO_CERTIFICATES: Failed to collect certificates from /data/app/vmdl33508770.tmp/base.apk using APK Signature Scheme v2: SHA-256 digest of contents did not verify]'; Code: '1'
Build info: version: '3.141.59', revision: 'e82be7d358', time: '2018-11-14T08:17:03'
System info: host: 'DESKTOP-NQRRDTM', ip: '192.168.8.120', os.name: 'Windows 10', os.arch: 'amd64', os.version: '10.0', java.version: '1.8.0_241'
Driver info: driver.version: AndroidDriver
remote stacktrace: UnknownError: An unknown server-side error occurred while processing the command. Original error: Error executing adbExec. Original error: 'Command 'C:\\Users\\emre\\AppData\\Local\\Android\\Sdk\\platform-tools\\adb.exe -P 5037 -s 5210d014508dc3e1 install -r C:\\Users\\emre\\AppData\\Local\\Temp\\2020624-28592-1mddcpm.dwsc\\appium-uiautomator2-server-v4.5.5.apk' exited with code 1'; Stderr: 'adb: failed to install C:\Users\emre\AppData\Local\Temp\2020624-28592-1mddcpm.dwsc\appium-uiautomator2-server-v4.5.5.apk: Failure [INSTALL_PARSE_FAILED_NO_CERTIFICATES: Failed to collect certificates from /data/app/vmdl33508770.tmp/base.apk using APK Signature Scheme v2: SHA-256 digest of contents did not verify]'; Code: '1'
    at getResponseForW3CError (C:\Program Files\Appium\resources\app\node_modules\appium\node_modules\appium-base-driver\lib\protocol\errors.js:804:9)
    at asyncHandler (C:\Program Files\Appium\resources\app\node_modules\appium\node_modules\appium-base-driver\lib\protocol\protocol.js:392:37)
at sun.reflect.NativeConstructorAccessorImpl.newInstance0(Native Method)
at sun.reflect.NativeConstructorAccessorImpl.newInstance(Unknown Source)
at sun.reflect.DelegatingConstructorAccessorImpl.newInstance(Unknown Source)
at java.lang.reflect.Constructor.newInstance(Unknown Source)
at org.openqa.selenium.remote.W3CHandshakeResponse.lambda$errorHandler$0(W3CHandshakeResponse.java:62)
at org.openqa.selenium.remote.HandshakeResponse.lambda$getResponseFunction$0(HandshakeResponse.java:30)
at org.openqa.selenium.remote.ProtocolHandshake.lambda$createSession$0(ProtocolHandshake.java:126)
at java.util.stream.ReferencePipeline$3$1.accept(Unknown Source)
at java.util.Spliterators$ArraySpliterator.tryAdvance(Unknown Source)
at java.util.stream.ReferencePipeline.forEachWithCancel(Unknown Source)
at java.util.stream.AbstractPipeline.copyIntoWithCancel(Unknown Source)
at java.util.stream.AbstractPipeline.copyInto(Unknown Source)
at java.util.stream.AbstractPipeline.wrapAndCopyInto(Unknown Source)
at java.util.stream.FindOps$FindOp.evaluateSequential(Unknown Source)
at java.util.stream.AbstractPipeline.evaluate(Unknown Source)
at java.util.stream.ReferencePipeline.findFirst(Unknown Source)
at org.openqa.selenium.remote.ProtocolHandshake.createSession(ProtocolHandshake.java:128)
... 33 more
]]>
            </full-stacktrace>
          </exception> <!-- org.openqa.selenium.SessionNotCreatedException -->
          <reporter-output>
          </reporter-output>
        </test-method> <!-- TC_035_Surus_Baslat -->
        <test-method status="PASS" signature="tearDown(org.testng.ITestResult)[pri:0, instance:tests.Surus@49b0b76]" name="tearDown" is-config="true" duration-ms="236" started-at="2020-07-24T15:57:59Z" finished-at="2020-07-24T15:57:59Z">
          <params>
            <param index="0">
              <value>
                <![CDATA[[TestResult name={null} status=CREATED method=Surus.TC_035_Surus_Baslat()[pri:35, instance:tests.Surus@49b0b76] output={null}]]]>
              </value>
            </param>
          </params>
          <reporter-output>
          </reporter-output>
        </test-method> <!-- tearDown -->
        <test-method status="PASS" signature="setUp(java.lang.reflect.Method)[pri:0, instance:tests.Surus@49b0b76]" name="setUp" is-config="true" duration-ms="36538" started-at="2020-07-24T15:57:59Z" finished-at="2020-07-24T15:58:35Z">
          <params>
            <param index="0">
              <value>
                <![CDATA[public void tests.Surus.TC_036_Nasil_Surulur_Gecilmemis()]]>
              </value>
            </param>
          </params>
          <reporter-output>
          </reporter-output>
        </test-method> <!-- setUp -->
        <test-method status="SKIP" signature="TC_036_Nasil_Surulur_Gecilmemis()[pri:36, instance:tests.Surus@49b0b76]" name="TC_036_Nasil_Surulur_Gecilmemis" duration-ms="0" started-at="2020-07-24T15:58:35Z" finished-at="2020-07-24T15:58:35Z">
          <exception class="org.openqa.selenium.SessionNotCreatedException">
            <message>
              <![CDATA[Unable to create a new remote session. Please check the server log for more details. Original error: An unknown server-side error occurred while processing the command. Original error: Error executing adbExec. Original error: 'Command 'C:\\Users\\emre\\AppData\\Local\\Android\\Sdk\\platform-tools\\adb.exe -P 5037 -s 5210d014508dc3e1 install -r C:\\Users\\emre\\AppData\\Local\\Temp\\2020624-28592-1mddcpm.dwsc\\appium-uiautomator2-server-v4.5.5.apk' exited with code 1'; Stderr: 'adb: failed to install C:\Users\emre\AppData\Local\Temp\2020624-28592-1mddcpm.dwsc\appium-uiautomator2-server-v4.5.5.apk: Failure [INSTALL_PARSE_FAILED_NO_CERTIFICATES: Failed to collect certificates from /data/app/vmdl33508770.tmp/base.apk using APK Signature Scheme v2: SHA-256 digest of contents did not verify]'; Code: '1'
Build info: version: '3.141.59', revision: 'e82be7d358', time: '2018-11-14T08:17:03'
System info: host: 'DESKTOP-NQRRDTM', ip: '192.168.8.120', os.name: 'Windows 10', os.arch: 'amd64', os.version: '10.0', java.version: '1.8.0_241'
Driver info: driver.version: AndroidDriver
remote stacktrace: UnknownError: An unknown server-side error occurred while processing the command. Original error: Error executing adbExec. Original error: 'Command 'C:\\Users\\emre\\AppData\\Local\\Android\\Sdk\\platform-tools\\adb.exe -P 5037 -s 5210d014508dc3e1 install -r C:\\Users\\emre\\AppData\\Local\\Temp\\2020624-28592-1mddcpm.dwsc\\appium-uiautomator2-server-v4.5.5.apk' exited with code 1'; Stderr: 'adb: failed to install C:\Users\emre\AppData\Local\Temp\2020624-28592-1mddcpm.dwsc\appium-uiautomator2-server-v4.5.5.apk: Failure [INSTALL_PARSE_FAILED_NO_CERTIFICATES: Failed to collect certificates from /data/app/vmdl33508770.tmp/base.apk using APK Signature Scheme v2: SHA-256 digest of contents did not verify]'; Code: '1'
    at getResponseForW3CError (C:\Program Files\Appium\resources\app\node_modules\appium\node_modules\appium-base-driver\lib\protocol\errors.js:804:9)
    at asyncHandler (C:\Program Files\Appium\resources\app\node_modules\appium\node_modules\appium-base-driver\lib\protocol\protocol.js:392:37)
Build info: version: '3.141.59', revision: 'e82be7d358', time: '2018-11-14T08:17:03'
System info: host: 'DESKTOP-NQRRDTM', ip: '192.168.8.120', os.name: 'Windows 10', os.arch: 'amd64', os.version: '10.0', java.version: '1.8.0_241'
Driver info: driver.version: AndroidDriver]]>
            </message>
            <full-stacktrace>
              <![CDATA[org.openqa.selenium.SessionNotCreatedException: Unable to create a new remote session. Please check the server log for more details. Original error: An unknown server-side error occurred while processing the command. Original error: Error executing adbExec. Original error: 'Command 'C:\\Users\\emre\\AppData\\Local\\Android\\Sdk\\platform-tools\\adb.exe -P 5037 -s 5210d014508dc3e1 install -r C:\\Users\\emre\\AppData\\Local\\Temp\\2020624-28592-1mddcpm.dwsc\\appium-uiautomator2-server-v4.5.5.apk' exited with code 1'; Stderr: 'adb: failed to install C:\Users\emre\AppData\Local\Temp\2020624-28592-1mddcpm.dwsc\appium-uiautomator2-server-v4.5.5.apk: Failure [INSTALL_PARSE_FAILED_NO_CERTIFICATES: Failed to collect certificates from /data/app/vmdl33508770.tmp/base.apk using APK Signature Scheme v2: SHA-256 digest of contents did not verify]'; Code: '1'
Build info: version: '3.141.59', revision: 'e82be7d358', time: '2018-11-14T08:17:03'
System info: host: 'DESKTOP-NQRRDTM', ip: '192.168.8.120', os.name: 'Windows 10', os.arch: 'amd64', os.version: '10.0', java.version: '1.8.0_241'
Driver info: driver.version: AndroidDriver
remote stacktrace: UnknownError: An unknown server-side error occurred while processing the command. Original error: Error executing adbExec. Original error: 'Command 'C:\\Users\\emre\\AppData\\Local\\Android\\Sdk\\platform-tools\\adb.exe -P 5037 -s 5210d014508dc3e1 install -r C:\\Users\\emre\\AppData\\Local\\Temp\\2020624-28592-1mddcpm.dwsc\\appium-uiautomator2-server-v4.5.5.apk' exited with code 1'; Stderr: 'adb: failed to install C:\Users\emre\AppData\Local\Temp\2020624-28592-1mddcpm.dwsc\appium-uiautomator2-server-v4.5.5.apk: Failure [INSTALL_PARSE_FAILED_NO_CERTIFICATES: Failed to collect certificates from /data/app/vmdl33508770.tmp/base.apk using APK Signature Scheme v2: SHA-256 digest of contents did not verify]'; Code: '1'
    at getResponseForW3CError (C:\Program Files\Appium\resources\app\node_modules\appium\node_modules\appium-base-driver\lib\protocol\errors.js:804:9)
    at asyncHandler (C:\Program Files\Appium\resources\app\node_modules\appium\node_modules\appium-base-driver\lib\protocol\protocol.js:392:37)
Build info: version: '3.141.59', revision: 'e82be7d358', time: '2018-11-14T08:17:03'
System info: host: 'DESKTOP-NQRRDTM', ip: '192.168.8.120', os.name: 'Windows 10', os.arch: 'amd64', os.version: '10.0', java.version: '1.8.0_241'
Driver info: driver.version: AndroidDriver
at io.appium.java_client.remote.AppiumCommandExecutor$1.createSession(AppiumCommandExecutor.java:208)
at io.appium.java_client.remote.AppiumCommandExecutor.createSession(AppiumCommandExecutor.java:217)
at io.appium.java_client.remote.AppiumCommandExecutor.execute(AppiumCommandExecutor.java:239)
at org.openqa.selenium.remote.RemoteWebDriver.execute(RemoteWebDriver.java:552)
at io.appium.java_client.DefaultGenericMobileDriver.execute(DefaultGenericMobileDriver.java:41)
at io.appium.java_client.AppiumDriver.execute(AppiumDriver.java:1)
at io.appium.java_client.android.AndroidDriver.execute(AndroidDriver.java:1)
at org.openqa.selenium.remote.RemoteWebDriver.startSession(RemoteWebDriver.java:213)
at io.appium.java_client.AppiumDriver.startSession(AppiumDriver.java:336)
at org.openqa.selenium.remote.RemoteWebDriver.<init>(RemoteWebDriver.java:131)
at io.appium.java_client.DefaultGenericMobileDriver.<init>(DefaultGenericMobileDriver.java:37)
at io.appium.java_client.AppiumDriver.<init>(AppiumDriver.java:88)
at io.appium.java_client.AppiumDriver.<init>(AppiumDriver.java:98)
at io.appium.java_client.android.AndroidDriver.<init>(AndroidDriver.java:94)
at utilities.TestBase.setUp(TestBase.java:76)
at sun.reflect.GeneratedMethodAccessor1.invoke(Unknown Source)
at sun.reflect.DelegatingMethodAccessorImpl.invoke(Unknown Source)
at java.lang.reflect.Method.invoke(Unknown Source)
at org.testng.internal.MethodInvocationHelper.invokeMethod(MethodInvocationHelper.java:124)
at org.testng.internal.MethodInvocationHelper.invokeMethodConsideringTimeout(MethodInvocationHelper.java:59)
at org.testng.internal.Invoker.invokeConfigurationMethod(Invoker.java:458)
at org.testng.internal.Invoker.invokeConfigurations(Invoker.java:222)
at org.testng.internal.Invoker.invokeMethod(Invoker.java:523)
at org.testng.internal.Invoker.invokeTestMethod(Invoker.java:719)
at org.testng.internal.Invoker.invokeTestMethods(Invoker.java:989)
at org.testng.internal.TestMethodWorker.invokeTestMethods(TestMethodWorker.java:125)
at org.testng.internal.TestMethodWorker.run(TestMethodWorker.java:109)
at java.util.concurrent.ThreadPoolExecutor.runWorker(Unknown Source)
at java.util.concurrent.ThreadPoolExecutor$Worker.run(Unknown Source)
at java.lang.Thread.run(Unknown Source)
Caused by: java.lang.reflect.InvocationTargetException
at sun.reflect.GeneratedMethodAccessor2.invoke(Unknown Source)
at sun.reflect.DelegatingMethodAccessorImpl.invoke(Unknown Source)
at java.lang.reflect.Method.invoke(Unknown Source)
at io.appium.java_client.remote.AppiumCommandExecutor$1.createSession(AppiumCommandExecutor.java:186)
... 29 more
Caused by: org.openqa.selenium.WebDriverException: An unknown server-side error occurred while processing the command. Original error: Error executing adbExec. Original error: 'Command 'C:\\Users\\emre\\AppData\\Local\\Android\\Sdk\\platform-tools\\adb.exe -P 5037 -s 5210d014508dc3e1 install -r C:\\Users\\emre\\AppData\\Local\\Temp\\2020624-28592-1mddcpm.dwsc\\appium-uiautomator2-server-v4.5.5.apk' exited with code 1'; Stderr: 'adb: failed to install C:\Users\emre\AppData\Local\Temp\2020624-28592-1mddcpm.dwsc\appium-uiautomator2-server-v4.5.5.apk: Failure [INSTALL_PARSE_FAILED_NO_CERTIFICATES: Failed to collect certificates from /data/app/vmdl33508770.tmp/base.apk using APK Signature Scheme v2: SHA-256 digest of contents did not verify]'; Code: '1'
Build info: version: '3.141.59', revision: 'e82be7d358', time: '2018-11-14T08:17:03'
System info: host: 'DESKTOP-NQRRDTM', ip: '192.168.8.120', os.name: 'Windows 10', os.arch: 'amd64', os.version: '10.0', java.version: '1.8.0_241'
Driver info: driver.version: AndroidDriver
remote stacktrace: UnknownError: An unknown server-side error occurred while processing the command. Original error: Error executing adbExec. Original error: 'Command 'C:\\Users\\emre\\AppData\\Local\\Android\\Sdk\\platform-tools\\adb.exe -P 5037 -s 5210d014508dc3e1 install -r C:\\Users\\emre\\AppData\\Local\\Temp\\2020624-28592-1mddcpm.dwsc\\appium-uiautomator2-server-v4.5.5.apk' exited with code 1'; Stderr: 'adb: failed to install C:\Users\emre\AppData\Local\Temp\2020624-28592-1mddcpm.dwsc\appium-uiautomator2-server-v4.5.5.apk: Failure [INSTALL_PARSE_FAILED_NO_CERTIFICATES: Failed to collect certificates from /data/app/vmdl33508770.tmp/base.apk using APK Signature Scheme v2: SHA-256 digest of contents did not verify]'; Code: '1'
    at getResponseForW3CError (C:\Program Files\Appium\resources\app\node_modules\appium\node_modules\appium-base-driver\lib\protocol\errors.js:804:9)
    at asyncHandler (C:\Program Files\Appium\resources\app\node_modules\appium\node_modules\appium-base-driver\lib\protocol\protocol.js:392:37)
at sun.reflect.NativeConstructorAccessorImpl.newInstance0(Native Method)
at sun.reflect.NativeConstructorAccessorImpl.newInstance(Unknown Source)
at sun.reflect.DelegatingConstructorAccessorImpl.newInstance(Unknown Source)
at java.lang.reflect.Constructor.newInstance(Unknown Source)
at org.openqa.selenium.remote.W3CHandshakeResponse.lambda$errorHandler$0(W3CHandshakeResponse.java:62)
at org.openqa.selenium.remote.HandshakeResponse.lambda$getResponseFunction$0(HandshakeResponse.java:30)
at org.openqa.selenium.remote.ProtocolHandshake.lambda$createSession$0(ProtocolHandshake.java:126)
at java.util.stream.ReferencePipeline$3$1.accept(Unknown Source)
at java.util.Spliterators$ArraySpliterator.tryAdvance(Unknown Source)
at java.util.stream.ReferencePipeline.forEachWithCancel(Unknown Source)
at java.util.stream.AbstractPipeline.copyIntoWithCancel(Unknown Source)
at java.util.stream.AbstractPipeline.copyInto(Unknown Source)
at java.util.stream.AbstractPipeline.wrapAndCopyInto(Unknown Source)
at java.util.stream.FindOps$FindOp.evaluateSequential(Unknown Source)
at java.util.stream.AbstractPipeline.evaluate(Unknown Source)
at java.util.stream.ReferencePipeline.findFirst(Unknown Source)
at org.openqa.selenium.remote.ProtocolHandshake.createSession(ProtocolHandshake.java:128)
... 33 more
]]>
            </full-stacktrace>
          </exception> <!-- org.openqa.selenium.SessionNotCreatedException -->
          <reporter-output>
          </reporter-output>
        </test-method> <!-- TC_036_Nasil_Surulur_Gecilmemis -->
        <test-method status="PASS" signature="tearDown(org.testng.ITestResult)[pri:0, instance:tests.Surus@49b0b76]" name="tearDown" is-config="true" duration-ms="232" started-at="2020-07-24T15:58:35Z" finished-at="2020-07-24T15:58:36Z">
          <params>
            <param index="0">
              <value>
                <![CDATA[[TestResult name={null} status=CREATED method=Surus.TC_036_Nasil_Surulur_Gecilmemis()[pri:36, instance:tests.Surus@49b0b76] output={null}]]]>
              </value>
            </param>
          </params>
          <reporter-output>
          </reporter-output>
        </test-method> <!-- tearDown -->
        <test-method status="PASS" signature="setUp(java.lang.reflect.Method)[pri:0, instance:tests.Surus@49b0b76]" name="setUp" is-config="true" duration-ms="35958" started-at="2020-07-24T15:58:36Z" finished-at="2020-07-24T15:59:12Z">
          <params>
            <param index="0">
              <value>
                <![CDATA[public void tests.Surus.TC_037_Acil_Mudahale()]]>
              </value>
            </param>
          </params>
          <reporter-output>
          </reporter-output>
        </test-method> <!-- setUp -->
        <test-method status="SKIP" signature="TC_037_Acil_Mudahale()[pri:37, instance:tests.Surus@49b0b76]" name="TC_037_Acil_Mudahale" duration-ms="0" started-at="2020-07-24T15:59:12Z" finished-at="2020-07-24T15:59:12Z">
          <exception class="org.openqa.selenium.SessionNotCreatedException">
            <message>
              <![CDATA[Unable to create a new remote session. Please check the server log for more details. Original error: An unknown server-side error occurred while processing the command. Original error: Error executing adbExec. Original error: 'Command 'C:\\Users\\emre\\AppData\\Local\\Android\\Sdk\\platform-tools\\adb.exe -P 5037 -s 5210d014508dc3e1 install -r C:\\Users\\emre\\AppData\\Local\\Temp\\2020624-28592-1mddcpm.dwsc\\appium-uiautomator2-server-v4.5.5.apk' exited with code 1'; Stderr: 'adb: failed to install C:\Users\emre\AppData\Local\Temp\2020624-28592-1mddcpm.dwsc\appium-uiautomator2-server-v4.5.5.apk: Failure [INSTALL_PARSE_FAILED_NO_CERTIFICATES: Failed to collect certificates from /data/app/vmdl33508770.tmp/base.apk using APK Signature Scheme v2: SHA-256 digest of contents did not verify]'; Code: '1'
Build info: version: '3.141.59', revision: 'e82be7d358', time: '2018-11-14T08:17:03'
System info: host: 'DESKTOP-NQRRDTM', ip: '192.168.8.120', os.name: 'Windows 10', os.arch: 'amd64', os.version: '10.0', java.version: '1.8.0_241'
Driver info: driver.version: AndroidDriver
remote stacktrace: UnknownError: An unknown server-side error occurred while processing the command. Original error: Error executing adbExec. Original error: 'Command 'C:\\Users\\emre\\AppData\\Local\\Android\\Sdk\\platform-tools\\adb.exe -P 5037 -s 5210d014508dc3e1 install -r C:\\Users\\emre\\AppData\\Local\\Temp\\2020624-28592-1mddcpm.dwsc\\appium-uiautomator2-server-v4.5.5.apk' exited with code 1'; Stderr: 'adb: failed to install C:\Users\emre\AppData\Local\Temp\2020624-28592-1mddcpm.dwsc\appium-uiautomator2-server-v4.5.5.apk: Failure [INSTALL_PARSE_FAILED_NO_CERTIFICATES: Failed to collect certificates from /data/app/vmdl33508770.tmp/base.apk using APK Signature Scheme v2: SHA-256 digest of contents did not verify]'; Code: '1'
    at getResponseForW3CError (C:\Program Files\Appium\resources\app\node_modules\appium\node_modules\appium-base-driver\lib\protocol\errors.js:804:9)
    at asyncHandler (C:\Program Files\Appium\resources\app\node_modules\appium\node_modules\appium-base-driver\lib\protocol\protocol.js:392:37)
Build info: version: '3.141.59', revision: 'e82be7d358', time: '2018-11-14T08:17:03'
System info: host: 'DESKTOP-NQRRDTM', ip: '192.168.8.120', os.name: 'Windows 10', os.arch: 'amd64', os.version: '10.0', java.version: '1.8.0_241'
Driver info: driver.version: AndroidDriver]]>
            </message>
            <full-stacktrace>
              <![CDATA[org.openqa.selenium.SessionNotCreatedException: Unable to create a new remote session. Please check the server log for more details. Original error: An unknown server-side error occurred while processing the command. Original error: Error executing adbExec. Original error: 'Command 'C:\\Users\\emre\\AppData\\Local\\Android\\Sdk\\platform-tools\\adb.exe -P 5037 -s 5210d014508dc3e1 install -r C:\\Users\\emre\\AppData\\Local\\Temp\\2020624-28592-1mddcpm.dwsc\\appium-uiautomator2-server-v4.5.5.apk' exited with code 1'; Stderr: 'adb: failed to install C:\Users\emre\AppData\Local\Temp\2020624-28592-1mddcpm.dwsc\appium-uiautomator2-server-v4.5.5.apk: Failure [INSTALL_PARSE_FAILED_NO_CERTIFICATES: Failed to collect certificates from /data/app/vmdl33508770.tmp/base.apk using APK Signature Scheme v2: SHA-256 digest of contents did not verify]'; Code: '1'
Build info: version: '3.141.59', revision: 'e82be7d358', time: '2018-11-14T08:17:03'
System info: host: 'DESKTOP-NQRRDTM', ip: '192.168.8.120', os.name: 'Windows 10', os.arch: 'amd64', os.version: '10.0', java.version: '1.8.0_241'
Driver info: driver.version: AndroidDriver
remote stacktrace: UnknownError: An unknown server-side error occurred while processing the command. Original error: Error executing adbExec. Original error: 'Command 'C:\\Users\\emre\\AppData\\Local\\Android\\Sdk\\platform-tools\\adb.exe -P 5037 -s 5210d014508dc3e1 install -r C:\\Users\\emre\\AppData\\Local\\Temp\\2020624-28592-1mddcpm.dwsc\\appium-uiautomator2-server-v4.5.5.apk' exited with code 1'; Stderr: 'adb: failed to install C:\Users\emre\AppData\Local\Temp\2020624-28592-1mddcpm.dwsc\appium-uiautomator2-server-v4.5.5.apk: Failure [INSTALL_PARSE_FAILED_NO_CERTIFICATES: Failed to collect certificates from /data/app/vmdl33508770.tmp/base.apk using APK Signature Scheme v2: SHA-256 digest of contents did not verify]'; Code: '1'
    at getResponseForW3CError (C:\Program Files\Appium\resources\app\node_modules\appium\node_modules\appium-base-driver\lib\protocol\errors.js:804:9)
    at asyncHandler (C:\Program Files\Appium\resources\app\node_modules\appium\node_modules\appium-base-driver\lib\protocol\protocol.js:392:37)
Build info: version: '3.141.59', revision: 'e82be7d358', time: '2018-11-14T08:17:03'
System info: host: 'DESKTOP-NQRRDTM', ip: '192.168.8.120', os.name: 'Windows 10', os.arch: 'amd64', os.version: '10.0', java.version: '1.8.0_241'
Driver info: driver.version: AndroidDriver
at io.appium.java_client.remote.AppiumCommandExecutor$1.createSession(AppiumCommandExecutor.java:208)
at io.appium.java_client.remote.AppiumCommandExecutor.createSession(AppiumCommandExecutor.java:217)
at io.appium.java_client.remote.AppiumCommandExecutor.execute(AppiumCommandExecutor.java:239)
at org.openqa.selenium.remote.RemoteWebDriver.execute(RemoteWebDriver.java:552)
at io.appium.java_client.DefaultGenericMobileDriver.execute(DefaultGenericMobileDriver.java:41)
at io.appium.java_client.AppiumDriver.execute(AppiumDriver.java:1)
at io.appium.java_client.android.AndroidDriver.execute(AndroidDriver.java:1)
at org.openqa.selenium.remote.RemoteWebDriver.startSession(RemoteWebDriver.java:213)
at io.appium.java_client.AppiumDriver.startSession(AppiumDriver.java:336)
at org.openqa.selenium.remote.RemoteWebDriver.<init>(RemoteWebDriver.java:131)
at io.appium.java_client.DefaultGenericMobileDriver.<init>(DefaultGenericMobileDriver.java:37)
at io.appium.java_client.AppiumDriver.<init>(AppiumDriver.java:88)
at io.appium.java_client.AppiumDriver.<init>(AppiumDriver.java:98)
at io.appium.java_client.android.AndroidDriver.<init>(AndroidDriver.java:94)
at utilities.TestBase.setUp(TestBase.java:76)
at sun.reflect.GeneratedMethodAccessor1.invoke(Unknown Source)
at sun.reflect.DelegatingMethodAccessorImpl.invoke(Unknown Source)
at java.lang.reflect.Method.invoke(Unknown Source)
at org.testng.internal.MethodInvocationHelper.invokeMethod(MethodInvocationHelper.java:124)
at org.testng.internal.MethodInvocationHelper.invokeMethodConsideringTimeout(MethodInvocationHelper.java:59)
at org.testng.internal.Invoker.invokeConfigurationMethod(Invoker.java:458)
at org.testng.internal.Invoker.invokeConfigurations(Invoker.java:222)
at org.testng.internal.Invoker.invokeMethod(Invoker.java:523)
at org.testng.internal.Invoker.invokeTestMethod(Invoker.java:719)
at org.testng.internal.Invoker.invokeTestMethods(Invoker.java:989)
at org.testng.internal.TestMethodWorker.invokeTestMethods(TestMethodWorker.java:125)
at org.testng.internal.TestMethodWorker.run(TestMethodWorker.java:109)
at java.util.concurrent.ThreadPoolExecutor.runWorker(Unknown Source)
at java.util.concurrent.ThreadPoolExecutor$Worker.run(Unknown Source)
at java.lang.Thread.run(Unknown Source)
Caused by: java.lang.reflect.InvocationTargetException
at sun.reflect.GeneratedMethodAccessor2.invoke(Unknown Source)
at sun.reflect.DelegatingMethodAccessorImpl.invoke(Unknown Source)
at java.lang.reflect.Method.invoke(Unknown Source)
at io.appium.java_client.remote.AppiumCommandExecutor$1.createSession(AppiumCommandExecutor.java:186)
... 29 more
Caused by: org.openqa.selenium.WebDriverException: An unknown server-side error occurred while processing the command. Original error: Error executing adbExec. Original error: 'Command 'C:\\Users\\emre\\AppData\\Local\\Android\\Sdk\\platform-tools\\adb.exe -P 5037 -s 5210d014508dc3e1 install -r C:\\Users\\emre\\AppData\\Local\\Temp\\2020624-28592-1mddcpm.dwsc\\appium-uiautomator2-server-v4.5.5.apk' exited with code 1'; Stderr: 'adb: failed to install C:\Users\emre\AppData\Local\Temp\2020624-28592-1mddcpm.dwsc\appium-uiautomator2-server-v4.5.5.apk: Failure [INSTALL_PARSE_FAILED_NO_CERTIFICATES: Failed to collect certificates from /data/app/vmdl33508770.tmp/base.apk using APK Signature Scheme v2: SHA-256 digest of contents did not verify]'; Code: '1'
Build info: version: '3.141.59', revision: 'e82be7d358', time: '2018-11-14T08:17:03'
System info: host: 'DESKTOP-NQRRDTM', ip: '192.168.8.120', os.name: 'Windows 10', os.arch: 'amd64', os.version: '10.0', java.version: '1.8.0_241'
Driver info: driver.version: AndroidDriver
remote stacktrace: UnknownError: An unknown server-side error occurred while processing the command. Original error: Error executing adbExec. Original error: 'Command 'C:\\Users\\emre\\AppData\\Local\\Android\\Sdk\\platform-tools\\adb.exe -P 5037 -s 5210d014508dc3e1 install -r C:\\Users\\emre\\AppData\\Local\\Temp\\2020624-28592-1mddcpm.dwsc\\appium-uiautomator2-server-v4.5.5.apk' exited with code 1'; Stderr: 'adb: failed to install C:\Users\emre\AppData\Local\Temp\2020624-28592-1mddcpm.dwsc\appium-uiautomator2-server-v4.5.5.apk: Failure [INSTALL_PARSE_FAILED_NO_CERTIFICATES: Failed to collect certificates from /data/app/vmdl33508770.tmp/base.apk using APK Signature Scheme v2: SHA-256 digest of contents did not verify]'; Code: '1'
    at getResponseForW3CError (C:\Program Files\Appium\resources\app\node_modules\appium\node_modules\appium-base-driver\lib\protocol\errors.js:804:9)
    at asyncHandler (C:\Program Files\Appium\resources\app\node_modules\appium\node_modules\appium-base-driver\lib\protocol\protocol.js:392:37)
at sun.reflect.NativeConstructorAccessorImpl.newInstance0(Native Method)
at sun.reflect.NativeConstructorAccessorImpl.newInstance(Unknown Source)
at sun.reflect.DelegatingConstructorAccessorImpl.newInstance(Unknown Source)
at java.lang.reflect.Constructor.newInstance(Unknown Source)
at org.openqa.selenium.remote.W3CHandshakeResponse.lambda$errorHandler$0(W3CHandshakeResponse.java:62)
at org.openqa.selenium.remote.HandshakeResponse.lambda$getResponseFunction$0(HandshakeResponse.java:30)
at org.openqa.selenium.remote.ProtocolHandshake.lambda$createSession$0(ProtocolHandshake.java:126)
at java.util.stream.ReferencePipeline$3$1.accept(Unknown Source)
at java.util.Spliterators$ArraySpliterator.tryAdvance(Unknown Source)
at java.util.stream.ReferencePipeline.forEachWithCancel(Unknown Source)
at java.util.stream.AbstractPipeline.copyIntoWithCancel(Unknown Source)
at java.util.stream.AbstractPipeline.copyInto(Unknown Source)
at java.util.stream.AbstractPipeline.wrapAndCopyInto(Unknown Source)
at java.util.stream.FindOps$FindOp.evaluateSequential(Unknown Source)
at java.util.stream.AbstractPipeline.evaluate(Unknown Source)
at java.util.stream.ReferencePipeline.findFirst(Unknown Source)
at org.openqa.selenium.remote.ProtocolHandshake.createSession(ProtocolHandshake.java:128)
... 33 more
]]>
            </full-stacktrace>
          </exception> <!-- org.openqa.selenium.SessionNotCreatedException -->
          <reporter-output>
          </reporter-output>
        </test-method> <!-- TC_037_Acil_Mudahale -->
        <test-method status="PASS" signature="tearDown(org.testng.ITestResult)[pri:0, instance:tests.Surus@49b0b76]" name="tearDown" is-config="true" duration-ms="221" started-at="2020-07-24T15:59:12Z" finished-at="2020-07-24T15:59:12Z">
          <params>
            <param index="0">
              <value>
                <![CDATA[[TestResult name={null} status=CREATED method=Surus.TC_037_Acil_Mudahale()[pri:37, instance:tests.Surus@49b0b76] output={null}]]]>
              </value>
            </param>
          </params>
          <reporter-output>
          </reporter-output>
        </test-method> <!-- tearDown -->
        <test-method status="PASS" signature="setUp(java.lang.reflect.Method)[pri:0, instance:tests.Surus@49b0b76]" name="setUp" is-config="true" duration-ms="35736" started-at="2020-07-24T15:59:12Z" finished-at="2020-07-24T15:59:48Z">
          <params>
            <param index="0">
              <value>
                <![CDATA[public void tests.Surus.TC_038_Nasil_Surulur()]]>
              </value>
            </param>
          </params>
          <reporter-output>
          </reporter-output>
        </test-method> <!-- setUp -->
        <test-method status="SKIP" signature="TC_038_Nasil_Surulur()[pri:38, instance:tests.Surus@49b0b76]" name="TC_038_Nasil_Surulur" duration-ms="0" started-at="2020-07-24T15:59:48Z" finished-at="2020-07-24T15:59:48Z">
          <exception class="org.openqa.selenium.SessionNotCreatedException">
            <message>
              <![CDATA[Unable to create a new remote session. Please check the server log for more details. Original error: An unknown server-side error occurred while processing the command. Original error: Error executing adbExec. Original error: 'Command 'C:\\Users\\emre\\AppData\\Local\\Android\\Sdk\\platform-tools\\adb.exe -P 5037 -s 5210d014508dc3e1 install -r C:\\Users\\emre\\AppData\\Local\\Temp\\2020624-28592-1mddcpm.dwsc\\appium-uiautomator2-server-v4.5.5.apk' exited with code 1'; Stderr: 'adb: failed to install C:\Users\emre\AppData\Local\Temp\2020624-28592-1mddcpm.dwsc\appium-uiautomator2-server-v4.5.5.apk: Failure [INSTALL_PARSE_FAILED_NO_CERTIFICATES: Failed to collect certificates from /data/app/vmdl33508770.tmp/base.apk using APK Signature Scheme v2: SHA-256 digest of contents did not verify]'; Code: '1'
Build info: version: '3.141.59', revision: 'e82be7d358', time: '2018-11-14T08:17:03'
System info: host: 'DESKTOP-NQRRDTM', ip: '192.168.8.120', os.name: 'Windows 10', os.arch: 'amd64', os.version: '10.0', java.version: '1.8.0_241'
Driver info: driver.version: AndroidDriver
remote stacktrace: UnknownError: An unknown server-side error occurred while processing the command. Original error: Error executing adbExec. Original error: 'Command 'C:\\Users\\emre\\AppData\\Local\\Android\\Sdk\\platform-tools\\adb.exe -P 5037 -s 5210d014508dc3e1 install -r C:\\Users\\emre\\AppData\\Local\\Temp\\2020624-28592-1mddcpm.dwsc\\appium-uiautomator2-server-v4.5.5.apk' exited with code 1'; Stderr: 'adb: failed to install C:\Users\emre\AppData\Local\Temp\2020624-28592-1mddcpm.dwsc\appium-uiautomator2-server-v4.5.5.apk: Failure [INSTALL_PARSE_FAILED_NO_CERTIFICATES: Failed to collect certificates from /data/app/vmdl33508770.tmp/base.apk using APK Signature Scheme v2: SHA-256 digest of contents did not verify]'; Code: '1'
    at getResponseForW3CError (C:\Program Files\Appium\resources\app\node_modules\appium\node_modules\appium-base-driver\lib\protocol\errors.js:804:9)
    at asyncHandler (C:\Program Files\Appium\resources\app\node_modules\appium\node_modules\appium-base-driver\lib\protocol\protocol.js:392:37)
Build info: version: '3.141.59', revision: 'e82be7d358', time: '2018-11-14T08:17:03'
System info: host: 'DESKTOP-NQRRDTM', ip: '192.168.8.120', os.name: 'Windows 10', os.arch: 'amd64', os.version: '10.0', java.version: '1.8.0_241'
Driver info: driver.version: AndroidDriver]]>
            </message>
            <full-stacktrace>
              <![CDATA[org.openqa.selenium.SessionNotCreatedException: Unable to create a new remote session. Please check the server log for more details. Original error: An unknown server-side error occurred while processing the command. Original error: Error executing adbExec. Original error: 'Command 'C:\\Users\\emre\\AppData\\Local\\Android\\Sdk\\platform-tools\\adb.exe -P 5037 -s 5210d014508dc3e1 install -r C:\\Users\\emre\\AppData\\Local\\Temp\\2020624-28592-1mddcpm.dwsc\\appium-uiautomator2-server-v4.5.5.apk' exited with code 1'; Stderr: 'adb: failed to install C:\Users\emre\AppData\Local\Temp\2020624-28592-1mddcpm.dwsc\appium-uiautomator2-server-v4.5.5.apk: Failure [INSTALL_PARSE_FAILED_NO_CERTIFICATES: Failed to collect certificates from /data/app/vmdl33508770.tmp/base.apk using APK Signature Scheme v2: SHA-256 digest of contents did not verify]'; Code: '1'
Build info: version: '3.141.59', revision: 'e82be7d358', time: '2018-11-14T08:17:03'
System info: host: 'DESKTOP-NQRRDTM', ip: '192.168.8.120', os.name: 'Windows 10', os.arch: 'amd64', os.version: '10.0', java.version: '1.8.0_241'
Driver info: driver.version: AndroidDriver
remote stacktrace: UnknownError: An unknown server-side error occurred while processing the command. Original error: Error executing adbExec. Original error: 'Command 'C:\\Users\\emre\\AppData\\Local\\Android\\Sdk\\platform-tools\\adb.exe -P 5037 -s 5210d014508dc3e1 install -r C:\\Users\\emre\\AppData\\Local\\Temp\\2020624-28592-1mddcpm.dwsc\\appium-uiautomator2-server-v4.5.5.apk' exited with code 1'; Stderr: 'adb: failed to install C:\Users\emre\AppData\Local\Temp\2020624-28592-1mddcpm.dwsc\appium-uiautomator2-server-v4.5.5.apk: Failure [INSTALL_PARSE_FAILED_NO_CERTIFICATES: Failed to collect certificates from /data/app/vmdl33508770.tmp/base.apk using APK Signature Scheme v2: SHA-256 digest of contents did not verify]'; Code: '1'
    at getResponseForW3CError (C:\Program Files\Appium\resources\app\node_modules\appium\node_modules\appium-base-driver\lib\protocol\errors.js:804:9)
    at asyncHandler (C:\Program Files\Appium\resources\app\node_modules\appium\node_modules\appium-base-driver\lib\protocol\protocol.js:392:37)
Build info: version: '3.141.59', revision: 'e82be7d358', time: '2018-11-14T08:17:03'
System info: host: 'DESKTOP-NQRRDTM', ip: '192.168.8.120', os.name: 'Windows 10', os.arch: 'amd64', os.version: '10.0', java.version: '1.8.0_241'
Driver info: driver.version: AndroidDriver
at io.appium.java_client.remote.AppiumCommandExecutor$1.createSession(AppiumCommandExecutor.java:208)
at io.appium.java_client.remote.AppiumCommandExecutor.createSession(AppiumCommandExecutor.java:217)
at io.appium.java_client.remote.AppiumCommandExecutor.execute(AppiumCommandExecutor.java:239)
at org.openqa.selenium.remote.RemoteWebDriver.execute(RemoteWebDriver.java:552)
at io.appium.java_client.DefaultGenericMobileDriver.execute(DefaultGenericMobileDriver.java:41)
at io.appium.java_client.AppiumDriver.execute(AppiumDriver.java:1)
at io.appium.java_client.android.AndroidDriver.execute(AndroidDriver.java:1)
at org.openqa.selenium.remote.RemoteWebDriver.startSession(RemoteWebDriver.java:213)
at io.appium.java_client.AppiumDriver.startSession(AppiumDriver.java:336)
at org.openqa.selenium.remote.RemoteWebDriver.<init>(RemoteWebDriver.java:131)
at io.appium.java_client.DefaultGenericMobileDriver.<init>(DefaultGenericMobileDriver.java:37)
at io.appium.java_client.AppiumDriver.<init>(AppiumDriver.java:88)
at io.appium.java_client.AppiumDriver.<init>(AppiumDriver.java:98)
at io.appium.java_client.android.AndroidDriver.<init>(AndroidDriver.java:94)
at utilities.TestBase.setUp(TestBase.java:76)
at sun.reflect.GeneratedMethodAccessor1.invoke(Unknown Source)
at sun.reflect.DelegatingMethodAccessorImpl.invoke(Unknown Source)
at java.lang.reflect.Method.invoke(Unknown Source)
at org.testng.internal.MethodInvocationHelper.invokeMethod(MethodInvocationHelper.java:124)
at org.testng.internal.MethodInvocationHelper.invokeMethodConsideringTimeout(MethodInvocationHelper.java:59)
at org.testng.internal.Invoker.invokeConfigurationMethod(Invoker.java:458)
at org.testng.internal.Invoker.invokeConfigurations(Invoker.java:222)
at org.testng.internal.Invoker.invokeMethod(Invoker.java:523)
at org.testng.internal.Invoker.invokeTestMethod(Invoker.java:719)
at org.testng.internal.Invoker.invokeTestMethods(Invoker.java:989)
at org.testng.internal.TestMethodWorker.invokeTestMethods(TestMethodWorker.java:125)
at org.testng.internal.TestMethodWorker.run(TestMethodWorker.java:109)
at java.util.concurrent.ThreadPoolExecutor.runWorker(Unknown Source)
at java.util.concurrent.ThreadPoolExecutor$Worker.run(Unknown Source)
at java.lang.Thread.run(Unknown Source)
Caused by: java.lang.reflect.InvocationTargetException
at sun.reflect.GeneratedMethodAccessor2.invoke(Unknown Source)
at sun.reflect.DelegatingMethodAccessorImpl.invoke(Unknown Source)
at java.lang.reflect.Method.invoke(Unknown Source)
at io.appium.java_client.remote.AppiumCommandExecutor$1.createSession(AppiumCommandExecutor.java:186)
... 29 more
Caused by: org.openqa.selenium.WebDriverException: An unknown server-side error occurred while processing the command. Original error: Error executing adbExec. Original error: 'Command 'C:\\Users\\emre\\AppData\\Local\\Android\\Sdk\\platform-tools\\adb.exe -P 5037 -s 5210d014508dc3e1 install -r C:\\Users\\emre\\AppData\\Local\\Temp\\2020624-28592-1mddcpm.dwsc\\appium-uiautomator2-server-v4.5.5.apk' exited with code 1'; Stderr: 'adb: failed to install C:\Users\emre\AppData\Local\Temp\2020624-28592-1mddcpm.dwsc\appium-uiautomator2-server-v4.5.5.apk: Failure [INSTALL_PARSE_FAILED_NO_CERTIFICATES: Failed to collect certificates from /data/app/vmdl33508770.tmp/base.apk using APK Signature Scheme v2: SHA-256 digest of contents did not verify]'; Code: '1'
Build info: version: '3.141.59', revision: 'e82be7d358', time: '2018-11-14T08:17:03'
System info: host: 'DESKTOP-NQRRDTM', ip: '192.168.8.120', os.name: 'Windows 10', os.arch: 'amd64', os.version: '10.0', java.version: '1.8.0_241'
Driver info: driver.version: AndroidDriver
[...]
at org.testng.Assert.fail(Assert.java:96)
at org.testng.Assert.failNotEquals(Assert.java:776)
at org.testng.Assert.assertTrue(Assert.java:44)
at utilities.PageBaseAndroid.assertFound(PageBaseAndroid.java:297)
at pages.device.pageAnaEkran.Surus_Baslat(pageAnaEkran.java:80)
at tests.Ana_Ekran.TC_016_Surus_Baslat(Ana_Ekran.java:36)
at sun.reflect.NativeMethodAccessorImpl.invoke0(Native Method)
at sun.reflect.NativeMethodAccessorImpl.invoke(Unknown Source)
at sun.reflect.DelegatingMethodAccessorImpl.invoke(Unknown Source)
at java.lang.reflect.Method.invoke(Unknown Source)
at org.testng.internal.MethodInvocationHelper.invokeMethod(MethodInvocationHelper.java:124)
at org.testng.internal.Invoker.invokeMethod(Invoker.java:583)
at org.testng.internal.Invoker.invokeTestMethod(Invoker.java:719)
at org.testng.internal.Invoker.invokeTestMethods(Invoker.java:989)
at org.testng.internal.TestMethodWorker.invokeTestMethods(TestMethodWorker.java:125)
at org.testng.internal.TestMethodWorker.run(TestMethodWorker.java:109)
at java.util.concurrent.ThreadPoolExecutor.runWorker(Unknown Source)
at java.util.concurrent.ThreadPoolExecutor$Worker.run(Unknown Source)
at java.lang.Thread.run(Unknown Source)
]]>
            </full-stacktrace>
          </exception> <!-- java.lang.AssertionError -->
          <reporter-output>
          </reporter-output>
        </test-method> <!-- TC_016_Surus_Baslat -->
        <test-method status="PASS" signature="tearDown(org.testng.ITestResult)[pri:0, instance:tests.Ana_Ekran@2473d930]" name="tearDown" is-config="true" duration-ms="316" started-at="2020-07-24T15:37:30Z" finished-at="2020-07-24T15:37:31Z">
          <params>
            <param index="0">
              <value>
                <![CDATA[[TestResult name=TC_016_Surus_Baslat status=FAILURE method=Ana_Ekran.TC_016_Surus_Baslat()[pri:16, instance:tests.Ana_Ekran@2473d930] output={null}]]]>
              </value>
            </param>
          </params>
          <reporter-output>
          </reporter-output>
        </test-method> <!-- tearDown -->
        <test-method status="PASS" signature="setUp(java.lang.reflect.Method)[pri:0, instance:tests.Ana_Ekran@2473d930]" name="setUp" is-config="true" duration-ms="35976" started-at="2020-07-24T15:37:31Z" finished-at="2020-07-24T15:38:07Z">
          <params>
            <param index="0">
              <value>
                <![CDATA[public void tests.Ana_Ekran.TC_017_Tckn_Gecersiz()]]>
              </value>
            </param>
          </params>
          <reporter-output>
          </reporter-output>
        </test-method> <!-- setUp -->
        <test-method status="PASS" signature="TC_017_Tckn_Gecersiz()[pri:17, instance:tests.Ana_Ekran@2473d930]" name="TC_017_Tckn_Gecersiz" duration-ms="38373" started-at="2020-07-24T15:38:07Z" finished-at="2020-07-24T15:38:45Z">
          <reporter-output>
          </reporter-output>
        </test-method> <!-- TC_017_Tckn_Gecersiz -->
        <test-method status="PASS" signature="tearDown(org.testng.ITestResult)[pri:0, instance:tests.Ana_Ekran@2473d930]" name="tearDown" is-config="true" duration-ms="406" started-at="2020-07-24T15:38:45Z" finished-at="2020-07-24T15:38:45Z">
          <params>
            <param index="0">
              <value>
                <![CDATA[[TestResult name=TC_017_Tckn_Gecersiz status=SUCCESS method=Ana_Ekran.TC_017_Tckn_Gecersiz()[pri:17, instance:tests.Ana_Ekran@2473d930] output={null}]]]>
              </value>
            </param>
          </params>
          <reporter-output>
          </reporter-output>
        </test-method> <!-- tearDown -->
        <test-method status="PASS" signature="setUp(java.lang.reflect.Method)[pri:0, instance:tests.Ana_Ekran@2473d930]" name="setUp" is-config="true" duration-ms="36458" started-at="2020-07-24T15:38:45Z" finished-at="2020-07-24T15:39:22Z">
          <params>
            <param index="0">
              <value>
                <![CDATA[public void tests.Ana_Ekran.TC_018_Odeme_Yontemi_Yok()]]>
              </value>
            </param>
          </params>
          <reporter-output>
          </reporter-output>
        </test-method> <!-- setUp -->
        <test-method status="PASS" signature="TC_018_Odeme_Yontemi_Yok()[pri:18, instance:tests.Ana_Ekran@2473d930]" name="TC_018_Odeme_Yontemi_Yok" duration-ms="30321" started-at="2020-07-24T15:39:22Z" finished-at="2020-07-24T15:39:52Z">
          <reporter-output>
          </reporter-output>
        </test-method> <!-- TC_018_Odeme_Yontemi_Yok -->
        <test-method status="PASS" signature="tearDown(org.testng.ITestResult)[pri:0, instance:tests.Ana_Ekran@2473d930]" name="tearDown" is-config="true" duration-ms="318" started-at="2020-07-24T15:39:52Z" finished-at="2020-07-24T15:39:52Z">
          <params>
            <param index="0">
              <value>
                <![CDATA[[TestResult name=TC_018_Odeme_Yontemi_Yok status=SUCCESS method=Ana_Ekran.TC_018_Odeme_Yontemi_Yok()[pri:18, instance:tests.Ana_Ekran@2473d930] output={null}]]]>
              </value>
            </param>
          </params>
          <reporter-output>
          </reporter-output>
        </test-method> <!-- tearDown -->
        <test-method status="PASS" signature="setUp(java.lang.reflect.Method)[pri:0, instance:tests.Ana_Ekran@2473d930]" name="setUp" is-config="true" duration-ms="36184" started-at="2020-07-24T15:39:52Z" finished-at="2020-07-24T15:40:29Z">
          <params>
            <param index="0">
              <value>
                <![CDATA[public void tests.Ana_Ekran.TC_020_Surus_Baslatma_Kod_Girisi()]]>
              </value>
            </param>
          </params>
          <reporter-output>
          </reporter-output>
        </test-method> <!-- setUp -->
        <test-method status="PASS" signature="TC_020_Surus_Baslatma_Kod_Girisi()[pri:20, instance:tests.Ana_Ekran@2473d930]" name="TC_020_Surus_Baslatma_Kod_Girisi" duration-ms="32870" started-at="2020-07-24T15:40:29Z" finished-at="2020-07-24T15:41:01Z">
          <reporter-output>
          </reporter-output>
        </test-method> <!-- TC_020_Surus_Baslatma_Kod_Girisi -->
        <test-method status="PASS" signature="tearDown(org.testng.ITestResult)[pri:0, instance:tests.Ana_Ekran@2473d930]" name="tearDown" is-config="true" duration-ms="320" started-at="2020-07-24T15:41:01Z" finished-at="2020-07-24T15:41:02Z">
          <params>
            <param index="0">
              <value>
                <![CDATA[[TestResult name=TC_020_Surus_Baslatma_Kod_Girisi status=SUCCESS method=Ana_Ekran.TC_020_Surus_Baslatma_Kod_Girisi()[pri:20, instance:tests.Ana_Ekran@2473d930] output={null}]]]>
              </value>
            </param>
          </params>
          <reporter-output>
          </reporter-output>
        </test-method> <!-- tearDown -->
        <test-method status="PASS" signature="setUp(java.lang.reflect.Method)[pri:0, instance:tests.Ana_Ekran@2473d930]" name="setUp" is-config="true" duration-ms="37028" started-at="2020-07-24T15:41:02Z" finished-at="2020-07-24T15:41:39Z">
          <params>
            <param index="0">
              <value>
                <![CDATA[public void tests.Ana_Ekran.TC_021_Surus_Baslat_Basarili()]]>
              </value>
            </param>
          </params>
          <reporter-output>
          </reporter-output>
        </test-method> <!-- setUp -->
        <test-method status="PASS" signature="TC_021_Surus_Baslat_Basarili()[pri:21, instance:tests.Ana_Ekran@2473d930]" name="TC_021_Surus_Baslat_Basarili" duration-ms="37265" started-at="2020-07-24T15:41:39Z" finished-at="2020-07-24T15:42:16Z">
          <reporter-output>
          </reporter-output>
        </test-method> <!-- TC_021_Surus_Baslat_Basarili -->
        <test-method status="PASS" signature="tearDown(org.testng.ITestResult)[pri:0, instance:tests.Ana_Ekran@2473d930]" name="tearDown" is-config="true" duration-ms="331" started-at="2020-07-24T15:42:16Z" finished-at="2020-07-24T15:42:16Z">
          <params>
            <param index="0">
              <value>
                <![CDATA[[TestResult name=TC_021_Surus_Baslat_Basarili status=SUCCESS method=Ana_Ekran.TC_021_Surus_Baslat_Basarili()[pri:21, instance:tests.Ana_Ekran@2473d930] output={null}]]]>
              </value>
            </param>
          </params>
          <reporter-output>
          </reporter-output>
        </test-method> <!-- tearDown -->
        <test-method status="PASS" signature="setUp(java.lang.reflect.Method)[pri:0, instance:tests.Ana_Ekran@2473d930]" name="setUp" is-config="true" duration-ms="36294" started-at="2020-07-24T15:42:16Z" finished-at="2020-07-24T15:42:53Z">
          <params>
            <param index="0">
              <value>
                <![CDATA[public void tests.Ana_Ekran.TC_022_Surus_Baslat_Basarisiz_Martiya_Uzak()]]>
              </value>
            </param>
          </params>
          <reporter-output>
          </reporter-output>
        </test-method> <!-- setUp -->
        <test-method status="PASS" signature="TC_022_Surus_Baslat_Basarisiz_Martiya_Uzak()[pri:22, instance:tests.Ana_Ekran@2473d930]" name="TC_022_Surus_Baslat_Basarisiz_Martiya_Uzak" duration-ms="40750" started-at="2020-07-24T15:42:53Z" finished-at="2020-07-24T15:43:33Z">
          <reporter-output>
          </reporter-output>
        </test-method> <!-- TC_022_Surus_Baslat_Basarisiz_Martiya_Uzak -->
        <test-method status="PASS" signature="tearDown(org.testng.ITestResult)[pri:0, instance:tests.Ana_Ekran@2473d930]" name="tearDown" is-config="true" duration-ms="294" started-at="2020-07-24T15:43:33Z" finished-at="2020-07-24T15:43:34Z">
          <params>
            <param index="0">
              <value>
                <![CDATA[[TestResult name=TC_022_Surus_Baslat_Basarisiz_Martiya_Uzak status=SUCCESS method=Ana_Ekran.TC_022_Surus_Baslat_Basarisiz_Martiya_Uzak()[pri:22, instance:tests.Ana_Ekran@2473d930] output={null}]]]>
              </value>
            </param>
          </params>
          <reporter-output>
          </reporter-output>
        </test-method> <!-- tearDown -->
        <test-method status="PASS" signature="setUp(java.lang.reflect.Method)[pri:0, instance:tests.Ana_Ekran@2473d930]" name="setUp" is-config="true" duration-ms="36278" started-at="2020-07-24T15:43:34Z" finished-at="2020-07-24T15:44:10Z">
          <params>
            <param index="0">
              <value>
                <![CDATA[public void tests.Ana_Ekran.TC_023_Daha_Cok_Marti()]]>
              </value>
            </param>
          </params>
          <reporter-output>
          </reporter-output>
        </test-method> <!-- setUp -->
        <test-method status="PASS" signature="TC_023_Daha_Cok_Marti()[pri:23, instance:tests.Ana_Ekran@2473d930]" name="TC_023_Daha_Cok_Marti" duration-ms="24374" started-at="2020-07-24T15:44:10Z" finished-at="2020-07-24T15:44:34Z">
          <reporter-output>
          </reporter-output>
        </test-method> <!-- TC_023_Daha_Cok_Marti -->
        <test-method status="PASS" signature="tearDown(org.testng.ITestResult)[pri:0, instance:tests.Ana_Ekran@2473d930]" name="tearDown" is-config="true" duration-ms="269" started-at="2020-07-24T15:44:34Z" finished-at="2020-07-24T15:44:35Z">
          <params>
            <param index="0">
              <value>
                <![CDATA[[TestResult name=TC_023_Daha_Cok_Marti status=SUCCESS method=Ana_Ekran.TC_023_Daha_Cok_Marti()[pri:23, instance:tests.Ana_Ekran@2473d930] output={null}]]]>
              </value>
            </param>
          </params>
          <reporter-output>
          </reporter-output>
        </test-method> <!-- tearDown -->
        <test-method status="PASS" signature="setUp(java.lang.reflect.Method)[pri:0, instance:tests.Ana_Ekran@2473d930]" name="setUp" is-config="true" duration-ms="36186" started-at="2020-07-24T15:44:35Z" finished-at="2020-07-24T15:45:11Z">
          <params>
            <param index="0">
              <value>
                <![CDATA[public void tests.Ana_Ekran.TC_024_Bize_Ulasin_Kilit_Problemi_Bildirme()]]>
              </value>
            </param>
          </params>
          <reporter-output>
          </reporter-output>
        </test-method> <!-- setUp -->
        <test-method status="PASS" signature="TC_024_Bize_Ulasin_Kilit_Problemi_Bildirme()[pri:24, instance:tests.Ana_Ekran@2473d930]" name="TC_024_Bize_Ulasin_Kilit_Problemi_Bildirme" duration-ms="49002" started-at="2020-07-24T15:45:11Z" finished-at="2020-07-24T15:46:00Z">
          <reporter-output>
          </reporter-output>
        </test-method> <!-- TC_024_Bize_Ulasin_Kilit_Problemi_Bildirme -->
        <test-method status="PASS" signature="tearDown(org.testng.ITestResult)[pri:0, instance:tests.Ana_Ekran@2473d930]" name="tearDown" is-config="true" duration-ms="285" started-at="2020-07-24T15:46:00Z" finished-at="2020-07-24T15:46:00Z">
          <params>
            <param index="0">
              <value>
                <![CDATA[[TestResult name=TC_024_Bize_Ulasin_Kilit_Problemi_Bildirme status=SUCCESS method=Ana_Ekran.TC_024_Bize_Ulasin_Kilit_Problemi_Bildirme()[pri:24, instance:tests.Ana_Ekran@2473d930] output={null}]]]>
              </value>
            </param>
          </params>
          <reporter-output>
          </reporter-output>
        </test-method> <!-- tearDown -->
        <test-method status="PASS" signature="setUp(java.lang.reflect.Method)[pri:0, instance:tests.Ana_Ekran@2473d930]" name="setUp" is-config="true" duration-ms="35915" started-at="2020-07-24T15:46:00Z" finished-at="2020-07-24T15:46:36Z">
          <params>
            <param index="0">
              <value>
                <![CDATA[public void tests.Ana_Ekran.TC_025_Bize_Ulasin_Hasarli_Sorunlu_Marti_Bildirme()]]>
              </value>
            </param>
          </params>
          <reporter-output>
          </reporter-output>
        </test-method> <!-- setUp -->
        <test-method status="PASS" signature="TC_025_Bize_Ulasin_Hasarli_Sorunlu_Marti_Bildirme()[pri:25, instance:tests.Ana_Ekran@2473d930]" name="TC_025_Bize_Ulasin_Hasarli_Sorunlu_Marti_Bildirme" duration-ms="52791" started-at="2020-07-24T15:46:36Z" finished-at="2020-07-24T15:47:29Z">
          <reporter-output>
          </reporter-output>
        </test-method> <!-- TC_025_Bize_Ulasin_Hasarli_Sorunlu_Marti_Bildirme -->
        <test-method status="PASS" signature="tearDown(org.testng.ITestResult)[pri:0, instance:tests.Ana_Ekran@2473d930]" name="tearDown" is-config="true" duration-ms="295" started-at="2020-07-24T15:47:29Z" finished-at="2020-07-24T15:47:29Z">
          <params>
            <param index="0">
              <value>
                <![CDATA[[TestResult name=TC_025_Bize_Ulasin_Hasarli_Sorunlu_Marti_Bildirme status=SUCCESS method=Ana_Ekran.TC_025_Bize_Ulasin_Hasarli_Sorunlu_Marti_Bildirme()[pri:25, instance:tests.Ana_Ekran@2473d930] output={null}]]]>
              </value>
            </param>
          </params>
          <reporter-output>
          </reporter-output>
        </test-method> <!-- tearDown -->
        <test-method status="PASS" signature="setUp(java.lang.reflect.Method)[pri:0, instance:tests.Ana_Ekran@2473d930]" name="setUp" is-config="true" duration-ms="36036" started-at="2020-07-24T15:47:29Z" finished-at="2020-07-24T15:48:05Z">
          <params>
            <param index="0">
              <value>
                <![CDATA[public void tests.Ana_Ekran.TC_026_Bize_Ulasin_Yanlis_Park()]]>
              </value>
            </param>
          </params>
          <reporter-output>
          </reporter-output>
        </test-method> <!-- setUp -->
        <test-method status="PASS" signature="TC_026_Bize_Ulasin_Yanlis_Park()[pri:26, instance:tests.Ana_Ekran@2473d930]" name="TC_026_Bize_Ulasin_Yanlis_Park" duration-ms="48929" started-at="2020-07-24T15:48:05Z" finished-at="2020-07-24T15:48:54Z">
          <reporter-output>
          </reporter-output>
        </test-method> <!-- TC_026_Bize_Ulasin_Yanlis_Park -->
        <test-method status="PASS" signature="tearDown(org.testng.ITestResult)[pri:0, instance:tests.Ana_Ekran@2473d930]" name="tearDown" is-config="true" duration-ms="297" started-at="2020-07-24T15:48:54Z" finished-at="2020-07-24T15:48:54Z">
          <params>
            <param index="0">
              <value>
                <![CDATA[[TestResult name=TC_026_Bize_Ulasin_Yanlis_Park status=SUCCESS method=Ana_Ekran.TC_026_Bize_Ulasin_Yanlis_Park()[pri:26, instance:tests.Ana_Ekran@2473d930] output={null}]]]>
              </value>
            </param>
          </params>
          <reporter-output>
          </reporter-output>
        </test-method> <!-- tearDown -->
        <test-method status="PASS" signature="setUp(java.lang.reflect.Method)[pri:0, instance:tests.Ana_Ekran@2473d930]" name="setUp" is-config="true" duration-ms="36754" started-at="2020-07-24T15:48:54Z" finished-at="2020-07-24T15:49:31Z">
          <params>
            <param index="0">
              <value>
                <![CDATA[public void tests.Ana_Ekran.TC_027_Bize_Ulasin_Acil_Durum_Paylas()]]>
              </value>
            </param>
          </params>
          <reporter-output>
          </reporter-output>
        </test-method> <!-- setUp -->
        <test-method status="PASS" signature="TC_027_Bize_Ulasin_Acil_Durum_Paylas()[pri:27, instance:tests.Ana_Ekran@2473d930]" name="TC_027_Bize_Ulasin_Acil_Durum_Paylas" duration-ms="35695" started-at="2020-07-24T15:49:31Z" finished-at="2020-07-24T15:50:07Z">
          <reporter-output>
          </reporter-output>
        </test-method> <!-- TC_027_Bize_Ulasin_Acil_Durum_Paylas -->
        <test-method status="PASS" signature="tearDown(org.testng.ITestResult)[pri:0, instance:tests.Ana_Ekran@2473d930]" name="tearDown" is-config="true" duration-ms="288" started-at="2020-07-24T15:50:07Z" finished-at="2020-07-24T15:50:07Z">
          <params>
            <param index="0">
              <value>
                <![CDATA[[TestResult name=TC_027_Bize_Ulasin_Acil_Durum_Paylas status=SUCCESS method=Ana_Ekran.TC_027_Bize_Ulasin_Acil_Durum_Paylas()[pri:27, instance:tests.Ana_Ekran@2473d930] output={null}]]]>
              </value>
            </param>
          </params>
          <reporter-output>
          </reporter-output>
        </test-method> <!-- tearDown -->
        <test-method status="PASS" signature="setUp(java.lang.reflect.Method)[pri:0, instance:tests.Ana_Ekran@2473d930]" name="setUp" is-config="true" duration-ms="36455" started-at="2020-07-24T15:50:07Z" finished-at="2020-07-24T15:50:44Z">
          <params>
            <param index="0">
              <value>
                <![CDATA[public void tests.Ana_Ekran.TC_028_Bildirimleri_Kontrol_Etme()]]>
              </value>
            </param>
          </params>
          <reporter-output>
          </reporter-output>
        </test-method> <!-- setUp -->
        <test-method status="PASS" signature="TC_028_Bildirimleri_Kontrol_Etme()[pri:28, instance:tests.Ana_Ekran@2473d930]" name="TC_028_Bildirimleri_Kontrol_Etme" duration-ms="28519" started-at="2020-07-24T15:50:44Z" finished-at="2020-07-24T15:51:12Z">
          <reporter-output>
          </reporter-output>
        </test-method> <!-- TC_028_Bildirimleri_Kontrol_Etme -->
        <test-method status="PASS" signature="tearDown(org.testng.ITestResult)[pri:0, instance:tests.Ana_Ekran@2473d930]" name="tearDown" is-config="true" duration-ms="255" started-at="2020-07-24T15:51:12Z" finished-at="2020-07-24T15:51:12Z">
          <params>
            <param index="0">
              <value>
                <![CDATA[[TestResult name=TC_028_Bildirimleri_Kontrol_Etme status=SUCCESS method=Ana_Ekran.TC_028_Bildirimleri_Kontrol_Etme()[pri:28, instance:tests.Ana_Ekran@2473d930] output={null}]]]>
              </value>
            </param>
          </params>
          <reporter-output>
          </reporter-output>
        </test-method> <!-- tearDown -->
      </class> <!-- tests.Ana_Ekran -->
    </test> <!-- Web Tests -->
  </suite> <!-- Web Suite -->
</testng-results>
